{"/home/saidg/Desktop/bootcamp-38/final/bootcamp-38-greencommute/public/assets/Avatar.jpg": {"path":"/home/saidg/Desktop/bootcamp-38/final/bootcamp-38-greencommute/public/assets/Avatar.jpg","statementMap":{"0":{"start":{"line":1,"column":0},"end":{"line":1,"column":19}}},"fnMap":{},"branchMap":{},"s":{"0":2},"f":{},"b":{},"_coverageSchema":"1a1c01bbd47fc00a2c39e90264f33305004495a9","hash":"44569426cbc096a877f8bec01d04e15e3cff20a3"}
,"/home/saidg/Desktop/bootcamp-38/final/bootcamp-38-greencommute/public/assets/images/aqi.png": {"path":"/home/saidg/Desktop/bootcamp-38/final/bootcamp-38-greencommute/public/assets/images/aqi.png","statementMap":{"0":{"start":{"line":1,"column":0},"end":{"line":1,"column":19}}},"fnMap":{},"branchMap":{},"s":{"0":21},"f":{},"b":{},"_coverageSchema":"1a1c01bbd47fc00a2c39e90264f33305004495a9","hash":"feae4b008a81ffcf484f9570228f8cbd958d186d"}
,"/home/saidg/Desktop/bootcamp-38/final/bootcamp-38-greencommute/public/assets/images/avatar.png": {"path":"/home/saidg/Desktop/bootcamp-38/final/bootcamp-38-greencommute/public/assets/images/avatar.png","statementMap":{"0":{"start":{"line":1,"column":0},"end":{"line":1,"column":19}}},"fnMap":{},"branchMap":{},"s":{"0":21},"f":{},"b":{},"_coverageSchema":"1a1c01bbd47fc00a2c39e90264f33305004495a9","hash":"10d38b72c2c5a855ec4052f74d29f33982d37e21"}
,"/home/saidg/Desktop/bootcamp-38/final/bootcamp-38-greencommute/public/assets/images/bmw.png": {"path":"/home/saidg/Desktop/bootcamp-38/final/bootcamp-38-greencommute/public/assets/images/bmw.png","statementMap":{"0":{"start":{"line":1,"column":0},"end":{"line":1,"column":19}}},"fnMap":{},"branchMap":{},"s":{"0":21},"f":{},"b":{},"_coverageSchema":"1a1c01bbd47fc00a2c39e90264f33305004495a9","hash":"1441ff0819796dd427945353724b367266a4304e"}
,"/home/saidg/Desktop/bootcamp-38/final/bootcamp-38-greencommute/public/assets/images/hitech.png": {"path":"/home/saidg/Desktop/bootcamp-38/final/bootcamp-38-greencommute/public/assets/images/hitech.png","statementMap":{"0":{"start":{"line":1,"column":0},"end":{"line":1,"column":19}}},"fnMap":{},"branchMap":{},"s":{"0":21},"f":{},"b":{},"_coverageSchema":"1a1c01bbd47fc00a2c39e90264f33305004495a9","hash":"9d5938564aabca27d2d8a3347c775d0162445ec2"}
,"/home/saidg/Desktop/bootcamp-38/final/bootcamp-38-greencommute/public/assets/images/hp.png": {"path":"/home/saidg/Desktop/bootcamp-38/final/bootcamp-38-greencommute/public/assets/images/hp.png","statementMap":{"0":{"start":{"line":1,"column":0},"end":{"line":1,"column":19}}},"fnMap":{},"branchMap":{},"s":{"0":21},"f":{},"b":{},"_coverageSchema":"1a1c01bbd47fc00a2c39e90264f33305004495a9","hash":"de59387a0d1091b31edcf83d14821120aff83066"}
,"/home/saidg/Desktop/bootcamp-38/final/bootcamp-38-greencommute/public/assets/images/instagram.png": {"path":"/home/saidg/Desktop/bootcamp-38/final/bootcamp-38-greencommute/public/assets/images/instagram.png","statementMap":{"0":{"start":{"line":1,"column":0},"end":{"line":1,"column":19}}},"fnMap":{},"branchMap":{},"s":{"0":21},"f":{},"b":{},"_coverageSchema":"1a1c01bbd47fc00a2c39e90264f33305004495a9","hash":"d07fba22f8dcaa22139ed44a1e78f58551db26ce"}
,"/home/saidg/Desktop/bootcamp-38/final/bootcamp-38-greencommute/public/assets/images/jobs.png": {"path":"/home/saidg/Desktop/bootcamp-38/final/bootcamp-38-greencommute/public/assets/images/jobs.png","statementMap":{"0":{"start":{"line":1,"column":0},"end":{"line":1,"column":19}}},"fnMap":{},"branchMap":{},"s":{"0":21},"f":{},"b":{},"_coverageSchema":"1a1c01bbd47fc00a2c39e90264f33305004495a9","hash":"2648c4e41f05bd171946615db5bdc6e3e0e3f259"}
,"/home/saidg/Desktop/bootcamp-38/final/bootcamp-38-greencommute/public/assets/images/logo1.png": {"path":"/home/saidg/Desktop/bootcamp-38/final/bootcamp-38-greencommute/public/assets/images/logo1.png","statementMap":{"0":{"start":{"line":1,"column":0},"end":{"line":1,"column":19}}},"fnMap":{},"branchMap":{},"s":{"0":21},"f":{},"b":{},"_coverageSchema":"1a1c01bbd47fc00a2c39e90264f33305004495a9","hash":"9b745643066b938ebe4ed64ba1b84fc3b89830c5"}
,"/home/saidg/Desktop/bootcamp-38/final/bootcamp-38-greencommute/public/assets/images/logo2.png": {"path":"/home/saidg/Desktop/bootcamp-38/final/bootcamp-38-greencommute/public/assets/images/logo2.png","statementMap":{"0":{"start":{"line":1,"column":0},"end":{"line":1,"column":19}}},"fnMap":{},"branchMap":{},"s":{"0":21},"f":{},"b":{},"_coverageSchema":"1a1c01bbd47fc00a2c39e90264f33305004495a9","hash":"40e23596230021b9ab29362321051a95d8d89996"}
,"/home/saidg/Desktop/bootcamp-38/final/bootcamp-38-greencommute/public/assets/images/mapView.png": {"path":"/home/saidg/Desktop/bootcamp-38/final/bootcamp-38-greencommute/public/assets/images/mapView.png","statementMap":{"0":{"start":{"line":1,"column":0},"end":{"line":1,"column":19}}},"fnMap":{},"branchMap":{},"s":{"0":21},"f":{},"b":{},"_coverageSchema":"1a1c01bbd47fc00a2c39e90264f33305004495a9","hash":"05ee591bfaf200ccb6670ac4fbe69fe99b8d3461"}
,"/home/saidg/Desktop/bootcamp-38/final/bootcamp-38-greencommute/public/assets/images/myntra.png": {"path":"/home/saidg/Desktop/bootcamp-38/final/bootcamp-38-greencommute/public/assets/images/myntra.png","statementMap":{"0":{"start":{"line":1,"column":0},"end":{"line":1,"column":19}}},"fnMap":{},"branchMap":{},"s":{"0":21},"f":{},"b":{},"_coverageSchema":"1a1c01bbd47fc00a2c39e90264f33305004495a9","hash":"634e6cd664ce91f29229ad90634d50e323889bc6"}
,"/home/saidg/Desktop/bootcamp-38/final/bootcamp-38-greencommute/public/assets/images/ola.png": {"path":"/home/saidg/Desktop/bootcamp-38/final/bootcamp-38-greencommute/public/assets/images/ola.png","statementMap":{"0":{"start":{"line":1,"column":0},"end":{"line":1,"column":19}}},"fnMap":{},"branchMap":{},"s":{"0":21},"f":{},"b":{},"_coverageSchema":"1a1c01bbd47fc00a2c39e90264f33305004495a9","hash":"f8faf7c31389006328d35ac8a46399ae9c82c0ce"}
,"/home/saidg/Desktop/bootcamp-38/final/bootcamp-38-greencommute/public/assets/images/rapido.png": {"path":"/home/saidg/Desktop/bootcamp-38/final/bootcamp-38-greencommute/public/assets/images/rapido.png","statementMap":{"0":{"start":{"line":1,"column":0},"end":{"line":1,"column":19}}},"fnMap":{},"branchMap":{},"s":{"0":21},"f":{},"b":{},"_coverageSchema":"1a1c01bbd47fc00a2c39e90264f33305004495a9","hash":"4027ac3daabdc74eb5b9db862ab706acb6e2e5ff"}
,"/home/saidg/Desktop/bootcamp-38/final/bootcamp-38-greencommute/public/assets/images/stay.png": {"path":"/home/saidg/Desktop/bootcamp-38/final/bootcamp-38-greencommute/public/assets/images/stay.png","statementMap":{"0":{"start":{"line":1,"column":0},"end":{"line":1,"column":19}}},"fnMap":{},"branchMap":{},"s":{"0":21},"f":{},"b":{},"_coverageSchema":"1a1c01bbd47fc00a2c39e90264f33305004495a9","hash":"de354d248deb613d22fd99ecaae147c04e817498"}
,"/home/saidg/Desktop/bootcamp-38/final/bootcamp-38-greencommute/public/assets/images/success.png": {"path":"/home/saidg/Desktop/bootcamp-38/final/bootcamp-38-greencommute/public/assets/images/success.png","statementMap":{"0":{"start":{"line":1,"column":0},"end":{"line":1,"column":19}}},"fnMap":{},"branchMap":{},"s":{"0":5},"f":{},"b":{},"_coverageSchema":"1a1c01bbd47fc00a2c39e90264f33305004495a9","hash":"a8e55b1250f6e1855df009030f9901c11a0ef2f3"}
,"/home/saidg/Desktop/bootcamp-38/final/bootcamp-38-greencommute/public/assets/images/twitter.png": {"path":"/home/saidg/Desktop/bootcamp-38/final/bootcamp-38-greencommute/public/assets/images/twitter.png","statementMap":{"0":{"start":{"line":1,"column":0},"end":{"line":1,"column":19}}},"fnMap":{},"branchMap":{},"s":{"0":21},"f":{},"b":{},"_coverageSchema":"1a1c01bbd47fc00a2c39e90264f33305004495a9","hash":"1a5b5f1f8e91b12645a497caa1111dade803eee2"}
,"/home/saidg/Desktop/bootcamp-38/final/bootcamp-38-greencommute/public/assets/images/uber.png": {"path":"/home/saidg/Desktop/bootcamp-38/final/bootcamp-38-greencommute/public/assets/images/uber.png","statementMap":{"0":{"start":{"line":1,"column":0},"end":{"line":1,"column":19}}},"fnMap":{},"branchMap":{},"s":{"0":21},"f":{},"b":{},"_coverageSchema":"1a1c01bbd47fc00a2c39e90264f33305004495a9","hash":"4b68de4a66312c879fc83a9006853ef37ca68cbd"}
,"/home/saidg/Desktop/bootcamp-38/final/bootcamp-38-greencommute/public/assets/images/vector.png": {"path":"/home/saidg/Desktop/bootcamp-38/final/bootcamp-38-greencommute/public/assets/images/vector.png","statementMap":{"0":{"start":{"line":1,"column":0},"end":{"line":1,"column":19}}},"fnMap":{},"branchMap":{},"s":{"0":4},"f":{},"b":{},"_coverageSchema":"1a1c01bbd47fc00a2c39e90264f33305004495a9","hash":"5a7af14fa2f40b8d376234a5dc8db02b727cde6e"}
,"/home/saidg/Desktop/bootcamp-38/final/bootcamp-38-greencommute/public/assets/images/wipro.png": {"path":"/home/saidg/Desktop/bootcamp-38/final/bootcamp-38-greencommute/public/assets/images/wipro.png","statementMap":{"0":{"start":{"line":1,"column":0},"end":{"line":1,"column":19}}},"fnMap":{},"branchMap":{},"s":{"0":21},"f":{},"b":{},"_coverageSchema":"1a1c01bbd47fc00a2c39e90264f33305004495a9","hash":"47ae9fac3a5cd16f5e98949943da051bc0a42620"}
,"/home/saidg/Desktop/bootcamp-38/final/bootcamp-38-greencommute/public/assets/images/work.png": {"path":"/home/saidg/Desktop/bootcamp-38/final/bootcamp-38-greencommute/public/assets/images/work.png","statementMap":{"0":{"start":{"line":1,"column":0},"end":{"line":1,"column":19}}},"fnMap":{},"branchMap":{},"s":{"0":21},"f":{},"b":{},"_coverageSchema":"1a1c01bbd47fc00a2c39e90264f33305004495a9","hash":"51f91e1d30292c0eb81cc0e64c7ac762437565ac"}
,"/home/saidg/Desktop/bootcamp-38/final/bootcamp-38-greencommute/src/components/atoms/Avatar/index.tsx": {"path":"/home/saidg/Desktop/bootcamp-38/final/bootcamp-38-greencommute/src/components/atoms/Avatar/index.tsx","statementMap":{"0":{"start":{"line":1,"column":0},"end":{"line":1,"column":38}},"1":{"start":{"line":2,"column":0},"end":{"line":2,"column":25}},"2":{"start":{"line":3,"column":0},"end":{"line":3,"column":57}},"3":{"start":{"line":5,"column":19},"end":{"line":11,"column":1}},"4":{"start":{"line":6,"column":4},"end":{"line":10,"column":null}},"5":{"start":{"line":13,"column":0},"end":{"line":13,"column":null}}},"fnMap":{"0":{"name":"(anonymous_1)","decl":{"start":{"line":5,"column":19},"end":{"line":5,"column":22}},"loc":{"start":{"line":5,"column":24},"end":{"line":11,"column":1}}}},"branchMap":{},"s":{"0":2,"1":2,"2":2,"3":2,"4":3,"5":2},"f":{"0":3},"b":{}}
,"/home/saidg/Desktop/bootcamp-38/final/bootcamp-38-greencommute/src/components/atoms/CheckBox/index.tsx": {"path":"/home/saidg/Desktop/bootcamp-38/final/bootcamp-38-greencommute/src/components/atoms/CheckBox/index.tsx","statementMap":{"0":{"start":{"line":1,"column":0},"end":{"line":1,"column":40}},"1":{"start":{"line":2,"column":0},"end":{"line":2,"column":45}},"2":{"start":{"line":8,"column":27},"end":{"line":32,"column":1}},"3":{"start":{"line":9,"column":34},"end":{"line":9,"column":64}},"4":{"start":{"line":11,"column":4},"end":{"line":13,"column":null}},"5":{"start":{"line":12,"column":8},"end":{"line":12,"column":null}},"6":{"start":{"line":15,"column":25},"end":{"line":17,"column":5}},"7":{"start":{"line":16,"column":8},"end":{"line":16,"column":null}},"8":{"start":{"line":19,"column":4},"end":{"line":31,"column":null}},"9":{"start":{"line":34,"column":0},"end":{"line":34,"column":null}}},"fnMap":{"0":{"name":"(anonymous_7)","decl":{"start":{"line":8,"column":27},"end":{"line":8,"column":28}},"loc":{"start":{"line":8,"column":57},"end":{"line":32,"column":1}}},"1":{"name":"(anonymous_8)","decl":{"start":{"line":11,"column":14},"end":{"line":11,"column":17}},"loc":{"start":{"line":11,"column":19},"end":{"line":13,"column":5}}},"2":{"name":"(anonymous_9)","decl":{"start":{"line":15,"column":25},"end":{"line":15,"column":26}},"loc":{"start":{"line":15,"column":72},"end":{"line":17,"column":5}}}},"branchMap":{},"s":{"0":1,"1":1,"2":1,"3":1,"4":1,"5":1,"6":1,"7":0,"8":1,"9":1},"f":{"0":1,"1":1,"2":0},"b":{}}
,"/home/saidg/Desktop/bootcamp-38/final/bootcamp-38-greencommute/src/components/atoms/CurrentIcon/index.tsx": {"path":"/home/saidg/Desktop/bootcamp-38/final/bootcamp-38-greencommute/src/components/atoms/CurrentIcon/index.tsx","statementMap":{"0":{"start":{"line":1,"column":0},"end":{"line":1,"column":26}},"1":{"start":{"line":2,"column":0},"end":{"line":2,"column":41}},"2":{"start":{"line":3,"column":0},"end":{"line":3,"column":47}},"3":{"start":{"line":5,"column":15},"end":{"line":23,"column":2}},"4":{"start":{"line":25,"column":23},"end":{"line":32,"column":1}},"5":{"start":{"line":26,"column":18},"end":{"line":26,"column":26}},"6":{"start":{"line":27,"column":2},"end":{"line":31,"column":4}},"7":{"start":{"line":25,"column":13},"end":{"line":25,"column":23}}},"fnMap":{"0":{"name":"(anonymous_1)","decl":{"start":{"line":25,"column":23},"end":{"line":25,"column":26}},"loc":{"start":{"line":25,"column":28},"end":{"line":32,"column":1}}}},"branchMap":{},"s":{"0":5,"1":5,"2":5,"3":5,"4":5,"5":11,"6":11,"7":5},"f":{"0":11},"b":{}}
,"/home/saidg/Desktop/bootcamp-38/final/bootcamp-38-greencommute/src/components/atoms/Icon/index.tsx": {"path":"/home/saidg/Desktop/bootcamp-38/final/bootcamp-38-greencommute/src/components/atoms/Icon/index.tsx","statementMap":{"0":{"start":{"line":1,"column":0},"end":{"line":1,"column":55}},"1":{"start":{"line":2,"column":0},"end":{"line":2,"column":25}},"2":{"start":{"line":3,"column":0},"end":{"line":3,"column":52}},"3":{"start":{"line":13,"column":13},"end":{"line":27,"column":1}},"4":{"start":{"line":13,"column":32},"end":{"line":13,"column":37}},"5":{"start":{"line":13,"column":42},"end":{"line":13,"column":55}},"6":{"start":{"line":14,"column":4},"end":{"line":26,"column":null}},"7":{"start":{"line":29,"column":0},"end":{"line":29,"column":null}}},"fnMap":{"0":{"name":"(anonymous_2)","decl":{"start":{"line":13,"column":13},"end":{"line":13,"column":14}},"loc":{"start":{"line":13,"column":59},"end":{"line":27,"column":1}}}},"branchMap":{},"s":{"0":13,"1":13,"2":13,"3":13,"4":221,"5":221,"6":221,"7":13},"f":{"0":221},"b":{}}
,"/home/saidg/Desktop/bootcamp-38/final/bootcamp-38-greencommute/src/components/atoms/Image/index.tsx": {"path":"/home/saidg/Desktop/bootcamp-38/final/bootcamp-38-greencommute/src/components/atoms/Image/index.tsx","statementMap":{"0":{"start":{"line":1,"column":0},"end":{"line":1,"column":52}},"1":{"start":{"line":2,"column":0},"end":{"line":2,"column":26}},"2":{"start":{"line":3,"column":0},"end":{"line":3,"column":50}},"3":{"start":{"line":13,"column":12},"end":{"line":22,"column":1}},"4":{"start":{"line":14,"column":4},"end":{"line":19,"column":null}},"5":{"start":{"line":24,"column":0},"end":{"line":24,"column":19}}},"fnMap":{"0":{"name":"(anonymous_1)","decl":{"start":{"line":13,"column":12},"end":{"line":13,"column":13}},"loc":{"start":{"line":13,"column":35},"end":{"line":22,"column":1}}}},"branchMap":{},"s":{"0":12,"1":12,"2":12,"3":12,"4":42,"5":12},"f":{"0":42},"b":{}}
,"/home/saidg/Desktop/bootcamp-38/final/bootcamp-38-greencommute/src/components/atoms/RadioButtons/index.tsx": {"path":"/home/saidg/Desktop/bootcamp-38/final/bootcamp-38-greencommute/src/components/atoms/RadioButtons/index.tsx","statementMap":{"0":{"start":{"line":1,"column":0},"end":{"line":1,"column":30}},"1":{"start":{"line":2,"column":0},"end":{"line":2,"column":39}},"2":{"start":{"line":8,"column":21},"end":{"line":31,"column":1}},"3":{"start":{"line":9,"column":46},"end":{"line":9,"column":76}},"4":{"start":{"line":11,"column":25},"end":{"line":13,"column":5}},"5":{"start":{"line":12,"column":7},"end":{"line":12,"column":40}},"6":{"start":{"line":15,"column":4},"end":{"line":30,"column":null}},"7":{"start":{"line":33,"column":0},"end":{"line":33,"column":null}}},"fnMap":{"0":{"name":"(anonymous_7)","decl":{"start":{"line":8,"column":21},"end":{"line":8,"column":22}},"loc":{"start":{"line":8,"column":42},"end":{"line":31,"column":1}}},"1":{"name":"(anonymous_8)","decl":{"start":{"line":11,"column":25},"end":{"line":11,"column":28}},"loc":{"start":{"line":11,"column":30},"end":{"line":13,"column":5}}}},"branchMap":{},"s":{"0":1,"1":1,"2":1,"3":2,"4":2,"5":1,"6":2,"7":1},"f":{"0":2,"1":1},"b":{}}
,"/home/saidg/Desktop/bootcamp-38/final/bootcamp-38-greencommute/src/components/molecules/AQIIndicator/index.tsx": {"path":"/home/saidg/Desktop/bootcamp-38/final/bootcamp-38-greencommute/src/components/molecules/AQIIndicator/index.tsx","statementMap":{"0":{"start":{"line":1,"column":0},"end":{"line":1,"column":42}},"1":{"start":{"line":2,"column":0},"end":{"line":2,"column":35}},"2":{"start":{"line":3,"column":0},"end":{"line":3,"column":50}},"3":{"start":{"line":4,"column":0},"end":{"line":4,"column":40}},"4":{"start":{"line":5,"column":0},"end":{"line":5,"column":35}},"5":{"start":{"line":7,"column":18},"end":{"line":20,"column":2}},"6":{"start":{"line":27,"column":21},"end":{"line":60,"column":1}},"7":{"start":{"line":28,"column":20},"end":{"line":28,"column":31}},"8":{"start":{"line":29,"column":30},"end":{"line":29,"column":48}},"9":{"start":{"line":30,"column":32},"end":{"line":30,"column":50}},"10":{"start":{"line":31,"column":4},"end":{"line":39,"column":null}},"11":{"start":{"line":32,"column":8},"end":{"line":38,"column":null}},"12":{"start":{"line":33,"column":12},"end":{"line":33,"column":null}},"13":{"start":{"line":34,"column":12},"end":{"line":34,"column":null}},"14":{"start":{"line":36,"column":12},"end":{"line":36,"column":null}},"15":{"start":{"line":37,"column":12},"end":{"line":37,"column":null}},"16":{"start":{"line":40,"column":4},"end":{"line":59,"column":null}},"17":{"start":{"line":62,"column":0},"end":{"line":62,"column":null}}},"fnMap":{"0":{"name":"(anonymous_7)","decl":{"start":{"line":27,"column":21},"end":{"line":27,"column":22}},"loc":{"start":{"line":27,"column":48},"end":{"line":60,"column":1}}},"1":{"name":"(anonymous_8)","decl":{"start":{"line":31,"column":14},"end":{"line":31,"column":17}},"loc":{"start":{"line":31,"column":19},"end":{"line":39,"column":5}}}},"branchMap":{"0":{"loc":{"start":{"line":32,"column":8},"end":{"line":38,"column":null}},"type":"if","locations":[{"start":{"line":32,"column":8},"end":{"line":38,"column":null}},{"start":{"line":35,"column":15},"end":{"line":38,"column":null}}]}},"s":{"0":2,"1":2,"2":2,"3":2,"4":2,"5":2,"6":2,"7":12,"8":12,"9":12,"10":12,"11":6,"12":3,"13":3,"14":3,"15":3,"16":12,"17":2},"f":{"0":12,"1":6},"b":{"0":[3,3]}}
,"/home/saidg/Desktop/bootcamp-38/final/bootcamp-38-greencommute/src/components/molecules/Button/index.tsx": {"path":"/home/saidg/Desktop/bootcamp-38/final/bootcamp-38-greencommute/src/components/molecules/Button/index.tsx","statementMap":{"0":{"start":{"line":1,"column":0},"end":{"line":1,"column":25}},"1":{"start":{"line":2,"column":0},"end":{"line":2,"column":50}},"2":{"start":{"line":16,"column":23},"end":{"line":48,"column":1}},"3":{"start":{"line":25,"column":4},"end":{"line":47,"column":null}},"4":{"start":{"line":16,"column":13},"end":{"line":16,"column":23}}},"fnMap":{"0":{"name":"(anonymous_1)","decl":{"start":{"line":16,"column":23},"end":{"line":16,"column":24}},"loc":{"start":{"line":24,"column":18},"end":{"line":48,"column":1}}}},"branchMap":{"0":{"loc":{"start":{"line":38,"column":24},"end":{"line":40,"column":45}},"type":"cond-expr","locations":[{"start":{"line":39,"column":30},"end":{"line":39,"column":47}},{"start":{"line":40,"column":30},"end":{"line":40,"column":45}}]}},"s":{"0":10,"1":10,"2":10,"3":46,"4":10},"f":{"0":46},"b":{"0":[18,28]}}
,"/home/saidg/Desktop/bootcamp-38/final/bootcamp-38-greencommute/src/components/molecules/CabDetail/index.tsx": {"path":"/home/saidg/Desktop/bootcamp-38/final/bootcamp-38-greencommute/src/components/molecules/CabDetail/index.tsx","statementMap":{"0":{"start":{"line":1,"column":0},"end":{"line":1,"column":42}},"1":{"start":{"line":2,"column":0},"end":{"line":2,"column":35}},"2":{"start":{"line":3,"column":0},"end":{"line":3,"column":25}},"3":{"start":{"line":4,"column":0},"end":{"line":4,"column":53}},"4":{"start":{"line":6,"column":0},"end":{"line":6,"column":35}},"5":{"start":{"line":7,"column":0},"end":{"line":7,"column":35}},"6":{"start":{"line":15,"column":18},"end":{"line":89,"column":1}},"7":{"start":{"line":16,"column":4},"end":{"line":88,"column":null}},"8":{"start":{"line":91,"column":0},"end":{"line":91,"column":null}}},"fnMap":{"0":{"name":"(anonymous_1)","decl":{"start":{"line":15,"column":18},"end":{"line":15,"column":19}},"loc":{"start":{"line":15,"column":53},"end":{"line":89,"column":1}}}},"branchMap":{},"s":{"0":5,"1":5,"2":5,"3":5,"4":5,"5":5,"6":5,"7":7,"8":5},"f":{"0":7},"b":{}}
,"/home/saidg/Desktop/bootcamp-38/final/bootcamp-38-greencommute/src/components/molecules/Chips/index.tsx": {"path":"/home/saidg/Desktop/bootcamp-38/final/bootcamp-38-greencommute/src/components/molecules/Chips/index.tsx","statementMap":{"0":{"start":{"line":1,"column":0},"end":{"line":1,"column":48}},"1":{"start":{"line":2,"column":0},"end":{"line":2,"column":25}},"2":{"start":{"line":3,"column":0},"end":{"line":3,"column":49}},"3":{"start":{"line":13,"column":21},"end":{"line":28,"column":1}},"4":{"start":{"line":14,"column":4},"end":{"line":27,"column":null}},"5":{"start":{"line":13,"column":13},"end":{"line":13,"column":21}}},"fnMap":{"0":{"name":"(anonymous_1)","decl":{"start":{"line":13,"column":21},"end":{"line":13,"column":22}},"loc":{"start":{"line":13,"column":72},"end":{"line":28,"column":1}}}},"branchMap":{},"s":{"0":6,"1":6,"2":6,"3":6,"4":5,"5":6},"f":{"0":5},"b":{}}
,"/home/saidg/Desktop/bootcamp-38/final/bootcamp-38-greencommute/src/components/molecules/CommonRoutes/index.tsx": {"path":"/home/saidg/Desktop/bootcamp-38/final/bootcamp-38-greencommute/src/components/molecules/CommonRoutes/index.tsx","statementMap":{"0":{"start":{"line":1,"column":0},"end":{"line":1,"column":30}},"1":{"start":{"line":2,"column":0},"end":{"line":2,"column":42}},"2":{"start":{"line":3,"column":0},"end":{"line":3,"column":40}},"3":{"start":{"line":4,"column":0},"end":{"line":4,"column":49}},"4":{"start":{"line":5,"column":0},"end":{"line":5,"column":59}},"5":{"start":{"line":6,"column":0},"end":{"line":6,"column":33}},"6":{"start":{"line":7,"column":0},"end":{"line":7,"column":35}},"7":{"start":{"line":8,"column":0},"end":{"line":8,"column":46}},"8":{"start":{"line":10,"column":15},"end":{"line":16,"column":2}},"9":{"start":{"line":24,"column":28},"end":{"line":126,"column":1}},"10":{"start":{"line":25,"column":20},"end":{"line":25,"column":28}},"11":{"start":{"line":26,"column":4},"end":{"line":125,"column":null}},"12":{"start":{"line":24,"column":13},"end":{"line":24,"column":28}}},"fnMap":{"0":{"name":"(anonymous_7)","decl":{"start":{"line":24,"column":28},"end":{"line":24,"column":29}},"loc":{"start":{"line":24,"column":73},"end":{"line":126,"column":1}}}},"branchMap":{},"s":{"0":5,"1":5,"2":5,"3":5,"4":5,"5":5,"6":5,"7":5,"8":5,"9":5,"10":11,"11":11,"12":5},"f":{"0":11},"b":{}}
,"/home/saidg/Desktop/bootcamp-38/final/bootcamp-38-greencommute/src/components/molecules/DisplayChips/index.tsx": {"path":"/home/saidg/Desktop/bootcamp-38/final/bootcamp-38-greencommute/src/components/molecules/DisplayChips/index.tsx","statementMap":{"0":{"start":{"line":1,"column":0},"end":{"line":1,"column":30}},"1":{"start":{"line":2,"column":0},"end":{"line":2,"column":35}},"2":{"start":{"line":3,"column":0},"end":{"line":3,"column":48}},"3":{"start":{"line":4,"column":0},"end":{"line":4,"column":45}},"4":{"start":{"line":5,"column":0},"end":{"line":5,"column":46}},"5":{"start":{"line":6,"column":0},"end":{"line":6,"column":56}},"6":{"start":{"line":16,"column":21},"end":{"line":76,"column":1}},"7":{"start":{"line":23,"column":4},"end":{"line":75,"column":null}},"8":{"start":{"line":27,"column":20},"end":{"line":55,"column":null}},"9":{"start":{"line":41,"column":47},"end":{"line":41,"column":49}},"10":{"start":{"line":42,"column":46},"end":{"line":42,"column":48}},"11":{"start":{"line":43,"column":28},"end":{"line":47,"column":null}},"12":{"start":{"line":44,"column":32},"end":{"line":46,"column":null}},"13":{"start":{"line":45,"column":36},"end":{"line":45,"column":null}},"14":{"start":{"line":48,"column":28},"end":{"line":52,"column":null}},"15":{"start":{"line":49,"column":32},"end":{"line":51,"column":null}},"16":{"start":{"line":50,"column":36},"end":{"line":50,"column":null}},"17":{"start":{"line":53,"column":28},"end":{"line":53,"column":null}},"18":{"start":{"line":54,"column":28},"end":{"line":54,"column":null}},"19":{"start":{"line":66,"column":24},"end":{"line":66,"column":null}},"20":{"start":{"line":67,"column":24},"end":{"line":67,"column":null}},"21":{"start":{"line":68,"column":24},"end":{"line":68,"column":null}},"22":{"start":{"line":68,"column":55},"end":{"line":68,"column":60}},"23":{"start":{"line":78,"column":0},"end":{"line":78,"column":null}}},"fnMap":{"0":{"name":"(anonymous_7)","decl":{"start":{"line":16,"column":21},"end":{"line":16,"column":22}},"loc":{"start":{"line":22,"column":24},"end":{"line":76,"column":1}}},"1":{"name":"(anonymous_8)","decl":{"start":{"line":26,"column":25},"end":{"line":26,"column":26}},"loc":{"start":{"line":27,"column":20},"end":{"line":55,"column":null}}},"2":{"name":"(anonymous_9)","decl":{"start":{"line":40,"column":34},"end":{"line":40,"column":37}},"loc":{"start":{"line":40,"column":39},"end":{"line":55,"column":25}}},"3":{"name":"(anonymous_10)","decl":{"start":{"line":65,"column":29},"end":{"line":65,"column":32}},"loc":{"start":{"line":65,"column":34},"end":{"line":69,"column":21}}},"4":{"name":"(anonymous_11)","decl":{"start":{"line":68,"column":36},"end":{"line":68,"column":37}},"loc":{"start":{"line":68,"column":55},"end":{"line":68,"column":60}}}},"branchMap":{"0":{"loc":{"start":{"line":25,"column":13},"end":{"line":57,"column":18}},"type":"binary-expr","locations":[{"start":{"line":25,"column":13},"end":{"line":25,"column":17}},{"start":{"line":26,"column":16},"end":{"line":57,"column":18}}]},"1":{"loc":{"start":{"line":44,"column":32},"end":{"line":46,"column":null}},"type":"if","locations":[{"start":{"line":44,"column":32},"end":{"line":46,"column":null}}]},"2":{"loc":{"start":{"line":49,"column":32},"end":{"line":51,"column":null}},"type":"if","locations":[{"start":{"line":49,"column":32},"end":{"line":51,"column":null}}]},"3":{"loc":{"start":{"line":58,"column":13},"end":{"line":72,"column":null}},"type":"binary-expr","locations":[{"start":{"line":58,"column":13},"end":{"line":58,"column":29}},{"start":{"line":59,"column":16},"end":{"line":71,"column":null}}]}},"s":{"0":3,"1":3,"2":3,"3":3,"4":3,"5":3,"6":3,"7":8,"8":2,"9":1,"10":1,"11":1,"12":1,"13":0,"14":1,"15":1,"16":1,"17":1,"18":1,"19":1,"20":1,"21":1,"22":0,"23":3},"f":{"0":8,"1":2,"2":1,"3":1,"4":0},"b":{"0":[8,8],"1":[0],"2":[1],"3":[8,2]}}
,"/home/saidg/Desktop/bootcamp-38/final/bootcamp-38-greencommute/src/components/molecules/FileUploader/index.tsx": {"path":"/home/saidg/Desktop/bootcamp-38/final/bootcamp-38-greencommute/src/components/molecules/FileUploader/index.tsx","statementMap":{"0":{"start":{"line":1,"column":0},"end":{"line":1,"column":62}},"1":{"start":{"line":2,"column":0},"end":{"line":2,"column":39}},"2":{"start":{"line":3,"column":0},"end":{"line":3,"column":35}},"3":{"start":{"line":4,"column":0},"end":{"line":4,"column":null}},"4":{"start":{"line":11,"column":0},"end":{"line":11,"column":66}},"5":{"start":{"line":12,"column":0},"end":{"line":12,"column":61}},"6":{"start":{"line":14,"column":14},"end":{"line":23,"column":null}},"7":{"start":{"line":29,"column":24},"end":{"line":148,"column":1}},"8":{"start":{"line":30,"column":4},"end":{"line":30,"column":null}},"9":{"start":{"line":31,"column":37},"end":{"line":31,"column":61}},"10":{"start":{"line":33,"column":28},"end":{"line":33,"column":64}},"11":{"start":{"line":34,"column":24},"end":{"line":36,"column":5}},"12":{"start":{"line":35,"column":8},"end":{"line":35,"column":null}},"13":{"start":{"line":38,"column":25},"end":{"line":42,"column":5}},"14":{"start":{"line":39,"column":29},"end":{"line":39,"column":50}},"15":{"start":{"line":40,"column":8},"end":{"line":40,"column":null}},"16":{"start":{"line":44,"column":4},"end":{"line":147,"column":null}},"17":{"start":{"line":65,"column":28},"end":{"line":65,"column":null}},"18":{"start":{"line":75,"column":28},"end":{"line":75,"column":null}},"19":{"start":{"line":133,"column":28},"end":{"line":133,"column":null}},"20":{"start":{"line":134,"column":28},"end":{"line":137,"column":null}},"21":{"start":{"line":136,"column":32},"end":{"line":136,"column":null}},"22":{"start":{"line":150,"column":0},"end":{"line":150,"column":null}}},"fnMap":{"0":{"name":"(anonymous_7)","decl":{"start":{"line":29,"column":24},"end":{"line":29,"column":25}},"loc":{"start":{"line":29,"column":75},"end":{"line":148,"column":1}}},"1":{"name":"(anonymous_8)","decl":{"start":{"line":34,"column":24},"end":{"line":34,"column":27}},"loc":{"start":{"line":34,"column":29},"end":{"line":36,"column":5}}},"2":{"name":"(anonymous_9)","decl":{"start":{"line":38,"column":25},"end":{"line":38,"column":26}},"loc":{"start":{"line":38,"column":40},"end":{"line":42,"column":5}}},"3":{"name":"(anonymous_10)","decl":{"start":{"line":64,"column":33},"end":{"line":64,"column":36}},"loc":{"start":{"line":64,"column":38},"end":{"line":66,"column":25}}},"4":{"name":"(anonymous_11)","decl":{"start":{"line":74,"column":33},"end":{"line":74,"column":36}},"loc":{"start":{"line":74,"column":38},"end":{"line":76,"column":25}}},"5":{"name":"(anonymous_12)","decl":{"start":{"line":132,"column":33},"end":{"line":132,"column":36}},"loc":{"start":{"line":132,"column":38},"end":{"line":138,"column":25}}},"6":{"name":"(anonymous_13)","decl":{"start":{"line":134,"column":39},"end":{"line":134,"column":40}},"loc":{"start":{"line":134,"column":48},"end":{"line":137,"column":29}}}},"branchMap":{"0":{"loc":{"start":{"line":30,"column":4},"end":{"line":30,"column":25}},"type":"binary-expr","locations":[{"start":{"line":30,"column":4},"end":{"line":30,"column":8}},{"start":{"line":30,"column":12},"end":{"line":30,"column":25}}]},"1":{"loc":{"start":{"line":35,"column":8},"end":{"line":35,"column":66}},"type":"binary-expr","locations":[{"start":{"line":35,"column":8},"end":{"line":35,"column":31}},{"start":{"line":35,"column":35},"end":{"line":35,"column":66}}]},"2":{"loc":{"start":{"line":46,"column":13},"end":{"line":79,"column":null}},"type":"cond-expr","locations":[{"start":{"line":47,"column":16},"end":{"line":68,"column":null}},{"start":{"line":71,"column":16},"end":{"line":78,"column":null}}]},"3":{"loc":{"start":{"line":81,"column":13},"end":{"line":144,"column":null}},"type":"cond-expr","locations":[{"start":{"line":82,"column":16},"end":{"line":107,"column":null}},{"start":{"line":110,"column":16},"end":{"line":143,"column":null}}]},"4":{"loc":{"start":{"line":136,"column":39},"end":{"line":136,"column":57}},"type":"cond-expr","locations":[{"start":{"line":136,"column":46},"end":{"line":136,"column":50}},{"start":{"line":136,"column":53},"end":{"line":136,"column":57}}]}},"s":{"0":5,"1":5,"2":5,"3":5,"4":5,"5":5,"6":5,"7":5,"8":5,"9":5,"10":5,"11":5,"12":1,"13":5,"14":1,"15":1,"16":5,"17":1,"18":1,"19":1,"20":1,"21":0,"22":5},"f":{"0":5,"1":1,"2":1,"3":1,"4":1,"5":1,"6":0},"b":{"0":[5,3],"1":[1,1],"2":[4,1],"3":[4,1],"4":[0,0]}}
,"/home/saidg/Desktop/bootcamp-38/final/bootcamp-38-greencommute/src/components/molecules/InputField/index.tsx": {"path":"/home/saidg/Desktop/bootcamp-38/final/bootcamp-38-greencommute/src/components/molecules/InputField/index.tsx","statementMap":{"0":{"start":{"line":1,"column":0},"end":{"line":1,"column":41}},"1":{"start":{"line":2,"column":0},"end":{"line":2,"column":25}},"2":{"start":{"line":10,"column":26},"end":{"line":12,"column":1}},"3":{"start":{"line":11,"column":4},"end":{"line":11,"column":null}},"4":{"start":{"line":10,"column":13},"end":{"line":10,"column":26}}},"fnMap":{"0":{"name":"(anonymous_1)","decl":{"start":{"line":10,"column":26},"end":{"line":10,"column":27}},"loc":{"start":{"line":10,"column":68},"end":{"line":12,"column":1}}}},"branchMap":{},"s":{"0":1,"1":1,"2":1,"3":1,"4":1},"f":{"0":1},"b":{}}
,"/home/saidg/Desktop/bootcamp-38/final/bootcamp-38-greencommute/src/components/molecules/LocationBar/index.tsx": {"path":"/home/saidg/Desktop/bootcamp-38/final/bootcamp-38-greencommute/src/components/molecules/LocationBar/index.tsx","statementMap":{"0":{"start":{"line":1,"column":0},"end":{"line":1,"column":35}},"1":{"start":{"line":2,"column":0},"end":{"line":2,"column":49}},"2":{"start":{"line":3,"column":0},"end":{"line":3,"column":25}},"3":{"start":{"line":4,"column":0},"end":{"line":4,"column":35}},"4":{"start":{"line":10,"column":20},"end":{"line":39,"column":1}},"5":{"start":{"line":11,"column":4},"end":{"line":38,"column":null}},"6":{"start":{"line":41,"column":0},"end":{"line":41,"column":null}}},"fnMap":{"0":{"name":"(anonymous_1)","decl":{"start":{"line":10,"column":20},"end":{"line":10,"column":21}},"loc":{"start":{"line":10,"column":52},"end":{"line":39,"column":1}}}},"branchMap":{},"s":{"0":2,"1":2,"2":2,"3":2,"4":2,"5":3,"6":2},"f":{"0":3},"b":{}}
,"/home/saidg/Desktop/bootcamp-38/final/bootcamp-38-greencommute/src/components/molecules/Popup/index.tsx": {"path":"/home/saidg/Desktop/bootcamp-38/final/bootcamp-38-greencommute/src/components/molecules/Popup/index.tsx","statementMap":{"0":{"start":{"line":1,"column":0},"end":{"line":1,"column":30}},"1":{"start":{"line":2,"column":0},"end":{"line":2,"column":39}},"2":{"start":{"line":4,"column":0},"end":{"line":4,"column":36}},"3":{"start":{"line":5,"column":0},"end":{"line":5,"column":35}},"4":{"start":{"line":6,"column":0},"end":{"line":6,"column":52}},"5":{"start":{"line":7,"column":0},"end":{"line":7,"column":42}},"6":{"start":{"line":9,"column":14},"end":{"line":20,"column":null}},"7":{"start":{"line":26,"column":14},"end":{"line":60,"column":1}},"8":{"start":{"line":27,"column":28},"end":{"line":27,"column":49}},"9":{"start":{"line":28,"column":46},"end":{"line":28,"column":69}},"10":{"start":{"line":29,"column":23},"end":{"line":29,"column":42}},"11":{"start":{"line":29,"column":29},"end":{"line":29,"column":42}},"12":{"start":{"line":30,"column":24},"end":{"line":30,"column":44}},"13":{"start":{"line":30,"column":30},"end":{"line":30,"column":44}},"14":{"start":{"line":32,"column":4},"end":{"line":59,"column":null}},"15":{"start":{"line":62,"column":0},"end":{"line":62,"column":null}}},"fnMap":{"0":{"name":"(anonymous_7)","decl":{"start":{"line":26,"column":14},"end":{"line":26,"column":15}},"loc":{"start":{"line":26,"column":54},"end":{"line":60,"column":1}}},"1":{"name":"(anonymous_8)","decl":{"start":{"line":29,"column":23},"end":{"line":29,"column":26}},"loc":{"start":{"line":29,"column":29},"end":{"line":29,"column":42}}},"2":{"name":"(anonymous_9)","decl":{"start":{"line":30,"column":24},"end":{"line":30,"column":27}},"loc":{"start":{"line":30,"column":30},"end":{"line":30,"column":44}}}},"branchMap":{"0":{"loc":{"start":{"line":41,"column":26},"end":{"line":41,"column":48}},"type":"cond-expr","locations":[{"start":{"line":41,"column":36},"end":{"line":41,"column":40}},{"start":{"line":41,"column":43},"end":{"line":41,"column":48}}]}},"s":{"0":4,"1":4,"2":4,"3":4,"4":4,"5":4,"6":4,"7":4,"8":8,"9":8,"10":8,"11":1,"12":8,"13":0,"14":8,"15":4},"f":{"0":8,"1":1,"2":0},"b":{"0":[0,8]}}
,"/home/saidg/Desktop/bootcamp-38/final/bootcamp-38-greencommute/src/components/molecules/Stepper/index.tsx": {"path":"/home/saidg/Desktop/bootcamp-38/final/bootcamp-38-greencommute/src/components/molecules/Stepper/index.tsx","statementMap":{"0":{"start":{"line":1,"column":0},"end":{"line":1,"column":30}},"1":{"start":{"line":2,"column":0},"end":{"line":2,"column":35}},"2":{"start":{"line":3,"column":0},"end":{"line":3,"column":43}},"3":{"start":{"line":4,"column":0},"end":{"line":4,"column":37}},"4":{"start":{"line":5,"column":0},"end":{"line":5,"column":47}},"5":{"start":{"line":6,"column":0},"end":{"line":6,"column":41}},"6":{"start":{"line":7,"column":0},"end":{"line":7,"column":42}},"7":{"start":{"line":8,"column":0},"end":{"line":8,"column":64}},"8":{"start":{"line":10,"column":14},"end":{"line":10,"column":19}},"9":{"start":{"line":16,"column":24},"end":{"line":96,"column":1}},"10":{"start":{"line":17,"column":40},"end":{"line":17,"column":60}},"11":{"start":{"line":19,"column":23},"end":{"line":21,"column":5}},"12":{"start":{"line":20,"column":8},"end":{"line":20,"column":null}},"13":{"start":{"line":20,"column":42},"end":{"line":20,"column":60}},"14":{"start":{"line":23,"column":23},"end":{"line":25,"column":5}},"15":{"start":{"line":24,"column":8},"end":{"line":24,"column":null}},"16":{"start":{"line":24,"column":42},"end":{"line":24,"column":60}},"17":{"start":{"line":27,"column":4},"end":{"line":95,"column":null}},"18":{"start":{"line":31,"column":20},"end":{"line":57,"column":null}},"19":{"start":{"line":98,"column":0},"end":{"line":98,"column":null}}},"fnMap":{"0":{"name":"(anonymous_7)","decl":{"start":{"line":16,"column":24},"end":{"line":16,"column":25}},"loc":{"start":{"line":16,"column":59},"end":{"line":96,"column":1}}},"1":{"name":"(anonymous_8)","decl":{"start":{"line":19,"column":23},"end":{"line":19,"column":26}},"loc":{"start":{"line":19,"column":28},"end":{"line":21,"column":5}}},"2":{"name":"(anonymous_9)","decl":{"start":{"line":20,"column":22},"end":{"line":20,"column":23}},"loc":{"start":{"line":20,"column":42},"end":{"line":20,"column":60}}},"3":{"name":"(anonymous_10)","decl":{"start":{"line":23,"column":23},"end":{"line":23,"column":26}},"loc":{"start":{"line":23,"column":28},"end":{"line":25,"column":5}}},"4":{"name":"(anonymous_11)","decl":{"start":{"line":24,"column":22},"end":{"line":24,"column":23}},"loc":{"start":{"line":24,"column":42},"end":{"line":24,"column":60}}},"5":{"name":"(anonymous_12)","decl":{"start":{"line":30,"column":27},"end":{"line":30,"column":28}},"loc":{"start":{"line":30,"column":37},"end":{"line":58,"column":17}}}},"branchMap":{"0":{"loc":{"start":{"line":70,"column":21},"end":{"line":79,"column":null}},"type":"binary-expr","locations":[{"start":{"line":70,"column":21},"end":{"line":70,"column":37}},{"start":{"line":71,"column":24},"end":{"line":78,"column":null}}]}},"s":{"0":1,"1":1,"2":1,"3":1,"4":1,"5":1,"6":1,"7":1,"8":1,"9":1,"10":8,"11":8,"12":3,"13":3,"14":8,"15":1,"16":1,"17":8,"18":24,"19":1},"f":{"0":8,"1":3,"2":3,"3":1,"4":1,"5":24},"b":{"0":[8,8]}}
,"/home/saidg/Desktop/bootcamp-38/final/bootcamp-38-greencommute/src/components/organisms/AQI/index.tsx": {"path":"/home/saidg/Desktop/bootcamp-38/final/bootcamp-38-greencommute/src/components/organisms/AQI/index.tsx","statementMap":{"0":{"start":{"line":1,"column":0},"end":{"line":1,"column":33}},"1":{"start":{"line":2,"column":0},"end":{"line":2,"column":25}},"2":{"start":{"line":3,"column":0},"end":{"line":3,"column":55}},"3":{"start":{"line":4,"column":0},"end":{"line":4,"column":49}},"4":{"start":{"line":5,"column":0},"end":{"line":5,"column":46}},"5":{"start":{"line":11,"column":0},"end":{"line":11,"column":35}},"6":{"start":{"line":24,"column":19},"end":{"line":162,"column":1}},"7":{"start":{"line":25,"column":19},"end":{"line":29,"column":5}},"8":{"start":{"line":26,"column":8},"end":{"line":28,"column":null}},"9":{"start":{"line":26,"column":23},"end":{"line":26,"column":null}},"10":{"start":{"line":27,"column":13},"end":{"line":28,"column":null}},"11":{"start":{"line":27,"column":28},"end":{"line":27,"column":null}},"12":{"start":{"line":28,"column":13},"end":{"line":28,"column":null}},"13":{"start":{"line":30,"column":28},"end":{"line":82,"column":5}},"14":{"start":{"line":31,"column":8},"end":{"line":81,"column":null}},"15":{"start":{"line":36,"column":12},"end":{"line":48,"column":null}},"16":{"start":{"line":49,"column":15},"end":{"line":81,"column":null}},"17":{"start":{"line":50,"column":12},"end":{"line":76,"column":null}},"18":{"start":{"line":53,"column":24},"end":{"line":72,"column":null}},"19":{"start":{"line":77,"column":15},"end":{"line":81,"column":null}},"20":{"start":{"line":78,"column":12},"end":{"line":78,"column":null}},"21":{"start":{"line":80,"column":12},"end":{"line":80,"column":null}},"22":{"start":{"line":83,"column":21},"end":{"line":93,"column":5}},"23":{"start":{"line":84,"column":24},"end":{"line":84,"column":40}},"24":{"start":{"line":85,"column":23},"end":{"line":85,"column":49}},"25":{"start":{"line":86,"column":8},"end":{"line":89,"column":null}},"26":{"start":{"line":86,"column":21},"end":{"line":86,"column":22}},"27":{"start":{"line":87,"column":12},"end":{"line":87,"column":null}},"28":{"start":{"line":88,"column":12},"end":{"line":88,"column":null}},"29":{"start":{"line":90,"column":8},"end":{"line":90,"column":null}},"30":{"start":{"line":91,"column":8},"end":{"line":91,"column":null}},"31":{"start":{"line":92,"column":8},"end":{"line":92,"column":null}},"32":{"start":{"line":94,"column":22},"end":{"line":146,"column":5}},"33":{"start":{"line":95,"column":8},"end":{"line":111,"column":null}},"34":{"start":{"line":96,"column":12},"end":{"line":110,"column":null}},"35":{"start":{"line":112,"column":8},"end":{"line":128,"column":null}},"36":{"start":{"line":113,"column":12},"end":{"line":127,"column":null}},"37":{"start":{"line":129,"column":8},"end":{"line":145,"column":null}},"38":{"start":{"line":130,"column":12},"end":{"line":144,"column":null}},"39":{"start":{"line":147,"column":4},"end":{"line":161,"column":null}},"40":{"start":{"line":24,"column":13},"end":{"line":24,"column":19}}},"fnMap":{"0":{"name":"(anonymous_1)","decl":{"start":{"line":24,"column":19},"end":{"line":24,"column":20}},"loc":{"start":{"line":24,"column":51},"end":{"line":162,"column":1}}},"1":{"name":"(anonymous_2)","decl":{"start":{"line":25,"column":19},"end":{"line":25,"column":22}},"loc":{"start":{"line":25,"column":24},"end":{"line":29,"column":5}}},"2":{"name":"(anonymous_3)","decl":{"start":{"line":30,"column":28},"end":{"line":30,"column":31}},"loc":{"start":{"line":30,"column":33},"end":{"line":82,"column":5}}},"3":{"name":"(anonymous_4)","decl":{"start":{"line":52,"column":45},"end":{"line":52,"column":46}},"loc":{"start":{"line":53,"column":24},"end":{"line":72,"column":null}}},"4":{"name":"(anonymous_5)","decl":{"start":{"line":83,"column":21},"end":{"line":83,"column":24}},"loc":{"start":{"line":83,"column":26},"end":{"line":93,"column":5}}},"5":{"name":"(anonymous_6)","decl":{"start":{"line":94,"column":22},"end":{"line":94,"column":25}},"loc":{"start":{"line":94,"column":27},"end":{"line":146,"column":5}}}},"branchMap":{"0":{"loc":{"start":{"line":26,"column":8},"end":{"line":28,"column":null}},"type":"if","locations":[{"start":{"line":26,"column":8},"end":{"line":28,"column":null}},{"start":{"line":27,"column":13},"end":{"line":28,"column":null}}]},"1":{"loc":{"start":{"line":27,"column":13},"end":{"line":28,"column":null}},"type":"if","locations":[{"start":{"line":27,"column":13},"end":{"line":28,"column":null}},{"start":{"line":28,"column":13},"end":{"line":28,"column":null}}]},"2":{"loc":{"start":{"line":31,"column":8},"end":{"line":81,"column":null}},"type":"if","locations":[{"start":{"line":31,"column":8},"end":{"line":81,"column":null}},{"start":{"line":49,"column":15},"end":{"line":81,"column":null}}]},"3":{"loc":{"start":{"line":32,"column":12},"end":{"line":34,"column":44}},"type":"binary-expr","locations":[{"start":{"line":32,"column":12},"end":{"line":32,"column":22}},{"start":{"line":33,"column":12},"end":{"line":33,"column":42}},{"start":{"line":34,"column":12},"end":{"line":34,"column":44}}]},"4":{"loc":{"start":{"line":49,"column":15},"end":{"line":81,"column":null}},"type":"if","locations":[{"start":{"line":49,"column":15},"end":{"line":81,"column":null}},{"start":{"line":77,"column":15},"end":{"line":81,"column":null}}]},"5":{"loc":{"start":{"line":49,"column":19},"end":{"line":49,"column":64}},"type":"binary-expr","locations":[{"start":{"line":49,"column":19},"end":{"line":49,"column":29}},{"start":{"line":49,"column":33},"end":{"line":49,"column":64}}]},"6":{"loc":{"start":{"line":77,"column":15},"end":{"line":81,"column":null}},"type":"if","locations":[{"start":{"line":77,"column":15},"end":{"line":81,"column":null}},{"start":{"line":79,"column":15},"end":{"line":81,"column":null}}]},"7":{"loc":{"start":{"line":77,"column":19},"end":{"line":77,"column":61}},"type":"binary-expr","locations":[{"start":{"line":77,"column":19},"end":{"line":77,"column":29}},{"start":{"line":77,"column":33},"end":{"line":77,"column":61}}]},"8":{"loc":{"start":{"line":95,"column":8},"end":{"line":111,"column":null}},"type":"if","locations":[{"start":{"line":95,"column":8},"end":{"line":111,"column":null}}]},"9":{"loc":{"start":{"line":106,"column":21},"end":{"line":108,"column":79}},"type":"cond-expr","locations":[{"start":{"line":107,"column":26},"end":{"line":107,"column":78}},{"start":{"line":108,"column":26},"end":{"line":108,"column":79}}]},"10":{"loc":{"start":{"line":106,"column":21},"end":{"line":106,"column":64}},"type":"binary-expr","locations":[{"start":{"line":106,"column":21},"end":{"line":106,"column":30}},{"start":{"line":106,"column":34},"end":{"line":106,"column":64}}]},"11":{"loc":{"start":{"line":112,"column":8},"end":{"line":128,"column":null}},"type":"if","locations":[{"start":{"line":112,"column":8},"end":{"line":128,"column":null}}]},"12":{"loc":{"start":{"line":123,"column":21},"end":{"line":125,"column":79}},"type":"cond-expr","locations":[{"start":{"line":124,"column":26},"end":{"line":124,"column":78}},{"start":{"line":125,"column":26},"end":{"line":125,"column":79}}]},"13":{"loc":{"start":{"line":129,"column":8},"end":{"line":145,"column":null}},"type":"if","locations":[{"start":{"line":129,"column":8},"end":{"line":145,"column":null}}]},"14":{"loc":{"start":{"line":140,"column":21},"end":{"line":142,"column":88}},"type":"cond-expr","locations":[{"start":{"line":141,"column":26},"end":{"line":141,"column":36}},{"start":{"line":142,"column":26},"end":{"line":142,"column":88}}]}},"s":{"0":1,"1":1,"2":1,"3":1,"4":1,"5":1,"6":1,"7":6,"8":3,"9":1,"10":2,"11":1,"12":1,"13":6,"14":6,"15":1,"16":5,"17":1,"18":2,"19":4,"20":1,"21":3,"22":6,"23":1,"24":1,"25":1,"26":1,"27":1,"28":1,"29":1,"30":1,"31":0,"32":6,"33":6,"34":2,"35":4,"36":2,"37":2,"38":2,"39":6,"40":1},"f":{"0":6,"1":3,"2":6,"3":2,"4":1,"5":6},"b":{"0":[1,2],"1":[1,1],"2":[1,5],"3":[6,2,1],"4":[1,4],"5":[5,2],"6":[1,3],"7":[4,2],"8":[2],"9":[1,1],"10":[2,2],"11":[2],"12":[1,1],"13":[2],"14":[1,1]}}
,"/home/saidg/Desktop/bootcamp-38/final/bootcamp-38-greencommute/src/components/organisms/DetailCard/index.tsx": {"path":"/home/saidg/Desktop/bootcamp-38/final/bootcamp-38-greencommute/src/components/organisms/DetailCard/index.tsx","statementMap":{"0":{"start":{"line":1,"column":0},"end":{"line":1,"column":50}},"1":{"start":{"line":2,"column":0},"end":{"line":2,"column":37}},"2":{"start":{"line":3,"column":0},"end":{"line":3,"column":51}},"3":{"start":{"line":4,"column":0},"end":{"line":4,"column":49}},"4":{"start":{"line":5,"column":0},"end":{"line":5,"column":43}},"5":{"start":{"line":6,"column":0},"end":{"line":6,"column":41}},"6":{"start":{"line":7,"column":0},"end":{"line":7,"column":43}},"7":{"start":{"line":8,"column":0},"end":{"line":8,"column":57}},"8":{"start":{"line":9,"column":0},"end":{"line":9,"column":63}},"9":{"start":{"line":10,"column":0},"end":{"line":10,"column":48}},"10":{"start":{"line":11,"column":0},"end":{"line":11,"column":37}},"11":{"start":{"line":12,"column":0},"end":{"line":12,"column":null}},"12":{"start":{"line":22,"column":0},"end":{"line":22,"column":35}},"13":{"start":{"line":24,"column":0},"end":{"line":24,"column":54}},"14":{"start":{"line":25,"column":0},"end":{"line":25,"column":77}},"15":{"start":{"line":32,"column":19},"end":{"line":257,"column":1}},"16":{"start":{"line":33,"column":56},"end":{"line":33,"column":80}},"17":{"start":{"line":34,"column":20},"end":{"line":34,"column":68}},"18":{"start":{"line":34,"column":54},"end":{"line":34,"column":67}},"19":{"start":{"line":35,"column":21},"end":{"line":35,"column":49}},"20":{"start":{"line":37,"column":4},"end":{"line":39,"column":null}},"21":{"start":{"line":38,"column":8},"end":{"line":38,"column":null}},"22":{"start":{"line":41,"column":19},"end":{"line":43,"column":5}},"23":{"start":{"line":42,"column":8},"end":{"line":42,"column":null}},"24":{"start":{"line":45,"column":24},"end":{"line":52,"column":null}},"25":{"start":{"line":45,"column":35},"end":{"line":52,"column":null}},"26":{"start":{"line":47,"column":8},"end":{"line":47,"column":null}},"27":{"start":{"line":49,"column":8},"end":{"line":51,"column":null}},"28":{"start":{"line":50,"column":12},"end":{"line":50,"column":null}},"29":{"start":{"line":54,"column":4},"end":{"line":256,"column":null}},"30":{"start":{"line":140,"column":70},"end":{"line":140,"column":76}},"31":{"start":{"line":239,"column":36},"end":{"line":239,"column":null}},"32":{"start":{"line":259,"column":0},"end":{"line":259,"column":null}}},"fnMap":{"0":{"name":"(anonymous_14)","decl":{"start":{"line":32,"column":19},"end":{"line":32,"column":20}},"loc":{"start":{"line":32,"column":57},"end":{"line":257,"column":1}}},"1":{"name":"(anonymous_15)","decl":{"start":{"line":34,"column":32},"end":{"line":34,"column":33}},"loc":{"start":{"line":34,"column":54},"end":{"line":34,"column":67}}},"2":{"name":"(anonymous_16)","decl":{"start":{"line":37,"column":14},"end":{"line":37,"column":17}},"loc":{"start":{"line":37,"column":19},"end":{"line":39,"column":5}}},"3":{"name":"(anonymous_17)","decl":{"start":{"line":41,"column":19},"end":{"line":41,"column":22}},"loc":{"start":{"line":41,"column":24},"end":{"line":43,"column":5}}},"4":{"name":"(anonymous_18)","decl":{"start":{"line":45,"column":24},"end":{"line":45,"column":33}},"loc":{"start":{"line":45,"column":35},"end":{"line":52,"column":null}}},"5":{"name":"(anonymous_19)","decl":{"start":{"line":45,"column":35},"end":{"line":45,"column":null}},"loc":{"start":{"line":45,"column":35},"end":{"line":52,"column":5}}},"6":{"name":"(anonymous_20)","decl":{"start":{"line":140,"column":64},"end":{"line":140,"column":67}},"loc":{"start":{"line":140,"column":70},"end":{"line":140,"column":76}}},"7":{"name":"(anonymous_21)","decl":{"start":{"line":238,"column":41},"end":{"line":238,"column":44}},"loc":{"start":{"line":238,"column":46},"end":{"line":240,"column":33}}}},"branchMap":{"0":{"loc":{"start":{"line":49,"column":8},"end":{"line":51,"column":null}},"type":"if","locations":[{"start":{"line":49,"column":8},"end":{"line":51,"column":null}}]},"1":{"loc":{"start":{"line":133,"column":53},"end":{"line":135,"column":62}},"type":"cond-expr","locations":[{"start":{"line":134,"column":58},"end":{"line":134,"column":66}},{"start":{"line":135,"column":58},"end":{"line":135,"column":62}}]},"2":{"loc":{"start":{"line":157,"column":21},"end":{"line":214,"column":null}},"type":"cond-expr","locations":[{"start":{"line":158,"column":24},"end":{"line":211,"column":null}},{"start":{"line":214,"column":24},"end":{"line":214,"column":58}}]},"3":{"loc":{"start":{"line":218,"column":13},"end":{"line":253,"column":null}},"type":"binary-expr","locations":[{"start":{"line":218,"column":13},"end":{"line":218,"column":32}},{"start":{"line":219,"column":16},"end":{"line":252,"column":null}}]}},"s":{"0":3,"1":3,"2":3,"3":3,"4":3,"5":3,"6":3,"7":3,"8":3,"9":3,"10":3,"11":3,"12":3,"13":3,"14":3,"15":3,"16":5,"17":5,"18":6,"19":5,"20":5,"21":3,"22":5,"23":0,"24":5,"25":1,"26":1,"27":0,"28":0,"29":5,"30":0,"31":1,"32":3},"f":{"0":5,"1":6,"2":3,"3":0,"4":1,"5":1,"6":0,"7":1},"b":{"0":[0],"1":[0,5],"2":[4,1],"3":[5,4]}}
,"/home/saidg/Desktop/bootcamp-38/final/bootcamp-38-greencommute/src/components/organisms/Filter/index.tsx": {"path":"/home/saidg/Desktop/bootcamp-38/final/bootcamp-38-greencommute/src/components/organisms/Filter/index.tsx","statementMap":{"0":{"start":{"line":1,"column":0},"end":{"line":1,"column":30}},"1":{"start":{"line":2,"column":0},"end":{"line":2,"column":41}},"2":{"start":{"line":3,"column":0},"end":{"line":3,"column":39}},"3":{"start":{"line":4,"column":0},"end":{"line":4,"column":55}},"4":{"start":{"line":5,"column":0},"end":{"line":5,"column":45}},"5":{"start":{"line":6,"column":0},"end":{"line":6,"column":39}},"6":{"start":{"line":7,"column":0},"end":{"line":7,"column":51}},"7":{"start":{"line":8,"column":0},"end":{"line":8,"column":48}},"8":{"start":{"line":9,"column":0},"end":{"line":9,"column":null}},"9":{"start":{"line":25,"column":0},"end":{"line":25,"column":35}},"10":{"start":{"line":27,"column":14},"end":{"line":38,"column":null}},"11":{"start":{"line":39,"column":19},"end":{"line":39,"column":33}},"12":{"start":{"line":47,"column":15},"end":{"line":526,"column":1}},"13":{"start":{"line":48,"column":28},"end":{"line":48,"column":49}},"14":{"start":{"line":49,"column":23},"end":{"line":49,"column":42}},"15":{"start":{"line":49,"column":29},"end":{"line":49,"column":42}},"16":{"start":{"line":50,"column":24},"end":{"line":50,"column":44}},"17":{"start":{"line":50,"column":30},"end":{"line":50,"column":44}},"18":{"start":{"line":52,"column":46},"end":{"line":52,"column":67}},"19":{"start":{"line":54,"column":25},"end":{"line":68,"column":5}},"20":{"start":{"line":55,"column":8},"end":{"line":55,"column":null}},"21":{"start":{"line":56,"column":35},"end":{"line":56,"column":47}},"22":{"start":{"line":58,"column":8},"end":{"line":67,"column":null}},"23":{"start":{"line":59,"column":12},"end":{"line":65,"column":null}},"24":{"start":{"line":60,"column":30},"end":{"line":60,"column":57}},"25":{"start":{"line":61,"column":16},"end":{"line":61,"column":null}},"26":{"start":{"line":62,"column":19},"end":{"line":65,"column":null}},"27":{"start":{"line":63,"column":30},"end":{"line":63,"column":56}},"28":{"start":{"line":64,"column":16},"end":{"line":64,"column":null}},"29":{"start":{"line":66,"column":12},"end":{"line":66,"column":null}},"30":{"start":{"line":70,"column":27},"end":{"line":93,"column":null}},"31":{"start":{"line":96,"column":44},"end":{"line":96,"column":74}},"32":{"start":{"line":97,"column":51},"end":{"line":97,"column":76}},"33":{"start":{"line":99,"column":21},"end":{"line":105,"column":5}},"34":{"start":{"line":100,"column":8},"end":{"line":100,"column":null}},"35":{"start":{"line":101,"column":8},"end":{"line":101,"column":null}},"36":{"start":{"line":102,"column":8},"end":{"line":102,"column":null}},"37":{"start":{"line":103,"column":8},"end":{"line":103,"column":null}},"38":{"start":{"line":104,"column":8},"end":{"line":104,"column":null}},"39":{"start":{"line":106,"column":4},"end":{"line":108,"column":null}},"40":{"start":{"line":107,"column":8},"end":{"line":107,"column":null}},"41":{"start":{"line":110,"column":31},"end":{"line":110,"column":33}},"42":{"start":{"line":111,"column":4},"end":{"line":115,"column":null}},"43":{"start":{"line":111,"column":17},"end":{"line":111,"column":18}},"44":{"start":{"line":112,"column":8},"end":{"line":114,"column":null}},"45":{"start":{"line":113,"column":12},"end":{"line":113,"column":null}},"46":{"start":{"line":116,"column":18},"end":{"line":121,"column":5}},"47":{"start":{"line":117,"column":8},"end":{"line":117,"column":null}},"48":{"start":{"line":118,"column":8},"end":{"line":118,"column":null}},"49":{"start":{"line":119,"column":8},"end":{"line":119,"column":null}},"50":{"start":{"line":120,"column":8},"end":{"line":120,"column":null}},"51":{"start":{"line":123,"column":27},"end":{"line":139,"column":5}},"52":{"start":{"line":127,"column":36},"end":{"line":128,"column":null}},"53":{"start":{"line":128,"column":12},"end":{"line":128,"column":45}},"54":{"start":{"line":130,"column":8},"end":{"line":130,"column":null}},"55":{"start":{"line":131,"column":35},"end":{"line":131,"column":47}},"56":{"start":{"line":132,"column":8},"end":{"line":138,"column":null}},"57":{"start":{"line":133,"column":12},"end":{"line":133,"column":null}},"58":{"start":{"line":135,"column":26},"end":{"line":135,"column":53}},"59":{"start":{"line":137,"column":12},"end":{"line":137,"column":null}},"60":{"start":{"line":141,"column":4},"end":{"line":525,"column":null}},"61":{"start":{"line":190,"column":32},"end":{"line":219,"column":null}},"62":{"start":{"line":213,"column":48},"end":{"line":213,"column":76}},"63":{"start":{"line":231,"column":32},"end":{"line":263,"column":null}},"64":{"start":{"line":254,"column":48},"end":{"line":256,"column":null}},"65":{"start":{"line":283,"column":32},"end":{"line":313,"column":null}},"66":{"start":{"line":307,"column":48},"end":{"line":307,"column":80}},"67":{"start":{"line":326,"column":32},"end":{"line":358,"column":null}},"68":{"start":{"line":349,"column":48},"end":{"line":351,"column":null}},"69":{"start":{"line":391,"column":44},"end":{"line":391,"column":63}},"70":{"start":{"line":418,"column":44},"end":{"line":418,"column":63}},"71":{"start":{"line":449,"column":32},"end":{"line":486,"column":null}},"72":{"start":{"line":477,"column":48},"end":{"line":479,"column":null}},"73":{"start":{"line":528,"column":0},"end":{"line":528,"column":null}}},"fnMap":{"0":{"name":"(anonymous_7)","decl":{"start":{"line":47,"column":15},"end":{"line":47,"column":16}},"loc":{"start":{"line":47,"column":67},"end":{"line":526,"column":1}}},"1":{"name":"(anonymous_8)","decl":{"start":{"line":49,"column":23},"end":{"line":49,"column":26}},"loc":{"start":{"line":49,"column":29},"end":{"line":49,"column":42}}},"2":{"name":"(anonymous_9)","decl":{"start":{"line":50,"column":24},"end":{"line":50,"column":27}},"loc":{"start":{"line":50,"column":30},"end":{"line":50,"column":44}}},"3":{"name":"(anonymous_10)","decl":{"start":{"line":54,"column":25},"end":{"line":54,"column":26}},"loc":{"start":{"line":54,"column":72},"end":{"line":68,"column":5}}},"4":{"name":"(anonymous_11)","decl":{"start":{"line":99,"column":21},"end":{"line":99,"column":24}},"loc":{"start":{"line":99,"column":26},"end":{"line":105,"column":5}}},"5":{"name":"(anonymous_12)","decl":{"start":{"line":106,"column":20},"end":{"line":106,"column":23}},"loc":{"start":{"line":106,"column":25},"end":{"line":108,"column":5}}},"6":{"name":"(anonymous_13)","decl":{"start":{"line":116,"column":18},"end":{"line":116,"column":21}},"loc":{"start":{"line":116,"column":23},"end":{"line":121,"column":5}}},"7":{"name":"(anonymous_14)","decl":{"start":{"line":123,"column":27},"end":{"line":123,"column":null}},"loc":{"start":{"line":126,"column":8},"end":{"line":139,"column":5}}},"8":{"name":"(anonymous_15)","decl":{"start":{"line":127,"column":53},"end":{"line":127,"column":54}},"loc":{"start":{"line":128,"column":12},"end":{"line":128,"column":45}}},"9":{"name":"(anonymous_16)","decl":{"start":{"line":189,"column":49},"end":{"line":189,"column":50}},"loc":{"start":{"line":189,"column":62},"end":{"line":220,"column":29}}},"10":{"name":"(anonymous_17)","decl":{"start":{"line":212,"column":54},"end":{"line":212,"column":55}},"loc":{"start":{"line":213,"column":48},"end":{"line":213,"column":76}}},"11":{"name":"(anonymous_18)","decl":{"start":{"line":230,"column":53},"end":{"line":230,"column":54}},"loc":{"start":{"line":230,"column":66},"end":{"line":264,"column":29}}},"12":{"name":"(anonymous_19)","decl":{"start":{"line":253,"column":54},"end":{"line":253,"column":55}},"loc":{"start":{"line":254,"column":48},"end":{"line":256,"column":null}}},"13":{"name":"(anonymous_20)","decl":{"start":{"line":282,"column":52},"end":{"line":282,"column":53}},"loc":{"start":{"line":282,"column":65},"end":{"line":314,"column":29}}},"14":{"name":"(anonymous_21)","decl":{"start":{"line":306,"column":54},"end":{"line":306,"column":55}},"loc":{"start":{"line":307,"column":48},"end":{"line":307,"column":80}}},"15":{"name":"(anonymous_22)","decl":{"start":{"line":325,"column":50},"end":{"line":325,"column":51}},"loc":{"start":{"line":325,"column":63},"end":{"line":359,"column":29}}},"16":{"name":"(anonymous_23)","decl":{"start":{"line":348,"column":54},"end":{"line":348,"column":55}},"loc":{"start":{"line":349,"column":48},"end":{"line":351,"column":null}}},"17":{"name":"(anonymous_24)","decl":{"start":{"line":390,"column":50},"end":{"line":390,"column":51}},"loc":{"start":{"line":391,"column":44},"end":{"line":391,"column":63}}},"18":{"name":"(anonymous_25)","decl":{"start":{"line":417,"column":50},"end":{"line":417,"column":51}},"loc":{"start":{"line":418,"column":44},"end":{"line":418,"column":63}}},"19":{"name":"(anonymous_26)","decl":{"start":{"line":448,"column":49},"end":{"line":448,"column":50}},"loc":{"start":{"line":448,"column":62},"end":{"line":487,"column":29}}},"20":{"name":"(anonymous_27)","decl":{"start":{"line":476,"column":54},"end":{"line":476,"column":55}},"loc":{"start":{"line":477,"column":48},"end":{"line":479,"column":null}}}},"branchMap":{"0":{"loc":{"start":{"line":58,"column":8},"end":{"line":67,"column":null}},"type":"if","locations":[{"start":{"line":58,"column":8},"end":{"line":67,"column":null}}]},"1":{"loc":{"start":{"line":59,"column":12},"end":{"line":65,"column":null}},"type":"if","locations":[{"start":{"line":59,"column":12},"end":{"line":65,"column":null}},{"start":{"line":62,"column":19},"end":{"line":65,"column":null}}]},"2":{"loc":{"start":{"line":59,"column":16},"end":{"line":59,"column":61}},"type":"binary-expr","locations":[{"start":{"line":59,"column":16},"end":{"line":59,"column":44}},{"start":{"line":59,"column":48},"end":{"line":59,"column":61}}]},"3":{"loc":{"start":{"line":62,"column":19},"end":{"line":65,"column":null}},"type":"if","locations":[{"start":{"line":62,"column":19},"end":{"line":65,"column":null}}]},"4":{"loc":{"start":{"line":62,"column":23},"end":{"line":62,"column":68}},"type":"binary-expr","locations":[{"start":{"line":62,"column":23},"end":{"line":62,"column":50}},{"start":{"line":62,"column":54},"end":{"line":62,"column":68}}]},"5":{"loc":{"start":{"line":112,"column":8},"end":{"line":114,"column":null}},"type":"if","locations":[{"start":{"line":112,"column":8},"end":{"line":114,"column":null}}]},"6":{"loc":{"start":{"line":128,"column":12},"end":{"line":128,"column":45}},"type":"cond-expr","locations":[{"start":{"line":128,"column":33},"end":{"line":128,"column":38}},{"start":{"line":128,"column":41},"end":{"line":128,"column":45}}]},"7":{"loc":{"start":{"line":132,"column":8},"end":{"line":138,"column":null}},"type":"if","locations":[{"start":{"line":132,"column":8},"end":{"line":138,"column":null}},{"start":{"line":134,"column":15},"end":{"line":138,"column":null}}]}},"s":{"0":3,"1":3,"2":3,"3":3,"4":3,"5":3,"6":3,"7":3,"8":3,"9":3,"10":3,"11":3,"12":3,"13":15,"14":15,"15":3,"16":15,"17":0,"18":15,"19":15,"20":0,"21":0,"22":0,"23":0,"24":0,"25":0,"26":0,"27":0,"28":0,"29":0,"30":15,"31":15,"32":15,"33":15,"34":5,"35":5,"36":5,"37":5,"38":5,"39":15,"40":4,"41":15,"42":15,"43":15,"44":60,"45":0,"46":15,"47":1,"48":1,"49":1,"50":1,"51":15,"52":0,"53":0,"54":0,"55":0,"56":0,"57":0,"58":0,"59":0,"60":15,"61":60,"62":0,"63":60,"64":0,"65":60,"66":0,"67":60,"68":0,"69":0,"70":0,"71":60,"72":0,"73":3},"f":{"0":15,"1":3,"2":0,"3":0,"4":5,"5":4,"6":1,"7":0,"8":0,"9":60,"10":0,"11":60,"12":0,"13":60,"14":0,"15":60,"16":0,"17":0,"18":0,"19":60,"20":0},"b":{"0":[0],"1":[0,0],"2":[0,0],"3":[0],"4":[0,0],"5":[0],"6":[0,0],"7":[0,0]}}
,"/home/saidg/Desktop/bootcamp-38/final/bootcamp-38-greencommute/src/components/organisms/FindJobs/index.tsx": {"path":"/home/saidg/Desktop/bootcamp-38/final/bootcamp-38-greencommute/src/components/organisms/FindJobs/index.tsx","statementMap":{"0":{"start":{"line":1,"column":0},"end":{"line":1,"column":55}},"1":{"start":{"line":2,"column":0},"end":{"line":2,"column":33}},"2":{"start":{"line":3,"column":0},"end":{"line":3,"column":50}},"3":{"start":{"line":4,"column":0},"end":{"line":4,"column":38}},"4":{"start":{"line":5,"column":0},"end":{"line":5,"column":36}},"5":{"start":{"line":6,"column":0},"end":{"line":6,"column":42}},"6":{"start":{"line":7,"column":0},"end":{"line":7,"column":36}},"7":{"start":{"line":8,"column":0},"end":{"line":8,"column":30}},"8":{"start":{"line":9,"column":0},"end":{"line":9,"column":55}},"9":{"start":{"line":10,"column":0},"end":{"line":10,"column":null}},"10":{"start":{"line":15,"column":0},"end":{"line":15,"column":null}},"11":{"start":{"line":23,"column":0},"end":{"line":23,"column":46}},"12":{"start":{"line":24,"column":0},"end":{"line":24,"column":54}},"13":{"start":{"line":27,"column":24},"end":{"line":228,"column":1}},"14":{"start":{"line":28,"column":32},"end":{"line":28,"column":52}},"15":{"start":{"line":29,"column":36},"end":{"line":29,"column":56}},"16":{"start":{"line":30,"column":40},"end":{"line":30,"column":62}},"17":{"start":{"line":31,"column":36},"end":{"line":31,"column":58}},"18":{"start":{"line":32,"column":24},"end":{"line":32,"column":43}},"19":{"start":{"line":33,"column":36},"end":{"line":33,"column":60}},"20":{"start":{"line":34,"column":21},"end":{"line":34,"column":70}},"21":{"start":{"line":34,"column":55},"end":{"line":34,"column":69}},"22":{"start":{"line":35,"column":21},"end":{"line":35,"column":49}},"23":{"start":{"line":38,"column":4},"end":{"line":46,"column":null}},"24":{"start":{"line":39,"column":8},"end":{"line":39,"column":null}},"25":{"start":{"line":40,"column":8},"end":{"line":44,"column":null}},"26":{"start":{"line":41,"column":12},"end":{"line":41,"column":null}},"27":{"start":{"line":43,"column":12},"end":{"line":43,"column":null}},"28":{"start":{"line":48,"column":4},"end":{"line":55,"column":null}},"29":{"start":{"line":49,"column":8},"end":{"line":54,"column":null}},"30":{"start":{"line":57,"column":4},"end":{"line":59,"column":null}},"31":{"start":{"line":58,"column":8},"end":{"line":58,"column":47}},"32":{"start":{"line":61,"column":27},"end":{"line":65,"column":5}},"33":{"start":{"line":62,"column":8},"end":{"line":64,"column":null}},"34":{"start":{"line":63,"column":12},"end":{"line":63,"column":null}},"35":{"start":{"line":67,"column":4},"end":{"line":227,"column":null}},"36":{"start":{"line":154,"column":40},"end":{"line":169,"column":null}},"37":{"start":{"line":156,"column":59},"end":{"line":156,"column":79}},"38":{"start":{"line":193,"column":44},"end":{"line":214,"column":null}},"39":{"start":{"line":195,"column":52},"end":{"line":195,"column":72}},"40":{"start":{"line":27,"column":13},"end":{"line":27,"column":24}},"41":{"start":{"line":230,"column":0},"end":{"line":230,"column":null}}},"fnMap":{"0":{"name":"(anonymous_7)","decl":{"start":{"line":27,"column":24},"end":{"line":27,"column":27}},"loc":{"start":{"line":27,"column":29},"end":{"line":228,"column":1}}},"1":{"name":"(anonymous_8)","decl":{"start":{"line":34,"column":33},"end":{"line":34,"column":34}},"loc":{"start":{"line":34,"column":55},"end":{"line":34,"column":69}}},"2":{"name":"(anonymous_9)","decl":{"start":{"line":38,"column":14},"end":{"line":38,"column":17}},"loc":{"start":{"line":38,"column":19},"end":{"line":46,"column":5}}},"3":{"name":"(anonymous_10)","decl":{"start":{"line":48,"column":14},"end":{"line":48,"column":17}},"loc":{"start":{"line":48,"column":19},"end":{"line":55,"column":5}}},"4":{"name":"(anonymous_11)","decl":{"start":{"line":57,"column":14},"end":{"line":57,"column":17}},"loc":{"start":{"line":57,"column":19},"end":{"line":59,"column":5}}},"5":{"name":"(anonymous_12)","decl":{"start":{"line":61,"column":27},"end":{"line":61,"column":28}},"loc":{"start":{"line":61,"column":48},"end":{"line":65,"column":5}}},"6":{"name":"(anonymous_13)","decl":{"start":{"line":62,"column":19},"end":{"line":62,"column":22}},"loc":{"start":{"line":62,"column":24},"end":{"line":64,"column":9}}},"7":{"name":"(anonymous_14)","decl":{"start":{"line":153,"column":45},"end":{"line":153,"column":46}},"loc":{"start":{"line":154,"column":40},"end":{"line":169,"column":null}}},"8":{"name":"(anonymous_15)","decl":{"start":{"line":156,"column":53},"end":{"line":156,"column":56}},"loc":{"start":{"line":156,"column":59},"end":{"line":156,"column":79}}},"9":{"name":"(anonymous_16)","decl":{"start":{"line":192,"column":49},"end":{"line":192,"column":50}},"loc":{"start":{"line":193,"column":44},"end":{"line":214,"column":null}}},"10":{"name":"(anonymous_17)","decl":{"start":{"line":194,"column":57},"end":{"line":194,"column":60}},"loc":{"start":{"line":195,"column":52},"end":{"line":195,"column":72}}}},"branchMap":{"0":{"loc":{"start":{"line":40,"column":8},"end":{"line":44,"column":null}},"type":"if","locations":[{"start":{"line":40,"column":8},"end":{"line":44,"column":null}},{"start":{"line":42,"column":15},"end":{"line":44,"column":null}}]},"1":{"loc":{"start":{"line":104,"column":21},"end":{"line":129,"column":null}},"type":"cond-expr","locations":[{"start":{"line":105,"column":24},"end":{"line":115,"column":null}},{"start":{"line":118,"column":24},"end":{"line":128,"column":null}}]},"2":{"loc":{"start":{"line":131,"column":21},"end":{"line":138,"column":null}},"type":"binary-expr","locations":[{"start":{"line":131,"column":21},"end":{"line":131,"column":31}},{"start":{"line":132,"column":24},"end":{"line":137,"column":null}}]},"3":{"loc":{"start":{"line":141,"column":17},"end":{"line":223,"column":null}},"type":"cond-expr","locations":[{"start":{"line":142,"column":20},"end":{"line":173,"column":null}},{"start":{"line":176,"column":20},"end":{"line":222,"column":null}}]},"4":{"loc":{"start":{"line":152,"column":33},"end":{"line":171,"column":38}},"type":"binary-expr","locations":[{"start":{"line":152,"column":33},"end":{"line":152,"column":37}},{"start":{"line":153,"column":36},"end":{"line":171,"column":38}}]},"5":{"loc":{"start":{"line":191,"column":37},"end":{"line":216,"column":42}},"type":"binary-expr","locations":[{"start":{"line":191,"column":37},"end":{"line":191,"column":41}},{"start":{"line":192,"column":40},"end":{"line":216,"column":42}}]},"6":{"loc":{"start":{"line":210,"column":56},"end":{"line":212,"column":67}},"type":"cond-expr","locations":[{"start":{"line":211,"column":62},"end":{"line":211,"column":66}},{"start":{"line":212,"column":62},"end":{"line":212,"column":67}}]},"7":{"loc":{"start":{"line":219,"column":37},"end":{"line":219,"column":79}},"type":"binary-expr","locations":[{"start":{"line":219,"column":37},"end":{"line":219,"column":41}},{"start":{"line":219,"column":45},"end":{"line":219,"column":53}},{"start":{"line":219,"column":57},"end":{"line":219,"column":79}}]}},"s":{"0":2,"1":2,"2":2,"3":2,"4":2,"5":2,"6":2,"7":2,"8":2,"9":2,"10":2,"11":2,"12":2,"13":2,"14":8,"15":6,"16":6,"17":6,"18":6,"19":6,"20":6,"21":8,"22":6,"23":6,"24":2,"25":2,"26":0,"27":2,"28":6,"29":2,"30":6,"31":4,"32":6,"33":2,"34":0,"35":6,"36":0,"37":0,"38":0,"39":0,"40":2,"41":2},"f":{"0":8,"1":8,"2":2,"3":2,"4":4,"5":2,"6":0,"7":0,"8":0,"9":0,"10":0},"b":{"0":[0,2],"1":[6,0],"2":[6,6],"3":[6,0],"4":[6,6],"5":[0,0],"6":[0,0],"7":[0,0,0]}}
,"/home/saidg/Desktop/bootcamp-38/final/bootcamp-38-greencommute/src/components/organisms/Header/index.tsx": {"path":"/home/saidg/Desktop/bootcamp-38/final/bootcamp-38-greencommute/src/components/organisms/Header/index.tsx","statementMap":{"0":{"start":{"line":1,"column":0},"end":{"line":1,"column":52}},"1":{"start":{"line":2,"column":0},"end":{"line":2,"column":43}},"2":{"start":{"line":3,"column":0},"end":{"line":3,"column":25}},"3":{"start":{"line":4,"column":0},"end":{"line":4,"column":46}},"4":{"start":{"line":5,"column":0},"end":{"line":5,"column":53}},"5":{"start":{"line":7,"column":0},"end":{"line":7,"column":35}},"6":{"start":{"line":8,"column":0},"end":{"line":8,"column":35}},"7":{"start":{"line":24,"column":4},"end":{"line":79,"column":null}},"8":{"start":{"line":18,"column":0},"end":{"line":18,"column":24}}},"fnMap":{"0":{"name":"Header","decl":{"start":{"line":18,"column":24},"end":{"line":18,"column":30}},"loc":{"start":{"line":23,"column":18},"end":{"line":80,"column":1}}}},"branchMap":{"0":{"loc":{"start":{"line":19,"column":4},"end":{"line":19,"column":19}},"type":"default-arg","locations":[{"start":{"line":19,"column":13},"end":{"line":19,"column":19}}]},"1":{"loc":{"start":{"line":20,"column":4},"end":{"line":20,"column":54}},"type":"default-arg","locations":[{"start":{"line":20,"column":22},"end":{"line":20,"column":54}}]}},"s":{"0":1,"1":1,"2":1,"3":1,"4":1,"5":1,"6":1,"7":2,"8":1},"f":{"0":2},"b":{"0":[1],"1":[2]}}
,"/home/saidg/Desktop/bootcamp-38/final/bootcamp-38-greencommute/src/components/organisms/HomePageOrganism/index.tsx": {"path":"/home/saidg/Desktop/bootcamp-38/final/bootcamp-38-greencommute/src/components/organisms/HomePageOrganism/index.tsx","statementMap":{"0":{"start":{"line":1,"column":0},"end":{"line":1,"column":50}},"1":{"start":{"line":2,"column":0},"end":{"line":2,"column":35}},"2":{"start":{"line":3,"column":0},"end":{"line":3,"column":43}},"3":{"start":{"line":4,"column":0},"end":{"line":4,"column":37}},"4":{"start":{"line":5,"column":0},"end":{"line":5,"column":47}},"5":{"start":{"line":6,"column":0},"end":{"line":6,"column":41}},"6":{"start":{"line":7,"column":0},"end":{"line":7,"column":77}},"7":{"start":{"line":8,"column":0},"end":{"line":8,"column":48}},"8":{"start":{"line":9,"column":0},"end":{"line":9,"column":46}},"9":{"start":{"line":10,"column":0},"end":{"line":10,"column":40}},"10":{"start":{"line":11,"column":0},"end":{"line":11,"column":null}},"11":{"start":{"line":23,"column":0},"end":{"line":23,"column":46}},"12":{"start":{"line":24,"column":0},"end":{"line":24,"column":35}},"13":{"start":{"line":38,"column":32},"end":{"line":409,"column":1}},"14":{"start":{"line":44,"column":29},"end":{"line":49,"column":5}},"15":{"start":{"line":45,"column":8},"end":{"line":47,"column":null}},"16":{"start":{"line":46,"column":12},"end":{"line":46,"column":null}},"17":{"start":{"line":48,"column":8},"end":{"line":48,"column":null}},"18":{"start":{"line":50,"column":30},"end":{"line":50,"column":50}},"19":{"start":{"line":52,"column":36},"end":{"line":52,"column":56}},"20":{"start":{"line":53,"column":42},"end":{"line":53,"column":64}},"21":{"start":{"line":54,"column":36},"end":{"line":54,"column":58}},"22":{"start":{"line":55,"column":21},"end":{"line":55,"column":34}},"23":{"start":{"line":57,"column":4},"end":{"line":59,"column":null}},"24":{"start":{"line":58,"column":8},"end":{"line":58,"column":null}},"25":{"start":{"line":61,"column":4},"end":{"line":63,"column":null}},"26":{"start":{"line":62,"column":8},"end":{"line":62,"column":null}},"27":{"start":{"line":65,"column":4},"end":{"line":67,"column":null}},"28":{"start":{"line":66,"column":8},"end":{"line":66,"column":null}},"29":{"start":{"line":69,"column":27},"end":{"line":71,"column":5}},"30":{"start":{"line":70,"column":8},"end":{"line":70,"column":null}},"31":{"start":{"line":72,"column":30},"end":{"line":74,"column":5}},"32":{"start":{"line":73,"column":8},"end":{"line":73,"column":null}},"33":{"start":{"line":75,"column":25},"end":{"line":77,"column":5}},"34":{"start":{"line":76,"column":8},"end":{"line":76,"column":null}},"35":{"start":{"line":79,"column":28},"end":{"line":85,"column":5}},"36":{"start":{"line":80,"column":8},"end":{"line":84,"column":null}},"37":{"start":{"line":81,"column":12},"end":{"line":81,"column":null}},"38":{"start":{"line":83,"column":12},"end":{"line":83,"column":null}},"39":{"start":{"line":87,"column":28},"end":{"line":93,"column":5}},"40":{"start":{"line":88,"column":8},"end":{"line":92,"column":null}},"41":{"start":{"line":89,"column":12},"end":{"line":89,"column":null}},"42":{"start":{"line":91,"column":12},"end":{"line":91,"column":null}},"43":{"start":{"line":95,"column":23},"end":{"line":100,"column":5}},"44":{"start":{"line":96,"column":8},"end":{"line":96,"column":null}},"45":{"start":{"line":97,"column":8},"end":{"line":99,"column":null}},"46":{"start":{"line":98,"column":12},"end":{"line":98,"column":null}},"47":{"start":{"line":102,"column":23},"end":{"line":105,"column":5}},"48":{"start":{"line":103,"column":8},"end":{"line":103,"column":null}},"49":{"start":{"line":104,"column":8},"end":{"line":104,"column":null}},"50":{"start":{"line":104,"column":43},"end":{"line":104,"column":70}},"51":{"start":{"line":107,"column":22},"end":{"line":173,"column":5}},"52":{"start":{"line":108,"column":26},"end":{"line":108,"column":28}},"53":{"start":{"line":109,"column":32},"end":{"line":109,"column":34}},"54":{"start":{"line":111,"column":24},"end":{"line":111,"column":25}},"55":{"start":{"line":112,"column":38},"end":{"line":112,"column":40}},"56":{"start":{"line":114,"column":8},"end":{"line":119,"column":null}},"57":{"start":{"line":115,"column":12},"end":{"line":115,"column":null}},"58":{"start":{"line":116,"column":12},"end":{"line":116,"column":null}},"59":{"start":{"line":117,"column":12},"end":{"line":117,"column":null}},"60":{"start":{"line":120,"column":8},"end":{"line":126,"column":null}},"61":{"start":{"line":121,"column":12},"end":{"line":121,"column":null}},"62":{"start":{"line":122,"column":12},"end":{"line":122,"column":null}},"63":{"start":{"line":123,"column":12},"end":{"line":123,"column":null}},"64":{"start":{"line":124,"column":12},"end":{"line":124,"column":null}},"65":{"start":{"line":125,"column":12},"end":{"line":125,"column":null}},"66":{"start":{"line":127,"column":8},"end":{"line":133,"column":null}},"67":{"start":{"line":128,"column":12},"end":{"line":128,"column":null}},"68":{"start":{"line":129,"column":12},"end":{"line":129,"column":null}},"69":{"start":{"line":130,"column":12},"end":{"line":130,"column":null}},"70":{"start":{"line":131,"column":12},"end":{"line":131,"column":null}},"71":{"start":{"line":132,"column":12},"end":{"line":132,"column":null}},"72":{"start":{"line":134,"column":8},"end":{"line":172,"column":null}},"73":{"start":{"line":147,"column":20},"end":{"line":147,"column":null}},"74":{"start":{"line":158,"column":20},"end":{"line":168,"column":null}},"75":{"start":{"line":175,"column":4},"end":{"line":408,"column":null}},"76":{"start":{"line":212,"column":24},"end":{"line":212,"column":null}},"77":{"start":{"line":213,"column":24},"end":{"line":259,"column":null}},"78":{"start":{"line":372,"column":42},"end":{"line":372,"column":null}},"79":{"start":{"line":38,"column":13},"end":{"line":38,"column":32}}},"fnMap":{"0":{"name":"(anonymous_7)","decl":{"start":{"line":38,"column":32},"end":{"line":38,"column":33}},"loc":{"start":{"line":43,"column":28},"end":{"line":409,"column":1}}},"1":{"name":"(anonymous_8)","decl":{"start":{"line":44,"column":29},"end":{"line":44,"column":30}},"loc":{"start":{"line":44,"column":51},"end":{"line":49,"column":5}}},"2":{"name":"(anonymous_9)","decl":{"start":{"line":57,"column":14},"end":{"line":57,"column":17}},"loc":{"start":{"line":57,"column":19},"end":{"line":59,"column":5}}},"3":{"name":"(anonymous_10)","decl":{"start":{"line":61,"column":14},"end":{"line":61,"column":17}},"loc":{"start":{"line":61,"column":19},"end":{"line":63,"column":5}}},"4":{"name":"(anonymous_11)","decl":{"start":{"line":65,"column":14},"end":{"line":65,"column":17}},"loc":{"start":{"line":65,"column":19},"end":{"line":67,"column":5}}},"5":{"name":"(anonymous_12)","decl":{"start":{"line":69,"column":27},"end":{"line":69,"column":28}},"loc":{"start":{"line":69,"column":53},"end":{"line":71,"column":5}}},"6":{"name":"(anonymous_13)","decl":{"start":{"line":72,"column":30},"end":{"line":72,"column":31}},"loc":{"start":{"line":72,"column":61},"end":{"line":74,"column":5}}},"7":{"name":"(anonymous_14)","decl":{"start":{"line":75,"column":25},"end":{"line":75,"column":26}},"loc":{"start":{"line":75,"column":55},"end":{"line":77,"column":5}}},"8":{"name":"(anonymous_15)","decl":{"start":{"line":79,"column":28},"end":{"line":79,"column":31}},"loc":{"start":{"line":79,"column":33},"end":{"line":85,"column":5}}},"9":{"name":"(anonymous_16)","decl":{"start":{"line":87,"column":28},"end":{"line":87,"column":31}},"loc":{"start":{"line":87,"column":33},"end":{"line":93,"column":5}}},"10":{"name":"(anonymous_17)","decl":{"start":{"line":95,"column":23},"end":{"line":95,"column":26}},"loc":{"start":{"line":95,"column":28},"end":{"line":100,"column":5}}},"11":{"name":"(anonymous_18)","decl":{"start":{"line":97,"column":22},"end":{"line":97,"column":23}},"loc":{"start":{"line":97,"column":41},"end":{"line":99
[...]
151,"column":41},"end":{"line":154,"column":15}}},"60":{"name":"(anonymous_39)","decl":{"start":{"line":157,"column":28},"end":{"line":157,"column":36}},"loc":{"start":{"line":157,"column":37},"end":{"line":159,"column":null}}},"61":{"name":"(anonymous_40)","decl":{"start":{"line":159,"column":43},"end":{"line":159,"column":null}},"loc":{"start":{"line":159,"column":43},"end":{"line":163,"column":15}}},"62":{"name":"(anonymous_41)","decl":{"start":{"line":166,"column":28},"end":{"line":166,"column":36}},"loc":{"start":{"line":166,"column":37},"end":{"line":168,"column":null}}},"63":{"name":"(anonymous_42)","decl":{"start":{"line":168,"column":41},"end":{"line":168,"column":null}},"loc":{"start":{"line":168,"column":41},"end":{"line":171,"column":15}}},"64":{"name":"(anonymous_43)","decl":{"start":{"line":174,"column":28},"end":{"line":174,"column":36}},"loc":{"start":{"line":174,"column":37},"end":{"line":176,"column":null}}},"65":{"name":"(anonymous_44)","decl":{"start":{"line":176,"column":40},"end":{"line":176,"column":null}},"loc":{"start":{"line":176,"column":40},"end":{"line":179,"column":null}}},"66":{"name":"(anonymous_16)","decl":{"start":{"line":44,"column":29},"end":{"line":44,"column":35}},"loc":{"start":{"line":44,"column":35},"end":{"line":44,"column":40}}},"67":{"name":"(anonymous_17)","decl":{"start":{"line":49,"column":9},"end":{"line":49,"column":null}},"loc":{"start":{"line":49,"column":9},"end":{"line":60,"column":15}}},"68":{"name":"(anonymous_19)","decl":{"start":{"line":57,"column":23},"end":{"line":57,"column":29}},"loc":{"start":{"line":57,"column":35},"end":{"line":57,"column":37}}},"69":{"name":"(anonymous_20)","decl":{"start":{"line":79,"column":16},"end":{"line":79,"column":null}},"loc":{"start":{"line":79,"column":16},"end":{"line":176,"column":21}}},"70":{"name":"(anonymous_21)","decl":{"start":{"line":82,"column":5},"end":{"line":82,"column":null}},"loc":{"start":{"line":82,"column":5},"end":{"line":82,"column":null}}},"71":{"name":"(anonymous_23)","decl":{"start":{"line":86,"column":25},"end":{"line":86,"column":28}},"loc":{"start":{"line":86,"column":39},"end":{"line":87,"column":null}}},"72":{"name":"(anonymous_24)","decl":{"start":{"line":87,"column":10},"end":{"line":87,"column":null}},"loc":{"start":{"line":87,"column":10},"end":{"line":91,"column":22}}},"73":{"name":"(anonymous_25)","decl":{"start":{"line":93,"column":29},"end":{"line":93,"column":32}},"loc":{"start":{"line":93,"column":41},"end":{"line":95,"column":null}}},"74":{"name":"(anonymous_26)","decl":{"start":{"line":95,"column":9},"end":{"line":95,"column":null}},"loc":{"start":{"line":95,"column":9},"end":{"line":99,"column":22}}},"75":{"name":"(anonymous_27)","decl":{"start":{"line":101,"column":29},"end":{"line":101,"column":32}},"loc":{"start":{"line":101,"column":40},"end":{"line":103,"column":null}}},"76":{"name":"(anonymous_28)","decl":{"start":{"line":103,"column":9},"end":{"line":103,"column":null}},"loc":{"start":{"line":103,"column":9},"end":{"line":109,"column":22}}},"77":{"name":"(anonymous_29)","decl":{"start":{"line":110,"column":30},"end":{"line":110,"column":33}},"loc":{"start":{"line":110,"column":44},"end":{"line":112,"column":null}}},"78":{"name":"(anonymous_30)","decl":{"start":{"line":112,"column":10},"end":{"line":112,"column":null}},"loc":{"start":{"line":112,"column":10},"end":{"line":116,"column":23}}},"79":{"name":"(anonymous_31)","decl":{"start":{"line":118,"column":30},"end":{"line":118,"column":33}},"loc":{"start":{"line":118,"column":42},"end":{"line":120,"column":null}}},"80":{"name":"(anonymous_32)","decl":{"start":{"line":120,"column":10},"end":{"line":120,"column":null}},"loc":{"start":{"line":120,"column":10},"end":{"line":124,"column":23}}},"81":{"name":"(anonymous_33)","decl":{"start":{"line":126,"column":30},"end":{"line":126,"column":33}},"loc":{"start":{"line":126,"column":41},"end":{"line":128,"column":null}}},"82":{"name":"(anonymous_34)","decl":{"start":{"line":128,"column":10},"end":{"line":128,"column":null}},"loc":{"start":{"line":128,"column":10},"end":{"line":134,"column":22}}},"83":{"name":"(anonymous_35)","decl":{"start":{"line":135,"column":30},"end":{"line":135,"column":33}},"loc":{"start":{"line":135,"column":44},"end":{"line":137,"column":null}}},"84":{"name":"(anonymous_36)","decl":{"start":{"line":137,"column":10},"end":{"line":137,"column":null}},"loc":{"start":{"line":137,"column":10},"end":{"line":141,"column":23}}},"85":{"name":"(anonymous_37)","decl":{"start":{"line":143,"column":30},"end":{"line":143,"column":33}},"loc":{"start":{"line":143,"column":42},"end":{"line":145,"column":null}}},"86":{"name":"(anonymous_38)","decl":{"start":{"line":145,"column":10},"end":{"line":145,"column":null}},"loc":{"start":{"line":145,"column":10},"end":{"line":149,"column":23}}},"87":{"name":"(anonymous_39)","decl":{"start":{"line":151,"column":30},"end":{"line":151,"column":33}},"loc":{"start":{"line":151,"column":41},"end":{"line":153,"column":null}}},"88":{"name":"(anonymous_40)","decl":{"start":{"line":153,"column":10},"end":{"line":153,"column":null}},"loc":{"start":{"line":153,"column":10},"end":{"line":159,"column":21}}},"89":{"name":"(anonymous_41)","decl":{"start":{"line":160,"column":29},"end":{"line":160,"column":32}},"loc":{"start":{"line":160,"column":43},"end":{"line":162,"column":null}}},"90":{"name":"(anonymous_42)","decl":{"start":{"line":162,"column":9},"end":{"line":162,"column":null}},"loc":{"start":{"line":162,"column":9},"end":{"line":166,"column":22}}},"91":{"name":"(anonymous_43)","decl":{"start":{"line":168,"column":29},"end":{"line":168,"column":32}},"loc":{"start":{"line":168,"column":41},"end":{"line":170,"column":null}}},"92":{"name":"(anonymous_44)","decl":{"start":{"line":170,"column":9},"end":{"line":170,"column":null}},"loc":{"start":{"line":170,"column":9},"end":{"line":174,"column":22}}}},"branchMap":{"0":{"loc":{"start":{"line":27,"column":8},"end":{"line":28,"column":null}},"type":"if","locations":[{"start":{"line":27,"column":8},"end":{"line":28,"column":null}}]},"1":{"loc":{"start":{"line":27,"column":12},"end":{"line":27,"column":74}},"type":"binary-expr","locations":[{"start":{"line":27,"column":12},"end":{"line":27,"column":27}},{"start":{"line":27,"column":31},"end":{"line":27,"column":48}},{"start":{"line":27,"column":52},"end":{"line":27,"column":74}}]},"2":{"loc":{"start":{"line":29,"column":8},"end":{"line":32,"column":null}},"type":"if","locations":[{"start":{"line":29,"column":8},"end":{"line":32,"column":null}}]},"3":{"loc":{"start":{"line":29,"column":12},"end":{"line":29,"column":68}},"type":"binary-expr","locations":[{"start":{"line":29,"column":12},"end":{"line":29,"column":25}},{"start":{"line":29,"column":29},"end":{"line":29,"column":44}},{"start":{"line":29,"column":48},"end":{"line":29,"column":68}}]},"4":{"loc":{"start":{"line":57,"column":8},"end":{"line":57,"column":49}},"type":"if","locations":[{"start":{"line":57,"column":8},"end":{"line":57,"column":49}}]},"5":{"loc":{"start":{"line":84,"column":39},"end":{"line":84,"column":120}},"type":"binary-expr","locations":[{"start":{"line":84,"column":39},"end":{"line":84,"column":82}},{"start":{"line":84,"column":86},"end":{"line":84,"column":120}}]},"6":{"loc":{"start":{"line":90,"column":16},"end":{"line":91,"column":48}},"type":"binary-expr","locations":[{"start":{"line":90,"column":16},"end":{"line":90,"column":59}},{"start":{"line":91,"column":16},"end":{"line":91,"column":48}}]},"7":{"loc":{"start":{"line":98,"column":16},"end":{"line":99,"column":49}},"type":"binary-expr","locations":[{"start":{"line":98,"column":16},"end":{"line":98,"column":59}},{"start":{"line":99,"column":16},"end":{"line":99,"column":49}}]},"8":{"loc":{"start":{"line":106,"column":17},"end":{"line":107,"column":51}},"type":"binary-expr","locations":[{"start":{"line":106,"column":17},"end":{"line":106,"column":79}},{"start":{"line":107,"column":17},"end":{"line":107,"column":51}}]},"9":{"loc":{"start":{"line":115,"column":17},"end":{"line":116,"column":49}},"type":"binary-expr","locations":[{"start":{"line":115,"column":17},"end":{"line":115,"column":79}},{"start":{"line":116,"column":17},"end":{"line":116,"column":49}}]},"10":{"loc":{"start":{"line":123,"column":17},"end":{"line":124,"column":50}},"type":"binary-expr","locations":[{"start":{"line":123,"column":17},"end":{"line":123,"column":79}},{"start":{"line":124,"column":17},"end":{"line":124,"column":50}}]},"11":{"loc":{"start":{"line":131,"column":17},"end":{"line":132,"column":51}},"type":"binary-expr","locations":[{"start":{"line":131,"column":17},"end":{"line":131,"column":65}},{"start":{"line":132,"column":17},"end":{"line":132,"column":51}}]},"12":{"loc":{"start":{"line":140,"column":17},"end":{"line":141,"column":49}},"type":"binary-expr","locations":[{"start":{"line":140,"column":17},"end":{"line":140,"column":65}},{"start":{"line":141,"column":17},"end":{"line":141,"column":49}}]},"13":{"loc":{"start":{"line":148,"column":17},"end":{"line":149,"column":50}},"type":"binary-expr","locations":[{"start":{"line":148,"column":17},"end":{"line":148,"column":65}},{"start":{"line":149,"column":17},"end":{"line":149,"column":50}}]},"14":{"loc":{"start":{"line":156,"column":16},"end":{"line":157,"column":50}},"type":"binary-expr","locations":[{"start":{"line":156,"column":16},"end":{"line":156,"column":64}},{"start":{"line":157,"column":16},"end":{"line":157,"column":50}}]},"15":{"loc":{"start":{"line":165,"column":16},"end":{"line":166,"column":48}},"type":"binary-expr","locations":[{"start":{"line":165,"column":16},"end":{"line":165,"column":64}},{"start":{"line":166,"column":16},"end":{"line":166,"column":48}}]},"16":{"loc":{"start":{"line":173,"column":16},"end":{"line":174,"column":49}},"type":"binary-expr","locations":[{"start":{"line":173,"column":16},"end":{"line":173,"column":64}},{"start":{"line":174,"column":16},"end":{"line":174,"column":49}}]},"17":{"loc":{"start":{"line":57,"column":37},"end":{"line":58,"column":26}},"type":"if","locations":[{"start":{"line":57,"column":37},"end":{"line":58,"column":26}}]},"18":{"loc":{"start":{"line":85,"column":39},"end":{"line":85,"column":null}},"type":"binary-expr","locations":[{"start":{"line":85,"column":39},"end":{"line":85,"column":null}},{"start":{"line":85,"column":40},"end":{"line":85,"column":null}}]},"19":{"loc":{"start":{"line":91,"column":37},"end":{"line":93,"column":null}},"type":"binary-expr","locations":[{"start":{"line":91,"column":37},"end":{"line":92,"column":null}},{"start":{"line":93,"column":16},"end":{"line":93,"column":null}}]},"20":{"loc":{"start":{"line":99,"column":37},"end":{"line":101,"column":null}},"type":"binary-expr","locations":[{"start":{"line":99,"column":37},"end":{"line":100,"column":null}},{"start":{"line":101,"column":16},"end":{"line":101,"column":null}}]},"21":{"loc":{"start":{"line":107,"column":38},"end":{"line":109,"column":null}},"type":"binary-expr","locations":[{"start":{"line":107,"column":38},"end":{"line":108,"column":null}},{"start":{"line":109,"column":17},"end":{"line":109,"column":null}}]},"22":{"loc":{"start":{"line":116,"column":38},"end":{"line":118,"column":null}},"type":"binary-expr","locations":[{"start":{"line":116,"column":38},"end":{"line":117,"column":null}},{"start":{"line":118,"column":17},"end":{"line":118,"column":null}}]},"23":{"loc":{"start":{"line":124,"column":38},"end":{"line":126,"column":null}},"type":"binary-expr","locations":[{"start":{"line":124,"column":38},"end":{"line":125,"column":null}},{"start":{"line":126,"column":17},"end":{"line":126,"column":null}}]},"24":{"loc":{"start":{"line":132,"column":38},"end":{"line":134,"column":null}},"type":"binary-expr","locations":[{"start":{"line":132,"column":38},"end":{"line":133,"column":null}},{"start":{"line":134,"column":17},"end":{"line":134,"column":null}}]},"25":{"loc":{"start":{"line":141,"column":38},"end":{"line":143,"column":null}},"type":"binary-expr","locations":[{"start":{"line":141,"column":38},"end":{"line":142,"column":null}},{"start":{"line":143,"column":17},"end":{"line":143,"column":null}}]},"26":{"loc":{"start":{"line":149,"column":38},"end":{"line":151,"column":null}},"type":"binary-expr","locations":[{"start":{"line":149,"column":38},"end":{"line":150,"column":null}},{"start":{"line":151,"column":17},"end":{"line":151,"column":null}}]},"27":{"loc":{"start":{"line":157,"column":37},"end":{"line":159,"column":null}},"type":"binary-expr","locations":[{"start":{"line":157,"column":37},"end":{"line":158,"column":null}},{"start":{"line":159,"column":16},"end":{"line":159,"column":null}}]},"28":{"loc":{"start":{"line":166,"column":37},"end":{"line":168,"column":null}},"type":"binary-expr","locations":[{"start":{"line":166,"column":37},"end":{"line":167,"column":null}},{"start":{"line":168,"column":16},"end":{"line":168,"column":null}}]},"29":{"loc":{"start":{"line":174,"column":37},"end":{"line":176,"column":null}},"type":"binary-expr","locations":[{"start":{"line":174,"column":37},"end":{"line":175,"column":null}},{"start":{"line":176,"column":16},"end":{"line":176,"column":null}}]},"30":{"loc":{"start":{"line":55,"column":8},"end":{"line":56,"column":25}},"type":"if","locations":[{"start":{"line":55,"column":8},"end":{"line":56,"column":25}}]},"31":{"loc":{"start":{"line":82,"column":5},"end":{"line":82,"column":null}},"type":"binary-expr","locations":[{"start":{"line":82,"column":5},"end":{"line":82,"column":null}},{"start":{"line":82,"column":5},"end":{"line":82,"column":null}}]},"32":{"loc":{"start":{"line":86,"column":39},"end":{"line":87,"column":null}},"type":"binary-expr","locations":[{"start":{"line":86,"column":39},"end":{"line":86,"column":null}},{"start":{"line":87,"column":10},"end":{"line":87,"column":null}}]},"33":{"loc":{"start":{"line":93,"column":41},"end":{"line":95,"column":null}},"type":"binary-expr","locations":[{"start":{"line":93,"column":41},"end":{"line":93,"column":null}},{"start":{"line":95,"column":9},"end":{"line":95,"column":null}}]},"34":{"loc":{"start":{"line":101,"column":40},"end":{"line":103,"column":null}},"type":"binary-expr","locations":[{"start":{"line":101,"column":40},"end":{"line":101,"column":null}},{"start":{"line":103,"column":9},"end":{"line":103,"column":null}}]},"35":{"loc":{"start":{"line":110,"column":44},"end":{"line":112,"column":null}},"type":"binary-expr","locations":[{"start":{"line":110,"column":44},"end":{"line":110,"column":null}},{"start":{"line":112,"column":10},"end":{"line":112,"column":null}}]},"36":{"loc":{"start":{"line":118,"column":42},"end":{"line":120,"column":null}},"type":"binary-expr","locations":[{"start":{"line":118,"column":42},"end":{"line":118,"column":null}},{"start":{"line":120,"column":10},"end":{"line":120,"column":null}}]},"37":{"loc":{"start":{"line":126,"column":41},"end":{"line":128,"column":null}},"type":"binary-expr","locations":[{"start":{"line":126,"column":41},"end":{"line":126,"column":null}},{"start":{"line":128,"column":10},"end":{"line":128,"column":null}}]},"38":{"loc":{"start":{"line":135,"column":44},"end":{"line":137,"column":null}},"type":"binary-expr","locations":[{"start":{"line":135,"column":44},"end":{"line":135,"column":null}},{"start":{"line":137,"column":10},"end":{"line":137,"column":null}}]},"39":{"loc":{"start":{"line":143,"column":42},"end":{"line":145,"column":null}},"type":"binary-expr","locations":[{"start":{"line":143,"column":42},"end":{"line":143,"column":null}},{"start":{"line":145,"column":10},"end":{"line":145,"column":null}}]},"40":{"loc":{"start":{"line":151,"column":41},"end":{"line":153,"column":null}},"type":"binary-expr","locations":[{"start":{"line":151,"column":41},"end":{"line":151,"column":null}},{"start":{"line":153,"column":10},"end":{"line":153,"column":null}}]},"41":{"loc":{"start":{"line":160,"column":43},"end":{"line":162,"column":null}},"type":"binary-expr","locations":[{"start":{"line":160,"column":43},"end":{"line":160,"column":null}},{"start":{"line":162,"column":9},"end":{"line":162,"column":null}}]},"42":{"loc":{"start":{"line":168,"column":41},"end":{"line":170,"column":null}},"type":"binary-expr","locations":[{"start":{"line":168,"column":41},"end":{"line":168,"column":null}},{"start":{"line":170,"column":9},"end":{"line":170,"column":null}}]}},"s":{"0":3,"1":3,"2":3,"3":3,"4":2,"5":2,"6":2,"7":2,"8":0,"9":0,"10":0,"11":2,"12":1,"13":1,"14":2,"15":0,"16":0,"17":0,"18":0,"19":0,"20":0,"21":0,"22":0,"23":0,"24":1,"25":0,"26":0,"27":0,"28":0,"29":0,"30":0,"31":0,"32":0,"33":1,"34":2,"35":2,"36":2,"37":2,"38":0,"39":0,"40":0,"41":0,"42":0,"43":1,"44":1,"45":1,"46":7,"47":0,"48":0,"49":1,"50":7,"51":1,"52":1,"53":7,"54":0,"55":1,"56":7,"57":0,"58":0,"59":1,"60":7,"61":1,"62":1,"63":7,"64":0,"65":1,"66":7,"67":0,"68":0,"69":1,"70":7,"71":2,"72":1,"73":7,"74":0,"75":1,"76":7,"77":0,"78":0,"79":1,"80":7,"81":0,"82":1,"83":7,"84":0,"85":1,"86":1,"87":1,"88":1,"89":0,"90":0,"91":0,"92":1,"93":0,"94":0,"95":0,"96":0,"97":0,"98":0,"99":0,"100":1,"101":2,"102":2,"103":2,"104":2,"105":0,"106":0,"107":0,"108":0,"109":1,"110":1,"111":1,"112":7,"113":0,"114":1,"115":7,"116":1,"117":1,"118":7,"119":0,"120":1,"121":7,"122":0,"123":1,"124":7,"125":1,"126":1,"127":7,"128":0,"129":1,"130":7,"131":0,"132":1,"133":7,"134":2,"135":1,"136":7,"137":0,"138":1,"139":7,"140":0,"141":1,"142":7,"143":0,"144":1,"145":7,"146":0,"147":1,"148":0,"149":0,"150":0,"151":0,"152":0,"153":1,"154":0,"155":0,"156":0,"157":0,"158":0,"159":0,"160":0,"161":1,"162":1,"163":1,"164":7,"165":0,"166":0,"167":1,"168":7,"169":0,"170":1,"171":7,"172":0,"173":1,"174":7,"175":0,"176":0,"177":1,"178":7,"179":0,"180":1,"181":7,"182":0,"183":1,"184":7,"185":0,"186":0,"187":1,"188":7,"189":0,"190":1,"191":7,"192":0,"193":1,"194":7,"195":0,"196":0,"197":1,"198":7,"199":0,"200":1,"201":7,"202":0,"203":1},"f":{"0":2,"1":2,"2":2,"3":2,"4":0,"5":0,"6":0,"7":0,"8":0,"9":2,"10":2,"11":0,"12":1,"13":7,"14":0,"15":7,"16":1,"17":7,"18":0,"19":7,"20":0,"21":7,"22":1,"23":7,"24":0,"25":7,"26":0,"27":7,"28":2,"29":7,"30":0,"31":7,"32":0,"33":7,"34":0,"35":7,"36":0,"37":0,"38":0,"39":4,"40":0,"41":1,"42":7,"43":0,"44":7,"45":1,"46":7,"47":0,"48":7,"49":0,"50":7,"51":1,"52":7,"53":0,"54":7,"55":0,"56":7,"57":2,"58":7,"59":0,"60":7,"61":0,"62":7,"63":0,"64":7,"65":0,"66":0,"67":0,"68":0,"69":1,"70":7,"71":7,"72":0,"73":7,"74":0,"75":7,"76":0,"77":7,"78":0,"79":7,"80":0,"81":7,"82":0,"83":7,"84":0,"85":7,"86":0,"87":7,"88":0,"89":7,"90":0,"91":7,"92":0},"b":{"0":[0],"1":[0,0,0],"2":[0],"3":[0,0,0],"4":[0],"5":[7,1],"6":[7,1],"7":[7,1],"8":[7,1],"9":[7,1],"10":[7,1],"11":[7,2],"12":[7,2],"13":[7,2],"14":[7,0],"15":[7,0],"16":[7,0],"17":[0],"18":[7,1],"19":[7,1],"20":[7,1],"21":[7,1],"22":[7,1],"23":[7,1],"24":[7,2],"25":[7,2],"26":[7,2],"27":[7,0],"28":[7,0],"29":[7,0],"30":[0],"31":[7,0],"32":[7,0],"33":[7,0],"34":[7,0],"35":[7,0],"36":[7,0],"37":[7,0],"38":[7,0],"39":[7,0],"40":[7,0],"41":[7,0],"42":[7,0]}}
,"/home/saidg/Desktop/bootcamp-38/final/bootcamp-38-greencommute/src/store/store.tsx": {"path":"/home/saidg/Desktop/bootcamp-38/final/bootcamp-38-greencommute/src/store/store.tsx","statementMap":{"0":{"start":{"line":1,"column":0},"end":{"line":1,"column":49}},"1":{"start":{"line":2,"column":0},"end":{"line":2,"column":45}},"2":{"start":{"line":3,"column":0},"end":{"line":3,"column":43}},"3":{"start":{"line":5,"column":13},"end":{"line":10,"column":null}},"4":{"start":{"line":13,"column":0},"end":{"line":13,"column":21}}},"fnMap":{},"branchMap":{},"s":{"0":3,"1":3,"2":3,"3":3,"4":3},"f":{},"b":{}}
,"/home/saidg/Desktop/bootcamp-38/final/bootcamp-38-greencommute/src/theme/customTheme.tsx": {"path":"/home/saidg/Desktop/bootcamp-38/final/bootcamp-38-greencommute/src/theme/customTheme.tsx","statementMap":{"0":{"start":{"line":1,"column":0},"end":{"line":1,"column":null}},"1":{"start":{"line":124,"column":14},"end":{"line":288,"column":2}},"2":{"start":{"line":409,"column":0},"end":{"line":409,"column":null}}},"fnMap":{},"branchMap":{},"s":{"0":21,"1":21,"2":21},"f":{},"b":{}}
}
