{"/home/sowmga/Desktop/dummy/final_testcases_boot/public/assets/Avatar.jpg": {"path":"/home/sowmga/Desktop/dummy/final_testcases_boot/public/assets/Avatar.jpg","statementMap":{"0":{"start":{"line":1,"column":0},"end":{"line":1,"column":19}}},"fnMap":{},"branchMap":{},"s":{"0":2},"f":{},"b":{},"_coverageSchema":"1a1c01bbd47fc00a2c39e90264f33305004495a9","hash":"6476e362fd4da85e4d9727b187fa29eb809ebcc5"}
,"/home/sowmga/Desktop/dummy/final_testcases_boot/public/assets/images/aqi.png": {"path":"/home/sowmga/Desktop/dummy/final_testcases_boot/public/assets/images/aqi.png","statementMap":{"0":{"start":{"line":1,"column":0},"end":{"line":1,"column":19}}},"fnMap":{},"branchMap":{},"s":{"0":19},"f":{},"b":{},"_coverageSchema":"1a1c01bbd47fc00a2c39e90264f33305004495a9","hash":"848ea850fc90371c94b686a88683592d48894327"}
,"/home/sowmga/Desktop/dummy/final_testcases_boot/public/assets/images/avatar.png": {"path":"/home/sowmga/Desktop/dummy/final_testcases_boot/public/assets/images/avatar.png","statementMap":{"0":{"start":{"line":1,"column":0},"end":{"line":1,"column":19}}},"fnMap":{},"branchMap":{},"s":{"0":19},"f":{},"b":{},"_coverageSchema":"1a1c01bbd47fc00a2c39e90264f33305004495a9","hash":"3e456acf18915b255a66fb1cada6c1144a4a473d"}
,"/home/sowmga/Desktop/dummy/final_testcases_boot/public/assets/images/bmw.png": {"path":"/home/sowmga/Desktop/dummy/final_testcases_boot/public/assets/images/bmw.png","statementMap":{"0":{"start":{"line":1,"column":0},"end":{"line":1,"column":19}}},"fnMap":{},"branchMap":{},"s":{"0":19},"f":{},"b":{},"_coverageSchema":"1a1c01bbd47fc00a2c39e90264f33305004495a9","hash":"be0eb205bd39b728ceda5e31da4903ad0e3a9aae"}
,"/home/sowmga/Desktop/dummy/final_testcases_boot/public/assets/images/hitech.png": {"path":"/home/sowmga/Desktop/dummy/final_testcases_boot/public/assets/images/hitech.png","statementMap":{"0":{"start":{"line":1,"column":0},"end":{"line":1,"column":19}}},"fnMap":{},"branchMap":{},"s":{"0":19},"f":{},"b":{},"_coverageSchema":"1a1c01bbd47fc00a2c39e90264f33305004495a9","hash":"635120fc3aca34ab1de050a9d008de8d482b5f7e"}
,"/home/sowmga/Desktop/dummy/final_testcases_boot/public/assets/images/hp.png": {"path":"/home/sowmga/Desktop/dummy/final_testcases_boot/public/assets/images/hp.png","statementMap":{"0":{"start":{"line":1,"column":0},"end":{"line":1,"column":19}}},"fnMap":{},"branchMap":{},"s":{"0":19},"f":{},"b":{},"_coverageSchema":"1a1c01bbd47fc00a2c39e90264f33305004495a9","hash":"298f1d59524308dc82cfa5cf5e6322173ac2e408"}
,"/home/sowmga/Desktop/dummy/final_testcases_boot/public/assets/images/instagram.png": {"path":"/home/sowmga/Desktop/dummy/final_testcases_boot/public/assets/images/instagram.png","statementMap":{"0":{"start":{"line":1,"column":0},"end":{"line":1,"column":19}}},"fnMap":{},"branchMap":{},"s":{"0":19},"f":{},"b":{},"_coverageSchema":"1a1c01bbd47fc00a2c39e90264f33305004495a9","hash":"f39b1ec04e2e96603b75dfc77cad2c8179470184"}
,"/home/sowmga/Desktop/dummy/final_testcases_boot/public/assets/images/jobs.png": {"path":"/home/sowmga/Desktop/dummy/final_testcases_boot/public/assets/images/jobs.png","statementMap":{"0":{"start":{"line":1,"column":0},"end":{"line":1,"column":19}}},"fnMap":{},"branchMap":{},"s":{"0":19},"f":{},"b":{},"_coverageSchema":"1a1c01bbd47fc00a2c39e90264f33305004495a9","hash":"dcb65b274444e7c147d8048e1713ebb2a1edc507"}
,"/home/sowmga/Desktop/dummy/final_testcases_boot/public/assets/images/logo1.png": {"path":"/home/sowmga/Desktop/dummy/final_testcases_boot/public/assets/images/logo1.png","statementMap":{"0":{"start":{"line":1,"column":0},"end":{"line":1,"column":19}}},"fnMap":{},"branchMap":{},"s":{"0":19},"f":{},"b":{},"_coverageSchema":"1a1c01bbd47fc00a2c39e90264f33305004495a9","hash":"4f9989a6bc9e11a586ff07c1b5ff5db02b676279"}
,"/home/sowmga/Desktop/dummy/final_testcases_boot/public/assets/images/logo2.png": {"path":"/home/sowmga/Desktop/dummy/final_testcases_boot/public/assets/images/logo2.png","statementMap":{"0":{"start":{"line":1,"column":0},"end":{"line":1,"column":19}}},"fnMap":{},"branchMap":{},"s":{"0":19},"f":{},"b":{},"_coverageSchema":"1a1c01bbd47fc00a2c39e90264f33305004495a9","hash":"39afa3bd2fef8c23342356e83d641ae4a00c64d6"}
,"/home/sowmga/Desktop/dummy/final_testcases_boot/public/assets/images/mapView.png": {"path":"/home/sowmga/Desktop/dummy/final_testcases_boot/public/assets/images/mapView.png","statementMap":{"0":{"start":{"line":1,"column":0},"end":{"line":1,"column":19}}},"fnMap":{},"branchMap":{},"s":{"0":19},"f":{},"b":{},"_coverageSchema":"1a1c01bbd47fc00a2c39e90264f33305004495a9","hash":"c2768b62327d3914f1909a6801f467abbffe7024"}
,"/home/sowmga/Desktop/dummy/final_testcases_boot/public/assets/images/myntra.png": {"path":"/home/sowmga/Desktop/dummy/final_testcases_boot/public/assets/images/myntra.png","statementMap":{"0":{"start":{"line":1,"column":0},"end":{"line":1,"column":19}}},"fnMap":{},"branchMap":{},"s":{"0":19},"f":{},"b":{},"_coverageSchema":"1a1c01bbd47fc00a2c39e90264f33305004495a9","hash":"98ddec9916e651146c0062c139713024043171b5"}
,"/home/sowmga/Desktop/dummy/final_testcases_boot/public/assets/images/ola.png": {"path":"/home/sowmga/Desktop/dummy/final_testcases_boot/public/assets/images/ola.png","statementMap":{"0":{"start":{"line":1,"column":0},"end":{"line":1,"column":19}}},"fnMap":{},"branchMap":{},"s":{"0":19},"f":{},"b":{},"_coverageSchema":"1a1c01bbd47fc00a2c39e90264f33305004495a9","hash":"0f9b0f0ea5c03d55b3c15e99fce426a3aa849797"}
,"/home/sowmga/Desktop/dummy/final_testcases_boot/public/assets/images/rapido.png": {"path":"/home/sowmga/Desktop/dummy/final_testcases_boot/public/assets/images/rapido.png","statementMap":{"0":{"start":{"line":1,"column":0},"end":{"line":1,"column":19}}},"fnMap":{},"branchMap":{},"s":{"0":19},"f":{},"b":{},"_coverageSchema":"1a1c01bbd47fc00a2c39e90264f33305004495a9","hash":"ac8085ee15344e450ee6521edee4a11cc9a81a1d"}
,"/home/sowmga/Desktop/dummy/final_testcases_boot/public/assets/images/stay.png": {"path":"/home/sowmga/Desktop/dummy/final_testcases_boot/public/assets/images/stay.png","statementMap":{"0":{"start":{"line":1,"column":0},"end":{"line":1,"column":19}}},"fnMap":{},"branchMap":{},"s":{"0":19},"f":{},"b":{},"_coverageSchema":"1a1c01bbd47fc00a2c39e90264f33305004495a9","hash":"674c2b991338edf20c04ea7464a3e00a8b0f9f09"}
,"/home/sowmga/Desktop/dummy/final_testcases_boot/public/assets/images/success.png": {"path":"/home/sowmga/Desktop/dummy/final_testcases_boot/public/assets/images/success.png","statementMap":{"0":{"start":{"line":1,"column":0},"end":{"line":1,"column":19}}},"fnMap":{},"branchMap":{},"s":{"0":3},"f":{},"b":{},"_coverageSchema":"1a1c01bbd47fc00a2c39e90264f33305004495a9","hash":"7ffe5c88f14e90db01ef5bc6ff51cf045feb440a"}
,"/home/sowmga/Desktop/dummy/final_testcases_boot/public/assets/images/twitter.png": {"path":"/home/sowmga/Desktop/dummy/final_testcases_boot/public/assets/images/twitter.png","statementMap":{"0":{"start":{"line":1,"column":0},"end":{"line":1,"column":19}}},"fnMap":{},"branchMap":{},"s":{"0":19},"f":{},"b":{},"_coverageSchema":"1a1c01bbd47fc00a2c39e90264f33305004495a9","hash":"e1b028553ef0a95086658edbec8d7bce924ddb86"}
,"/home/sowmga/Desktop/dummy/final_testcases_boot/public/assets/images/uber.png": {"path":"/home/sowmga/Desktop/dummy/final_testcases_boot/public/assets/images/uber.png","statementMap":{"0":{"start":{"line":1,"column":0},"end":{"line":1,"column":19}}},"fnMap":{},"branchMap":{},"s":{"0":19},"f":{},"b":{},"_coverageSchema":"1a1c01bbd47fc00a2c39e90264f33305004495a9","hash":"ac78cfaf520b4719b8de7887fe6611a258fceb87"}
,"/home/sowmga/Desktop/dummy/final_testcases_boot/public/assets/images/vector.png": {"path":"/home/sowmga/Desktop/dummy/final_testcases_boot/public/assets/images/vector.png","statementMap":{"0":{"start":{"line":1,"column":0},"end":{"line":1,"column":19}}},"fnMap":{},"branchMap":{},"s":{"0":2},"f":{},"b":{},"_coverageSchema":"1a1c01bbd47fc00a2c39e90264f33305004495a9","hash":"ef7c3e48a656342ee3ff00a7fe43c5de8f7807fa"}
,"/home/sowmga/Desktop/dummy/final_testcases_boot/public/assets/images/wipro.png": {"path":"/home/sowmga/Desktop/dummy/final_testcases_boot/public/assets/images/wipro.png","statementMap":{"0":{"start":{"line":1,"column":0},"end":{"line":1,"column":19}}},"fnMap":{},"branchMap":{},"s":{"0":19},"f":{},"b":{},"_coverageSchema":"1a1c01bbd47fc00a2c39e90264f33305004495a9","hash":"4babcda4c46d842f372f9cfa6549ecbccf1aa25e"}
,"/home/sowmga/Desktop/dummy/final_testcases_boot/public/assets/images/work.png": {"path":"/home/sowmga/Desktop/dummy/final_testcases_boot/public/assets/images/work.png","statementMap":{"0":{"start":{"line":1,"column":0},"end":{"line":1,"column":19}}},"fnMap":{},"branchMap":{},"s":{"0":19},"f":{},"b":{},"_coverageSchema":"1a1c01bbd47fc00a2c39e90264f33305004495a9","hash":"8b07eb1e6163e43a37d235c69a9d7d60c384a833"}
,"/home/sowmga/Desktop/dummy/final_testcases_boot/src/components/atoms/CurrentIcon/index.tsx": {"path":"/home/sowmga/Desktop/dummy/final_testcases_boot/src/components/atoms/CurrentIcon/index.tsx","statementMap":{"0":{"start":{"line":1,"column":0},"end":{"line":1,"column":26}},"1":{"start":{"line":2,"column":0},"end":{"line":2,"column":41}},"2":{"start":{"line":3,"column":0},"end":{"line":3,"column":47}},"3":{"start":{"line":5,"column":15},"end":{"line":23,"column":2}},"4":{"start":{"line":25,"column":23},"end":{"line":32,"column":1}},"5":{"start":{"line":26,"column":18},"end":{"line":26,"column":26}},"6":{"start":{"line":27,"column":2},"end":{"line":31,"column":4}},"7":{"start":{"line":25,"column":13},"end":{"line":25,"column":23}}},"fnMap":{"0":{"name":"(anonymous_1)","decl":{"start":{"line":25,"column":23},"end":{"line":25,"column":26}},"loc":{"start":{"line":25,"column":28},"end":{"line":32,"column":1}}}},"branchMap":{},"s":{"0":3,"1":3,"2":3,"3":3,"4":3,"5":11,"6":11,"7":3},"f":{"0":11},"b":{}}
,"/home/sowmga/Desktop/dummy/final_testcases_boot/src/components/atoms/avatar/index.tsx": {"path":"/home/sowmga/Desktop/dummy/final_testcases_boot/src/components/atoms/avatar/index.tsx","statementMap":{"0":{"start":{"line":1,"column":0},"end":{"line":1,"column":38}},"1":{"start":{"line":2,"column":0},"end":{"line":2,"column":25}},"2":{"start":{"line":3,"column":0},"end":{"line":3,"column":57}},"3":{"start":{"line":5,"column":19},"end":{"line":11,"column":1}},"4":{"start":{"line":6,"column":4},"end":{"line":10,"column":null}},"5":{"start":{"line":13,"column":0},"end":{"line":13,"column":null}}},"fnMap":{"0":{"name":"(anonymous_1)","decl":{"start":{"line":5,"column":19},"end":{"line":5,"column":22}},"loc":{"start":{"line":5,"column":24},"end":{"line":11,"column":1}}}},"branchMap":{},"s":{"0":2,"1":2,"2":2,"3":2,"4":3,"5":2},"f":{"0":3},"b":{}}
,"/home/sowmga/Desktop/dummy/final_testcases_boot/src/components/atoms/icon/index.tsx": {"path":"/home/sowmga/Desktop/dummy/final_testcases_boot/src/components/atoms/icon/index.tsx","statementMap":{"0":{"start":{"line":1,"column":0},"end":{"line":1,"column":55}},"1":{"start":{"line":2,"column":0},"end":{"line":2,"column":25}},"2":{"start":{"line":3,"column":0},"end":{"line":3,"column":52}},"3":{"start":{"line":13,"column":13},"end":{"line":27,"column":1}},"4":{"start":{"line":13,"column":32},"end":{"line":13,"column":37}},"5":{"start":{"line":13,"column":42},"end":{"line":13,"column":55}},"6":{"start":{"line":14,"column":4},"end":{"line":26,"column":null}},"7":{"start":{"line":29,"column":0},"end":{"line":29,"column":null}}},"fnMap":{"0":{"name":"(anonymous_2)","decl":{"start":{"line":13,"column":13},"end":{"line":13,"column":14}},"loc":{"start":{"line":13,"column":59},"end":{"line":27,"column":1}}}},"branchMap":{},"s":{"0":12,"1":12,"2":12,"3":12,"4":212,"5":212,"6":212,"7":12},"f":{"0":212},"b":{}}
,"/home/sowmga/Desktop/dummy/final_testcases_boot/src/components/atoms/image/index.tsx": {"path":"/home/sowmga/Desktop/dummy/final_testcases_boot/src/components/atoms/image/index.tsx","statementMap":{"0":{"start":{"line":1,"column":0},"end":{"line":1,"column":52}},"1":{"start":{"line":2,"column":0},"end":{"line":2,"column":26}},"2":{"start":{"line":3,"column":0},"end":{"line":3,"column":50}},"3":{"start":{"line":13,"column":12},"end":{"line":22,"column":1}},"4":{"start":{"line":14,"column":4},"end":{"line":19,"column":null}},"5":{"start":{"line":24,"column":0},"end":{"line":24,"column":19}}},"fnMap":{"0":{"name":"(anonymous_1)","decl":{"start":{"line":13,"column":12},"end":{"line":13,"column":13}},"loc":{"start":{"line":13,"column":35},"end":{"line":22,"column":1}}}},"branchMap":{},"s":{"0":9,"1":9,"2":9,"3":9,"4":28,"5":9},"f":{"0":28},"b":{}}
,"/home/sowmga/Desktop/dummy/final_testcases_boot/src/components/molecules/AQIIndicator/index.tsx": {"path":"/home/sowmga/Desktop/dummy/final_testcases_boot/src/components/molecules/AQIIndicator/index.tsx","statementMap":{"0":{"start":{"line":2,"column":0},"end":{"line":2,"column":53}},"1":{"start":{"line":3,"column":0},"end":{"line":3,"column":35}},"2":{"start":{"line":4,"column":0},"end":{"line":4,"column":50}},"3":{"start":{"line":5,"column":0},"end":{"line":5,"column":40}},"4":{"start":{"line":7,"column":0},"end":{"line":7,"column":35}},"5":{"start":{"line":9,"column":18},"end":{"line":22,"column":2}},"6":{"start":{"line":29,"column":21},"end":{"line":62,"column":1}},"7":{"start":{"line":30,"column":20},"end":{"line":30,"column":31}},"8":{"start":{"line":31,"column":30},"end":{"line":31,"column":48}},"9":{"start":{"line":32,"column":32},"end":{"line":32,"column":50}},"10":{"start":{"line":33,"column":4},"end":{"line":41,"column":null}},"11":{"start":{"line":34,"column":8},"end":{"line":40,"column":null}},"12":{"start":{"line":35,"column":12},"end":{"line":35,"column":null}},"13":{"start":{"line":36,"column":12},"end":{"line":36,"column":null}},"14":{"start":{"line":38,"column":12},"end":{"line":38,"column":null}},"15":{"start":{"line":39,"column":12},"end":{"line":39,"column":null}},"16":{"start":{"line":42,"column":4},"end":{"line":61,"column":null}},"17":{"start":{"line":64,"column":0},"end":{"line":64,"column":null}}},"fnMap":{"0":{"name":"(anonymous_7)","decl":{"start":{"line":29,"column":21},"end":{"line":29,"column":22}},"loc":{"start":{"line":29,"column":48},"end":{"line":62,"column":1}}},"1":{"name":"(anonymous_8)","decl":{"start":{"line":33,"column":14},"end":{"line":33,"column":17}},"loc":{"start":{"line":33,"column":19},"end":{"line":41,"column":5}}}},"branchMap":{"0":{"loc":{"start":{"line":34,"column":8},"end":{"line":40,"column":null}},"type":"if","locations":[{"start":{"line":34,"column":8},"end":{"line":40,"column":null}},{"start":{"line":37,"column":15},"end":{"line":40,"column":null}}]}},"s":{"0":2,"1":2,"2":2,"3":2,"4":2,"5":2,"6":2,"7":4,"8":4,"9":4,"10":4,"11":2,"12":1,"13":1,"14":1,"15":1,"16":4,"17":2},"f":{"0":4,"1":2},"b":{"0":[1,1]}}
,"/home/sowmga/Desktop/dummy/final_testcases_boot/src/components/molecules/CabDetail/index.tsx": {"path":"/home/sowmga/Desktop/dummy/final_testcases_boot/src/components/molecules/CabDetail/index.tsx","statementMap":{"0":{"start":{"line":1,"column":0},"end":{"line":1,"column":51}},"1":{"start":{"line":2,"column":0},"end":{"line":2,"column":35}},"2":{"start":{"line":3,"column":0},"end":{"line":3,"column":25}},"3":{"start":{"line":4,"column":0},"end":{"line":4,"column":53}},"4":{"start":{"line":6,"column":0},"end":{"line":6,"column":35}},"5":{"start":{"line":7,"column":0},"end":{"line":7,"column":35}},"6":{"start":{"line":15,"column":18},"end":{"line":89,"column":1}},"7":{"start":{"line":16,"column":4},"end":{"line":88,"column":null}},"8":{"start":{"line":91,"column":0},"end":{"line":91,"column":null}}},"fnMap":{"0":{"name":"(anonymous_1)","decl":{"start":{"line":15,"column":18},"end":{"line":15,"column":19}},"loc":{"start":{"line":15,"column":53},"end":{"line":89,"column":1}}}},"branchMap":{},"s":{"0":3,"1":3,"2":3,"3":3,"4":3,"5":3,"6":3,"7":7,"8":3},"f":{"0":7},"b":{}}
,"/home/sowmga/Desktop/dummy/final_testcases_boot/src/components/molecules/CommonRoutes/index.tsx": {"path":"/home/sowmga/Desktop/dummy/final_testcases_boot/src/components/molecules/CommonRoutes/index.tsx","statementMap":{"0":{"start":{"line":1,"column":0},"end":{"line":1,"column":30}},"1":{"start":{"line":2,"column":0},"end":{"line":2,"column":51}},"2":{"start":{"line":3,"column":0},"end":{"line":3,"column":40}},"3":{"start":{"line":4,"column":0},"end":{"line":4,"column":49}},"4":{"start":{"line":5,"column":0},"end":{"line":5,"column":59}},"5":{"start":{"line":6,"column":0},"end":{"line":6,"column":33}},"6":{"start":{"line":7,"column":0},"end":{"line":7,"column":35}},"7":{"start":{"line":8,"column":0},"end":{"line":8,"column":46}},"8":{"start":{"line":10,"column":15},"end":{"line":16,"column":2}},"9":{"start":{"line":24,"column":28},"end":{"line":126,"column":1}},"10":{"start":{"line":25,"column":20},"end":{"line":25,"column":28}},"11":{"start":{"line":26,"column":4},"end":{"line":125,"column":null}},"12":{"start":{"line":24,"column":13},"end":{"line":24,"column":28}}},"fnMap":{"0":{"name":"(anonymous_7)","decl":{"start":{"line":24,"column":28},"end":{"line":24,"column":29}},"loc":{"start":{"line":24,"column":73},"end":{"line":126,"column":1}}}},"branchMap":{},"s":{"0":3,"1":3,"2":3,"3":3,"4":3,"5":3,"6":3,"7":3,"8":3,"9":3,"10":11,"11":11,"12":3},"f":{"0":11},"b":{}}
,"/home/sowmga/Desktop/dummy/final_testcases_boot/src/components/molecules/InputField/index.tsx": {"path":"/home/sowmga/Desktop/dummy/final_testcases_boot/src/components/molecules/InputField/index.tsx","statementMap":{"0":{"start":{"line":1,"column":0},"end":{"line":1,"column":41}},"1":{"start":{"line":2,"column":0},"end":{"line":2,"column":25}},"2":{"start":{"line":10,"column":26},"end":{"line":12,"column":1}},"3":{"start":{"line":11,"column":4},"end":{"line":11,"column":null}},"4":{"start":{"line":10,"column":13},"end":{"line":10,"column":26}}},"fnMap":{"0":{"name":"(anonymous_1)","decl":{"start":{"line":10,"column":26},"end":{"line":10,"column":27}},"loc":{"start":{"line":10,"column":63},"end":{"line":12,"column":1}}}},"branchMap":{},"s":{"0":1,"1":1,"2":1,"3":1,"4":1},"f":{"0":1},"b":{}}
,"/home/sowmga/Desktop/dummy/final_testcases_boot/src/components/molecules/LocationBar/index.tsx": {"path":"/home/sowmga/Desktop/dummy/final_testcases_boot/src/components/molecules/LocationBar/index.tsx","statementMap":{"0":{"start":{"line":1,"column":0},"end":{"line":1,"column":44}},"1":{"start":{"line":2,"column":0},"end":{"line":2,"column":49}},"2":{"start":{"line":3,"column":0},"end":{"line":3,"column":25}},"3":{"start":{"line":5,"column":0},"end":{"line":5,"column":35}},"4":{"start":{"line":11,"column":20},"end":{"line":40,"column":1}},"5":{"start":{"line":12,"column":4},"end":{"line":39,"column":null}},"6":{"start":{"line":42,"column":0},"end":{"line":42,"column":null}}},"fnMap":{"0":{"name":"(anonymous_1)","decl":{"start":{"line":11,"column":20},"end":{"line":11,"column":21}},"loc":{"start":{"line":11,"column":52},"end":{"line":40,"column":1}}}},"branchMap":{},"s":{"0":2,"1":2,"2":2,"3":2,"4":2,"5":3,"6":2},"f":{"0":3},"b":{}}
,"/home/sowmga/Desktop/dummy/final_testcases_boot/src/components/molecules/button/index.tsx": {"path":"/home/sowmga/Desktop/dummy/final_testcases_boot/src/components/molecules/button/index.tsx","statementMap":{"0":{"start":{"line":1,"column":0},"end":{"line":1,"column":25}},"1":{"start":{"line":2,"column":0},"end":{"line":2,"column":38}},"2":{"start":{"line":3,"column":0},"end":{"line":3,"column":42}},"3":{"start":{"line":16,"column":23},"end":{"line":47,"column":1}},"4":{"start":{"line":25,"column":4},"end":{"line":46,"column":null}},"5":{"start":{"line":16,"column":13},"end":{"line":16,"column":23}}},"fnMap":{"0":{"name":"(anonymous_1)","decl":{"start":{"line":16,"column":23},"end":{"line":16,"column":24}},"loc":{"start":{"line":24,"column":18},"end":{"line":47,"column":1}}}},"branchMap":{"0":{"loc":{"start":{"line":37,"column":24},"end":{"line":39,"column":45}},"type":"cond-expr","locations":[{"start":{"line":38,"column":30},"end":{"line":38,"column":47}},{"start":{"line":39,"column":30},"end":{"line":39,"column":45}}]}},"s":{"0":7,"1":7,"2":7,"3":7,"4":38,"5":7},"f":{"0":38},"b":{"0":[15,23]}}
,"/home/sowmga/Desktop/dummy/final_testcases_boot/src/components/molecules/checkBox/index.tsx": {"path":"/home/sowmga/Desktop/dummy/final_testcases_boot/src/components/molecules/checkBox/index.tsx","statementMap":{"0":{"start":{"line":1,"column":0},"end":{"line":1,"column":40}},"1":{"start":{"line":2,"column":0},"end":{"line":2,"column":45}},"2":{"start":{"line":8,"column":27},"end":{"line":32,"column":1}},"3":{"start":{"line":9,"column":34},"end":{"line":9,"column":64}},"4":{"start":{"line":11,"column":4},"end":{"line":13,"column":null}},"5":{"start":{"line":12,"column":8},"end":{"line":12,"column":null}},"6":{"start":{"line":15,"column":25},"end":{"line":17,"column":5}},"7":{"start":{"line":16,"column":8},"end":{"line":16,"column":null}},"8":{"start":{"line":19,"column":4},"end":{"line":31,"column":null}},"9":{"start":{"line":34,"column":0},"end":{"line":34,"column":null}}},"fnMap":{"0":{"name":"(anonymous_7)","decl":{"start":{"line":8,"column":27},"end":{"line":8,"column":28}},"loc":{"start":{"line":8,"column":57},"end":{"line":32,"column":1}}},"1":{"name":"(anonymous_8)","decl":{"start":{"line":11,"column":14},"end":{"line":11,"column":17}},"loc":{"start":{"line":11,"column":19},"end":{"line":13,"column":5}}},"2":{"name":"(anonymous_9)","decl":{"start":{"line":15,"column":25},"end":{"line":15,"column":26}},"loc":{"start":{"line":15,"column":72},"end":{"line":17,"column":5}}}},"branchMap":{},"s":{"0":1,"1":1,"2":1,"3":1,"4":1,"5":1,"6":1,"7":0,"8":1,"9":1},"f":{"0":1,"1":1,"2":0},"b":{}}
,"/home/sowmga/Desktop/dummy/final_testcases_boot/src/components/molecules/chips/index.tsx": {"path":"/home/sowmga/Desktop/dummy/final_testcases_boot/src/components/molecules/chips/index.tsx","statementMap":{"0":{"start":{"line":1,"column":0},"end":{"line":1,"column":42}},"1":{"start":{"line":2,"column":0},"end":{"line":2,"column":25}},"2":{"start":{"line":3,"column":0},"end":{"line":3,"column":36}},"3":{"start":{"line":4,"column":0},"end":{"line":4,"column":49}},"4":{"start":{"line":14,"column":21},"end":{"line":27,"column":1}},"5":{"start":{"line":15,"column":4},"end":{"line":26,"column":null}},"6":{"start":{"line":14,"column":13},"end":{"line":14,"column":21}}},"fnMap":{"0":{"name":"(anonymous_1)","decl":{"start":{"line":14,"column":21},"end":{"line":14,"column":22}},"loc":{"start":{"line":14,"column":68},"end":{"line":27,"column":1}}}},"branchMap":{},"s":{"0":4,"1":4,"2":4,"3":4,"4":4,"5":1,"6":4},"f":{"0":1},"b":{}}
,"/home/sowmga/Desktop/dummy/final_testcases_boot/src/components/molecules/fileUploader/index.tsx": {"path":"/home/sowmga/Desktop/dummy/final_testcases_boot/src/components/molecules/fileUploader/index.tsx","statementMap":{"0":{"start":{"line":1,"column":0},"end":{"line":1,"column":62}},"1":{"start":{"line":2,"column":0},"end":{"line":2,"column":39}},"2":{"start":{"line":3,"column":0},"end":{"line":3,"column":35}},"3":{"start":{"line":4,"column":0},"end":{"line":4,"column":null}},"4":{"start":{"line":11,"column":0},"end":{"line":11,"column":66}},"5":{"start":{"line":12,"column":0},"end":{"line":12,"column":61}},"6":{"start":{"line":14,"column":14},"end":{"line":23,"column":null}},"7":{"start":{"line":28,"column":24},"end":{"line":143,"column":1}},"8":{"start":{"line":29,"column":4},"end":{"line":29,"column":null}},"9":{"start":{"line":30,"column":37},"end":{"line":30,"column":61}},"10":{"start":{"line":32,"column":28},"end":{"line":32,"column":64}},"11":{"start":{"line":33,"column":24},"end":{"line":35,"column":5}},"12":{"start":{"line":34,"column":8},"end":{"line":34,"column":null}},"13":{"start":{"line":37,"column":25},"end":{"line":41,"column":5}},"14":{"start":{"line":38,"column":29},"end":{"line":38,"column":50}},"15":{"start":{"line":39,"column":8},"end":{"line":39,"column":null}},"16":{"start":{"line":40,"column":8},"end":{"line":40,"column":null}},"17":{"start":{"line":43,"column":4},"end":{"line":142,"column":null}},"18":{"start":{"line":64,"column":28},"end":{"line":64,"column":null}},"19":{"start":{"line":74,"column":28},"end":{"line":74,"column":null}},"20":{"start":{"line":132,"column":28},"end":{"line":132,"column":null}},"21":{"start":{"line":145,"column":0},"end":{"line":145,"column":null}}},"fnMap":{"0":{"name":"(anonymous_7)","decl":{"start":{"line":28,"column":24},"end":{"line":28,"column":25}},"loc":{"start":{"line":28,"column":63},"end":{"line":143,"column":1}}},"1":{"name":"(anonymous_8)","decl":{"start":{"line":33,"column":24},"end":{"line":33,"column":27}},"loc":{"start":{"line":33,"column":29},"end":{"line":35,"column":5}}},"2":{"name":"(anonymous_9)","decl":{"start":{"line":37,"column":25},"end":{"line":37,"column":26}},"loc":{"start":{"line":37,"column":40},"end":{"line":41,"column":5}}},"3":{"name":"(anonymous_10)","decl":{"start":{"line":63,"column":33},"end":{"line":63,"column":36}},"loc":{"start":{"line":63,"column":38},"end":{"line":65,"column":25}}},"4":{"name":"(anonymous_11)","decl":{"start":{"line":73,"column":33},"end":{"line":73,"column":36}},"loc":{"start":{"line":73,"column":38},"end":{"line":75,"column":25}}},"5":{"name":"(anonymous_12)","decl":{"start":{"line":131,"column":33},"end":{"line":131,"column":36}},"loc":{"start":{"line":131,"column":38},"end":{"line":133,"column":25}}}},"branchMap":{"0":{"loc":{"start":{"line":29,"column":4},"end":{"line":29,"column":25}},"type":"binary-expr","locations":[{"start":{"line":29,"column":4},"end":{"line":29,"column":8}},{"start":{"line":29,"column":12},"end":{"line":29,"column":25}}]},"1":{"loc":{"start":{"line":34,"column":8},"end":{"line":34,"column":66}},"type":"binary-expr","locations":[{"start":{"line":34,"column":8},"end":{"line":34,"column":31}},{"start":{"line":34,"column":35},"end":{"line":34,"column":66}}]},"2":{"loc":{"start":{"line":45,"column":13},"end":{"line":78,"column":null}},"type":"cond-expr","locations":[{"start":{"line":46,"column":16},"end":{"line":67,"column":null}},{"start":{"line":70,"column":16},"end":{"line":77,"column":null}}]},"3":{"loc":{"start":{"line":80,"column":13},"end":{"line":139,"column":null}},"type":"cond-expr","locations":[{"start":{"line":81,"column":16},"end":{"line":106,"column":null}},{"start":{"line":109,"column":16},"end":{"line":138,"column":null}}]}},"s":{"0":3,"1":3,"2":3,"3":3,"4":3,"5":3,"6":3,"7":3,"8":5,"9":5,"10":5,"11":5,"12":1,"13":5,"14":1,"15":1,"16":1,"17":5,"18":1,"19":1,"20":1,"21":3},"f":{"0":5,"1":1,"2":1,"3":1,"4":1,"5":1},"b":{"0":[5,3],"1":[1,1],"2":[4,1],"3":[4,1]}}
,"/home/sowmga/Desktop/dummy/final_testcases_boot/src/components/molecules/popup/index.tsx": {"path":"/home/sowmga/Desktop/dummy/final_testcases_boot/src/components/molecules/popup/index.tsx","statementMap":{"0":{"start":{"line":1,"column":0},"end":{"line":1,"column":30}},"1":{"start":{"line":2,"column":0},"end":{"line":2,"column":39}},"2":{"start":{"line":4,"column":0},"end":{"line":4,"column":36}},"3":{"start":{"line":5,"column":0},"end":{"line":5,"column":35}},"4":{"start":{"line":6,"column":0},"end":{"line":6,"column":52}},"5":{"start":{"line":7,"column":0},"end":{"line":7,"column":42}},"6":{"start":{"line":9,"column":14},"end":{"line":20,"column":null}},"7":{"start":{"line":22,"column":14},"end":{"line":54,"column":1}},"8":{"start":{"line":23,"column":28},"end":{"line":23,"column":49}},"9":{"start":{"line":24,"column":23},"end":{"line":24,"column":42}},"10":{"start":{"line":24,"column":29},"end":{"line":24,"column":42}},"11":{"start":{"line":25,"column":24},"end":{"line":25,"column":44}},"12":{"start":{"line":25,"column":30},"end":{"line":25,"column":44}},"13":{"start":{"line":27,"column":4},"end":{"line":53,"column":null}},"14":{"start":{"line":56,"column":0},"end":{"line":56,"column":null}}},"fnMap":{"0":{"name":"(anonymous_7)","decl":{"start":{"line":22,"column":14},"end":{"line":22,"column":17}},"loc":{"start":{"line":22,"column":19},"end":{"line":54,"column":1}}},"1":{"name":"(anonymous_8)","decl":{"start":{"line":24,"column":23},"end":{"line":24,"column":26}},"loc":{"start":{"line":24,"column":29},"end":{"line":24,"column":42}}},"2":{"name":"(anonymous_9)","decl":{"start":{"line":25,"column":24},"end":{"line":25,"column":27}},"loc":{"start":{"line":25,"column":30},"end":{"line":25,"column":44}}}},"branchMap":{},"s":{"0":2,"1":2,"2":2,"3":2,"4":2,"5":2,"6":2,"7":2,"8":9,"9":8,"10":1,"11":8,"12":0,"13":8,"14":2},"f":{"0":9,"1":1,"2":0},"b":{}}
,"/home/sowmga/Desktop/dummy/final_testcases_boot/src/components/molecules/radioButtons/index.tsx": {"path":"/home/sowmga/Desktop/dummy/final_testcases_boot/src/components/molecules/radioButtons/index.tsx","statementMap":{"0":{"start":{"line":1,"column":0},"end":{"line":1,"column":30}},"1":{"start":{"line":2,"column":0},"end":{"line":2,"column":39}},"2":{"start":{"line":8,"column":21},"end":{"line":31,"column":1}},"3":{"start":{"line":9,"column":46},"end":{"line":9,"column":76}},"4":{"start":{"line":11,"column":25},"end":{"line":13,"column":5}},"5":{"start":{"line":12,"column":7},"end":{"line":12,"column":40}},"6":{"start":{"line":15,"column":4},"end":{"line":30,"column":null}},"7":{"start":{"line":33,"column":0},"end":{"line":33,"column":null}}},"fnMap":{"0":{"name":"(anonymous_7)","decl":{"start":{"line":8,"column":21},"end":{"line":8,"column":22}},"loc":{"start":{"line":8,"column":42},"end":{"line":31,"column":1}}},"1":{"name":"(anonymous_8)","decl":{"start":{"line":11,"column":25},"end":{"line":11,"column":28}},"loc":{"start":{"line":11,"column":30},"end":{"line":13,"column":5}}}},"branchMap":{},"s":{"0":1,"1":1,"2":1,"3":2,"4":2,"5":1,"6":2,"7":1},"f":{"0":2,"1":1},"b":{}}
,"/home/sowmga/Desktop/dummy/final_testcases_boot/src/components/molecules/stepper/index.tsx": {"path":"/home/sowmga/Desktop/dummy/final_testcases_boot/src/components/molecules/stepper/index.tsx","statementMap":{"0":{"start":{"line":1,"column":0},"end":{"line":1,"column":30}},"1":{"start":{"line":2,"column":0},"end":{"line":2,"column":35}},"2":{"start":{"line":3,"column":0},"end":{"line":3,"column":43}},"3":{"start":{"line":4,"column":0},"end":{"line":4,"column":37}},"4":{"start":{"line":5,"column":0},"end":{"line":5,"column":47}},"5":{"start":{"line":6,"column":0},"end":{"line":6,"column":41}},"6":{"start":{"line":7,"column":0},"end":{"line":7,"column":42}},"7":{"start":{"line":8,"column":0},"end":{"line":8,"column":64}},"8":{"start":{"line":10,"column":14},"end":{"line":10,"column":19}},"9":{"start":{"line":16,"column":24},"end":{"line":96,"column":1}},"10":{"start":{"line":17,"column":40},"end":{"line":17,"column":60}},"11":{"start":{"line":19,"column":23},"end":{"line":21,"column":5}},"12":{"start":{"line":20,"column":8},"end":{"line":20,"column":null}},"13":{"start":{"line":20,"column":42},"end":{"line":20,"column":60}},"14":{"start":{"line":23,"column":23},"end":{"line":25,"column":5}},"15":{"start":{"line":24,"column":8},"end":{"line":24,"column":null}},"16":{"start":{"line":24,"column":42},"end":{"line":24,"column":60}},"17":{"start":{"line":27,"column":4},"end":{"line":95,"column":null}},"18":{"start":{"line":31,"column":20},"end":{"line":57,"column":null}},"19":{"start":{"line":98,"column":0},"end":{"line":98,"column":null}}},"fnMap":{"0":{"name":"(anonymous_7)","decl":{"start":{"line":16,"column":24},"end":{"line":16,"column":25}},"loc":{"start":{"line":16,"column":59},"end":{"line":96,"column":1}}},"1":{"name":"(anonymous_8)","decl":{"start":{"line":19,"column":23},"end":{"line":19,"column":26}},"loc":{"start":{"line":19,"column":28},"end":{"line":21,"column":5}}},"2":{"name":"(anonymous_9)","decl":{"start":{"line":20,"column":22},"end":{"line":20,"column":23}},"loc":{"start":{"line":20,"column":42},"end":{"line":20,"column":60}}},"3":{"name":"(anonymous_10)","decl":{"start":{"line":23,"column":23},"end":{"line":23,"column":26}},"loc":{"start":{"line":23,"column":28},"end":{"line":25,"column":5}}},"4":{"name":"(anonymous_11)","decl":{"start":{"line":24,"column":22},"end":{"line":24,"column":23}},"loc":{"start":{"line":24,"column":42},"end":{"line":24,"column":60}}},"5":{"name":"(anonymous_12)","decl":{"start":{"line":30,"column":27},"end":{"line":30,"column":28}},"loc":{"start":{"line":30,"column":37},"end":{"line":58,"column":17}}}},"branchMap":{"0":{"loc":{"start":{"line":70,"column":21},"end":{"line":79,"column":null}},"type":"binary-expr","locations":[{"start":{"line":70,"column":21},"end":{"line":70,"column":37}},{"start":{"line":71,"column":24},"end":{"line":78,"column":null}}]}},"s":{"0":1,"1":1,"2":1,"3":1,"4":1,"5":1,"6":1,"7":1,"8":1,"9":1,"10":8,"11":8,"12":3,"13":3,"14":8,"15":1,"16":1,"17":8,"18":24,"19":1},"f":{"0":8,"1":3,"2":3,"3":1,"4":1,"5":24},"b":{"0":[8,8]}}
,"/home/sowmga/Desktop/dummy/final_testcases_boot/src/components/organisms/AQI/index.tsx": {"path":"/home/sowmga/Desktop/dummy/final_testcases_boot/src/components/organisms/AQI/index.tsx","statementMap":{"0":{"start":{"line":1,"column":0},"end":{"line":1,"column":33}},"1":{"start":{"line":2,"column":0},"end":{"line":2,"column":25}},"2":{"start":{"line":3,"column":0},"end":{"line":3,"column":55}},"3":{"start":{"line":4,"column":0},"end":{"line":4,"column":42}},"4":{"start":{"line":5,"column":0},"end":{"line":5,"column":46}},"5":{"start":{"line":6,"column":0},"end":{"line":6,"column":56}},"6":{"start":{"line":7,"column":0},"end":{"line":7,"column":35}},"7":{"start":{"line":9,"column":19},"end":{"line":90,"column":1}},"8":{"start":{"line":11,"column":4},"end":{"line":89,"column":null}},"9":{"start":{"line":22,"column":20},"end":{"line":43,"column":null}},"10":{"start":{"line":9,"column":13},"end":{"line":9,"column":19}}},"fnMap":{"0":{"name":"(anonymous_1)","decl":{"start":{"line":9,"column":19},"end":{"line":9,"column":20}},"loc":{"start":{"line":9,"column":46},"end":{"line":90,"column":1}}},"1":{"name":"(anonymous_2)","decl":{"start":{"line":21,"column":28},"end":{"line":21,"column":29}},"loc":{"start":{"line":22,"column":20},"end":{"line":43,"column":null}}}},"branchMap":{"0":{"loc":{"start":{"line":20,"column":13},"end":{"line":60,"column":null}},"type":"cond-expr","locations":[{"start":{"line":21,"column":16},"end":{"line":45,"column":18}},{"start":{"line":46,"column":16},"end":{"line":60,"column":null}}]},"1":{"loc":{"start":{"line":20,"column":13},"end":{"line":20,"column":45}},"type":"binary-expr","locations":[{"start":{"line":20,"column":13},"end":{"line":20,"column":32}},{"start":{"line":20,"column":36},"end":{"line":20,"column":45}}]},"2":{"loc":{"start":{"line":34,"column":34},"end":{"line":34,"column":63}},"type":"cond-expr","locations":[{"start":{"line":34,"column":46},"end":{"line":34,"column":53}},{"start":{"line":34,"column":56},"end":{"line":34,"column":63}}]},"3":{"loc":{"start":{"line":36,"column":25},"end":{"line":42,"column":null}},"type":"binary-expr","locations":[{"start":{"line":36,"column":25},"end":{"line":36,"column":34}},{"start":{"line":37,"column":28},"end":{"line":41,"column":null}}]},"4":{"loc":{"start":{"line":46,"column":16},"end":{"line":60,"column":null}},"type":"cond-expr","locations":[{"start":{"line":47,"column":16},"end":{"line":49,"column":null}},{"start":{"line":52,"column":16},"end":{"line":58,"column":null}}]},"5":{"loc":{"start":{"line":46,"column":16},"end":{"line":46,"column":48}},"type":"binary-expr","locations":[{"start":{"line":46,"column":16},"end":{"line":46,"column":35}},{"start":{"line":46,"column":39},"end":{"line":46,"column":48}}]},"6":{"loc":{"start":{"line":49,"column":26},"end":{"line":49,"column":55}},"type":"cond-expr","locations":[{"start":{"line":49,"column":38},"end":{"line":49,"column":45}},{"start":{"line":49,"column":48},"end":{"line":49,"column":55}}]},"7":{"loc":{"start":{"line":54,"column":24},"end":{"line":58,"column":36}},"type":"cond-expr","locations":[{"start":{"line":55,"column":30},"end":{"line":55,"column":36}},{"start":{"line":56,"column":30},"end":{"line":58,"column":36}}]},"8":{"loc":{"start":{"line":56,"column":30},"end":{"line":58,"column":36}},"type":"cond-expr","locations":[{"start":{"line":57,"column":30},"end":{"line":57,"column":36}},{"start":{"line":58,"column":30},"end":{"line":58,"column":36}}]},"9":{"loc":{"start":{"line":62,"column":13},"end":{"line":73,"column":null}},"type":"binary-expr","locations":[{"start":{"line":62,"column":13},"end":{"line":62,"column":32}},{"start":{"line":63,"column":16},"end":{"line":72,"column":null}}]},"10":{"loc":{"start":{"line":72,"column":21},"end":{"line":72,"column":79}},"type":"cond-expr","locations":[{"start":{"line":72,"column":33},"end":{"line":72,"column":67}},{"start":{"line":72,"column":70},"end":{"line":72,"column":79}}]},"11":{"loc":{"start":{"line":75,"column":13},"end":{"line":86,"column":null}},"type":"binary-expr","locations":[{"start":{"line":75,"column":13},"end":{"line":75,"column":32}},{"start":{"line":76,"column":16},"end":{"line":85,"column":null}}]},"12":{"loc":{"start":{"line":82,"column":31},"end":{"line":82,"column":61}},"type":"cond-expr","locations":[{"start":{"line":82,"column":45},"end":{"line":82,"column":52}},{"start":{"line":82,"column":54},"end":{"line":82,"column":61}}]},"13":{"loc":{"start":{"line":85,"column":21},"end":{"line":85,"column":151}},"type":"cond-expr","locations":[{"start":{"line":85,"column":33},"end":{"line":85,"column":86}},{"start":{"line":85,"column":89},"end":{"line":85,"column":151}}]}},"s":{"0":1,"1":1,"2":1,"3":1,"4":1,"5":1,"6":1,"7":1,"8":1,"9":0,"10":1},"f":{"0":1,"1":0},"b":{"0":[0,1],"1":[1,0],"2":[0,0],"3":[0,0],"4":[0,1],"5":[1,0],"6":[0,0],"7":[0,1],"8":[0,1],"9":[1,0],"10":[0,0],"11":[1,1],"12":[0,1],"13":[0,1]}}
,"/home/sowmga/Desktop/dummy/final_testcases_boot/src/components/organisms/HomePageOrganism/index.tsx": {"path":"/home/sowmga/Desktop/dummy/final_testcases_boot/src/components/organisms/HomePageOrganism/index.tsx","statementMap":{"0":{"start":{"line":1,"column":0},"end":{"line":1,"column":30}},"1":{"start":{"line":2,"column":0},"end":{"line":2,"column":35}},"2":{"start":{"line":3,"column":0},"end":{"line":3,"column":43}},"3":{"start":{"line":4,"column":0},"end":{"line":4,"column":37}},"4":{"start":{"line":5,"column":0},"end":{"line":5,"column":47}},"5":{"start":{"line":6,"column":0},"end":{"line":6,"column":41}},"6":{"start":{"line":7,"column":0},"end":{"line":7,"column":42}},"7":{"start":{"line":8,"column":0},"end":{"line":8,"column":48}},"8":{"start":{"line":9,"column":0},"end":{"line":9,"column":46}},"9":{"start":{"line":10,"column":0},"end":{"line":10,"column":40}},"10":{"start":{"line":12,"column":0},"end":{"line":12,"column":null}},"11":{"start":{"line":22,"column":0},"end":{"line":22,"column":61}},"12":{"start":{"line":29,"column":32},"end":{"line":290,"column":1}},"13":{"start":{"line":31,"column":40},"end":{"line":31,"column":71}},"14":{"start":{"line":32,"column":30},"end":{"line":32,"column":56}},"15":{"start":{"line":34,"column":36},"end":{"line":34,"column":64}},"16":{"start":{"line":35,"column":42},"end":{"line":35,"column":70}},"17":{"start":{"line":36,"column":36},"end":{"line":36,"column":64}},"18":{"start":{"line":50,"column":27},"end":{"line":52,"column":5}},"19":{"start":{"line":51,"column":8},"end":{"line":51,"column":null}},"20":{"start":{"line":53,"column":30},"end":{"line":55,"column":5}},"21":{"start":{"line":54,"column":8},"end":{"line":54,"column":null}},"22":{"start":{"line":56,"column":25},"end":{"line":58,"column":5}},"23":{"start":{"line":57,"column":8},"end":{"line":57,"column":null}},"24":{"start":{"line":60,"column":28},"end":{"line":66,"column":5}},"25":{"start":{"line":61,"column":8},"end":{"line":65,"column":null}},"26":{"start":{"line":62,"column":12},"end":{"line":62,"column":null}},"27":{"start":{"line":64,"column":12},"end":{"line":64,"column":null}},"28":{"start":{"line":68,"column":28},"end":{"line":76,"column":5}},"29":{"start":{"line":69,"column":8},"end":{"line":75,"column":null}},"30":{"start":{"line":70,"column":12},"end":{"line":70,"column":null}},"31":{"start":{"line":71,"column":15},"end":{"line":75,"column":null}},"32":{"start":{"line":72,"column":12},"end":{"line":72,"column":null}},"33":{"start":{"line":74,"column":12},"end":{"line":74,"column":null}},"34":{"start":{"line":78,"column":23},"end":{"line":81,"column":5}},"35":{"start":{"line":79,"column":8},"end":{"line":79,"column":null}},"36":{"start":{"line":80,"column":8},"end":{"line":80,"column":null}},"37":{"start":{"line":80,"column":42},"end":{"line":80,"column":60}},"38":{"start":{"line":83,"column":23},"end":{"line":86,"column":5}},"39":{"start":{"line":84,"column":8},"end":{"line":84,"column":null}},"40":{"start":{"line":85,"column":8},"end":{"line":85,"column":null}},"41":{"start":{"line":85,"column":42},"end":{"line":85,"column":60}},"42":{"start":{"line":88,"column":22},"end":{"line":125,"column":5}},"43":{"start":{"line":89,"column":26},"end":{"line":89,"column":28}},"44":{"start":{"line":90,"column":32},"end":{"line":90,"column":34}},"45":{"start":{"line":92,"column":24},"end":{"line":92,"column":25}},"46":{"start":{"line":93,"column":38},"end":{"line":93,"column":40}},"47":{"start":{"line":95,"column":8},"end":{"line":101,"column":null}},"48":{"start":{"line":96,"column":12},"end":{"line":96,"column":null}},"49":{"start":{"line":97,"column":12},"end":{"line":97,"column":null}},"50":{"start":{"line":98,"column":12},"end":{"line":98,"column":null}},"51":{"start":{"line":99,"column":12},"end":{"line":99,"column":null}},"52":{"start":{"line":100,"column":12},"end":{"line":100,"column":null}},"53":{"start":{"line":102,"column":8},"end":{"line":108,"column":null}},"54":{"start":{"line":103,"column":12},"end":{"line":103,"column":null}},"55":{"start":{"line":104,"column":12},"end":{"line":104,"column":null}},"56":{"start":{"line":105,"column":12},"end":{"line":105,"column":null}},"57":{"start":{"line":106,"column":12},"end":{"line":106,"column":null}},"58":{"start":{"line":107,"column":12},"end":{"line":107,"column":null}},"59":{"start":{"line":109,"column":8},"end":{"line":115,"column":null}},"60":{"start":{"line":110,"column":12},"end":{"line":110,"column":null}},"61":{"start":{"line":111,"column":12},"end":{"line":111,"column":null}},"62":{"start":{"line":112,"column":12},"end":{"line":112,"column":null}},"63":{"start":{"line":113,"column":12},"end":{"line":113,"column":null}},"64":{"start":{"line":114,"column":12},"end":{"line":114,"column":null}},"65":{"start":{"line":116,"column":8},"end":{"line":124,"column":null}},"66":{"start":{"line":127,"column":4},"end":{"line":289,"column":null}},"67":{"start":{"line":132,"column":24},"end":{"line":158,"column":null}},"68":{"start":{"line":29,"column":13},"end":{"line":29,"column":32}}},"fnMap":{"0":{"name":"(anonymous_7)","decl":{"start":{"line":29,"column":32},"end":{"line":29,"column":33}},"loc":{"start":{"line":29,"column":68},"end":{"line":290,"column":1}}},"1":{"name":"(anonymous_8)","decl":{"start":{"line":50,"column":27},"end":{"line":50,"column":28}},"loc":{"start":{"line":50,"column":55},"end":{"line":52,"column":5}}},"2":{"name":"(anonymous_9)","decl":{"start":{"line":53,"column":30},"end":{"line":53,"column":31}},"loc":{"start":{"line":53,"column":61},"end":{"line":55,"column":5}}},"3":{"name":"(anonymous_10)","decl":{"start":{"line":56,"column":25},"end":{"line":56,"column":26}},"loc":{"start":{"line":56,"column":55},"end":{"line":58,"column":5}}},"4":{"name":"(anonymous_11)","decl":{"start":{"line":60,"column":28},"end":{"line":60,"column":31}},"loc":{"start":{"line":60,"column":33},"end":{"line":66,"column":5}}},"5":{"name":"(anonymous_12)","decl":{"start":{"line":68,"column":28},"end":{"line":68,"column":31}},"loc":{"start":{"line":68,"column":33},"end":{"line":76,"column":5}}},"6":{"name":"(anonymous_13)","decl":{"start":{"line":78,"column":23},"end":{"line":78,"column":26}},"loc":{"start":{"line":78,"column":28},"end":{"line":81,"column":5}}},"7":{"name":"(anonymous_14)","decl":{"start":{"line":80,"column":22},"end":{"line":80,"column":23}},"loc":{"start":{"line":80,"column":42},"end":{"line":80,"column":60}}},"8":{"name":"(anonymous_15)","decl":{"start":{"line":83,"column":23},"end":{"line":83,"column":26}},"loc":{"start":{"line":83,"column":28},"end":{"line":86,"column":5}}},"9":{"name":"(anonymous_16)","decl":{"start":{"line":85,"column":22},"end":{"line":85,"column":23}},"loc":{"start":{"line":85,"column":42},"end":{"line":85,"column":60}}},"10":{"name":"(anonymous_17)","decl":{"start":{"line":88,"column":22},"end":{"line":88,"column":23}},"loc":{"start":{"line":88,"column":45},"end":{"line":125,"column":5}}},"11":{"name":"(anonymous_18)","decl":{"start":{"line":131,"column":31},"end":{"line":131,"column":32}},"loc":{"start":{"line":131,"column":41},"end":{"line":159,"column":21}}},"12":{"name":"(anonymous_19)","decl":{"start":{"line":252,"column":38},"end":{"line":252,"column":41}},"loc":{"start":{"line":252,"column":43},"end":{"line":254,"column":39}}}},"branchMap":{"0":{"loc":{"start":{"line":31,"column":55},"end":{"line":31,"column":70}},"type":"cond-expr","locations":[{"start":{"line":31,"column":62},"end":{"line":31,"column":66}},{"start":{"line":31,"column":69},"end":{"line":31,"column":70}}]},"1":{"loc":{"start":{"line":61,"column":8},"end":{"line":65,"column":null}},"type":"if","locations":[{"start":{"line":61,"column":8},"end":{"line":65,"column":null}},{"start":{"line":63,"column":15},"end":{"line":65,"column":null}}]},"2":{"loc":{"start":{"line":69,"column":8},"end":{"line":75,"column":null}},"type":"if","locations":[{"start":{"line":69,"column":8},"end":{"line":75,"column":null}},{"start":{"line":71,"column":15},"end":{"line":75,"column":null}}]},"3":{"loc":{"start":{"line":71,"column":15},"end":{"line":75,"column":null}},"type":"if","locations":[{"start":{"line":71,"column":15},"end":{"line":75,"column":null}},{"start":{"line":73,"column":15},"end":{"line":75,"column":null}}]},"4":{"loc":{"start":{"line":95,"column":8},"end":{"line":101,"column":null}},"type":"if","locations":[{"start":{"line":95,"column":8},"end":{"line":101,"column":null}}]},"5":{"loc":{"start":{"line":102,"column":8},"end":{"line":108,"column":null}},"type":"if","locations":[{"start":{"line":102,"column":8},"end":{"line":108,"column":null}}]},"6":{"loc":{"start":{"line":109,"column":8},"end":{"line":115,"column":null}},"type":"if","locations":[{"start":{"line":109,"column":8},"end":{"line":115,"column":null}}]},"7":{"loc":{"start":{"line":222,"column":25},"end":{"line":238,"column":null}},"type":"binary-expr","locations":[{"start":{"line":222,"column":25},"end":{"line":222,"column":40}},{"start":{"line":223,"column":28},"end":{"line":237,"column":null}}]},"8":{"loc":{"start":{"line":248,"column":38},"end":{"line":248,"column":78}},"type":"binary-expr","locations":[{"start":{"line":248,"column":38},"end":{"line":248,"column":54}},{"start":{"line":248,"column":58},"end":{"line":248,"column":78}}]},"9":{"loc":{"start":{"line":250,"column":32},"end":{"line":254,"column":39}},"type":"cond-expr","locations":[{"start":{"line":251,"column":38},"end":{"line":251,"column":48}},{"start":{"line":252,"column":38},"end":{"line":254,"column":39}}]}},"s":{"0":1,"1":1,"2":1,"3":1,"4":1,"5":1,"6":1,"7":1,"8":1,"9":1,"10":1,"11":1,"12":1,"13":4,"14":4,"15":4,"16":4,"17":4,"18":4,"19":0,"20":4,"21":0,"22":4,"23":0,"24":4,"25":0,"26":0,"27":0,"28":4,"29":1,"30":0,"31":1,"32":0,"33":1,"34":4,"35":0,"36":0,"37":0,"38":4,"39":1,"40":1,"41":1,"42":4,"43":4,"44":4,"45":4,"46":4,"47":4,"48":2,"49":2,"50":2,"51":2,"52":2,"53":4,"54":1,"55":1,"56":1,"57":1,"58":1,"59":4,"60":1,"61":1,"62":1,"63":1,"64":1,"65":4,"66":4,"67":12,"68":1},"f":{"0":4,"1":0,"2":0,"3":0,"4":0,"5":1,"6":0,"7":0,"8":1,"9":1,"10":4,"11":12,"12":0},"b":{"0":[3,1],"1":[0,0],"2":[0,1],"3":[0,1],"4":[2],"5":[1],"6":[1],"7":[4,2],"8":[4,4],"9":[3,1]}}
,"/home/sowmga/Desktop/dummy/final_testcases_boot/src/components/organisms/JobCard/index.tsx": {"path":"/home/sowmga/Desktop/dummy/final_testcases_boot/src/components/organisms/JobCard/index.tsx","statementMap":{"0":{"start":{"line":1,"column":0},"end":{"line":1,"column":56}},"1":{"start":{"line":2,"column":0},"end":{"line":2,"column":40}},"2":{"start":{"line":3,"column":0},"end":{"line":3,"column":25}},"3":{"start":{"line":4,"column":0},"end":{"line":4,"column":35}},"4":{"start":{"line":5,"column":0},"end":{"line":5,"column":70}},"5":{"start":{"line":6,"column":0},"end":{"line":6,"column":72}},"6":{"start":{"line":7,"column":0},"end":{"line":7,"column":35}},"7":{"start":{"line":9,"column":15},"end":{"line":26,"column":2}},"8":{"start":{"line":36,"column":23},"end":{"line":104,"column":1}},"9":{"start":{"line":43,"column":20},"end":{"line":43,"column":28}},"10":{"start":{"line":44,"column":4},"end":{"line":103,"column":null}},"11":{"start":{"line":36,"column":13},"end":{"line":36,"column":23}}},"fnMap":{"0":{"name":"(anonymous_1)","decl":{"start":{"line":36,"column":23},"end":{"line":36,"column":24}},"loc":{"start":{"line":42,"column":19},"end":{"line":104,"column":1}}}},"branchMap":{},"s":{"0":1,"1":1,"2":1,"3":1,"4":1,"5":1,"6":1,"7":1,"8":1,"9":1,"10":1,"11":1},"f":{"0":1},"b":{}}
,"/home/sowmga/Desktop/dummy/final_testcases_boot/src/components/organisms/JobRoutes/index.tsx": {"path":"/home/sowmga/Desktop/dummy/final_testcases_boot/src/components/organisms/JobRoutes/index.tsx","statementMap":{"0":{"start":{"line":1,"column":0},"end":{"line":1,"column":30}},"1":{"start":{"line":2,"column":0},"end":{"line":2,"column":56}},"2":{"start":{"line":3,"column":0},"end":{"line":3,"column":40}},"3":{"start":{"line":4,"column":0},"end":{"line":4,"column":32}},"4":{"start":{"line":5,"column":0},"end":{"line":5,"column":48}},"5":{"start":{"line":6,"column":0},"end":{"line":6,"column":49}},"6":{"start":{"line":7,"column":0},"end":{"line":7,"column":59}},"7":{"start":{"line":9,"column":0},"end":{"line":9,"column":62}},"8":{"start":{"line":11,"column":0},"end":{"line":11,"column":60}},"9":{"start":{"line":12,"column":0},"end":{"line":12,"column":60}},"10":{"start":{"line":14,"column":0},"end":{"line":14,"column":null}},"11":{"start":{"line":24,"column":0},"end":{"line":24,"column":46}},"12":{"start":{"line":25,"column":0},"end":{"line":25,"column":35}},"13":{"start":{"line":26,"column":0},"end":{"line":26,"column":35}},"14":{"start":{"line":28,"column":15},"end":{"line":35,"column":2}},"15":{"start":{"line":41,"column":22},"end":{"line":335,"column":1}},"16":{"start":{"line":42,"column":38},"end":{"line":42,"column":53}},"17":{"start":{"line":44,"column":20},"end":{"line":44,"column":28}},"18":{"start":{"line":45,"column":4},"end":{"line":334,"column":null}},"19":{"start":{"line":74,"column":24},"end":{"line":74,"column":null}},"20":{"start":{"line":92,"column":32},"end":{"line":92,"column":null}},"21":{"start":{"line":109,"column":28},"end":{"line":109,"column":null}},"22":{"start":{"line":128,"column":32},"end":{"line":128,"column":null}},"23":{"start":{"line":145,"column":28},"end":{"line":145,"column":null}},"24":{"start":{"line":154,"column":24},"end":{"line":154,"column":null}},"25":{"start":{"line":41,"column":13},"end":{"line":41,"column":22}}},"fnMap":{"0":{"name":"(anonymous_7)","decl":{"start":{"line":41,"column":22},"end":{"line":41,"column":23}},"loc":{"start":{"line":41,"column":51},"end":{"line":335,"column":1}}},"1":{"name":"(anonymous_8)","decl":{"start":{"line":73,"column":29},"end":{"line":73,"column":32}},"loc":{"start":{"line":73,"column":34},"end":{"line":75,"column":21}}},"2":{"name":"(anonymous_9)","decl":{"start":{"line":91,"column":37},"end":{"line":91,"column":40}},"loc":{"start":{"line":91,"column":42},"end":{"line":93,"column":29}}},"3":{"name":"(anonymous_10)","decl":{"start":{"line":108,"column":33},"end":{"line":108,"column":36}},"loc":{"start":{"line":108,"column":38},"end":{"line":110,"column":25}}},"4":{"name":"(anonymous_11)","decl":{"start":{"line":127,"column":37},"end":{"line":127,"column":40}},"loc":{"start":{"line":127,"column":42},"end":{"line":129,"column":29}}},"5":{"name":"(anonymous_12)","decl":{"start":{"line":144,"column":33},"end":{"line":144,"column":36}},"loc":{"start":{"line":144,"column":38},"end":{"line":146,"column":25}}},"6":{"name":"(anonymous_13)","decl":{"start":{"line":153,"column":29},"end":{"line":153,"column":32}},"loc":{"start":{"line":153,"column":34},"end":{"line":155,"column":21}}}},"branchMap":{"0":{"loc":{"start":{"line":78,"column":17},"end":{"line":112,"column":null}},"type":"cond-expr","locations":[{"start":{"line":79,"column":20},"end":{"line":102,"column":null}},{"start":{"line":105,"column":20},"end":{"line":111,"column":null}}]},"1":{"loc":{"start":{"line":114,"column":17},"end":{"line":148,"column":null}},"type":"cond-expr","locations":[{"start":{"line":115,"column":20},"end":{"line":138,"column":null}},{"start":{"line":141,"column":20},"end":{"line":147,"column":null}}]},"2":{"loc":{"start":{"line":222,"column":13},"end":{"line":314,"column":null}},"type":"binary-expr","locations":[{"start":{"line":222,"column":13},"end":{"line":222,"column":32}},{"start":{"line":223,"column":16},"end":{"line":313,"column":null}}]},"3":{"loc":{"start":{"line":316,"column":13},"end":{"line":331,"column":null}},"type":"binary-expr","locations":[{"start":{"line":316,"column":13},"end":{"line":316,"column":32}},{"start":{"line":317,"column":16},"end":{"line":330,"column":null}}]}},"s":{"0":2,"1":2,"2":2,"3":2,"4":2,"5":2,"6":2,"7":2,"8":2,"9":2,"10":2,"11":2,"12":2,"13":2,"14":2,"15":2,"16":11,"17":11,"18":11,"19":1,"20":1,"21":1,"22":1,"23":2,"24":1,"25":2},"f":{"0":11,"1":1,"2":1,"3":1,"4":1,"5":2,"6":1},"b":{"0":[6,5],"1":[3,8],"2":[11,6],"3":[11,3]}}
,"/home/sowmga/Desktop/dummy/final_testcases_boot/src/components/organisms/SavedJobCard/index.tsx": {"path":"/home/sowmga/Desktop/dummy/final_testcases_boot/src/components/organisms/SavedJobCard/index.tsx","statementMap":{"0":{"start":{"line":1,"column":0},"end":{"line":1,"column":25}},"1":{"start":{"line":2,"column":0},"end":{"line":2,"column":null}},"2":{"start":{"line":13,"column":0},"end":{"line":13,"column":35}},"3":{"start":{"line":14,"column":0},"end":{"line":14,"column":62}},"4":{"start":{"line":15,"column":0},"end":{"line":15,"column":35}},"5":{"start":{"line":26,"column":21},"end":{"line":143,"column":1}},"6":{"start":{"line":34,"column":4},"end":{"line":142,"column":null}},"7":{"start":{"line":145,"column":0},"end":{"line":145,"column":null}}},"fnMap":{"0":{"name":"(anonymous_1)","decl":{"start":{"line":26,"column":21},"end":{"line":26,"column":22}},"loc":{"start":{"line":33,"column":12},"end":{"line":143,"column":1}}}},"branchMap":{},"s":{"0":1,"1":1,"2":1,"3":1,"4":1,"5":1,"6":1,"7":1},"f":{"0":1},"b":{}}
,"/home/sowmga/Desktop/dummy/final_testcases_boot/src/components/organisms/detailCard/index.tsx": {"path":"/home/sowmga/Desktop/dummy/final_testcases_boot/src/components/organisms/detailCard/index.tsx","statementMap":{"0":{"start":{"line":1,"column":0},"end":{"line":1,"column":39}},"1":{"start":{"line":2,"column":0},"end":{"line":2,"column":37}},"2":{"start":{"line":3,"column":0},"end":{"line":3,"column":51}},"3":{"start":{"line":4,"column":0},"end":{"line":4,"column":49}},"4":{"start":{"line":5,"column":0},"end":{"line":5,"column":41}},"5":{"start":{"line":6,"column":0},"end":{"line":6,"column":41}},"6":{"start":{"line":8,"column":0},"end":{"line":8,"column":43}},"7":{"start":{"line":9,"column":0},"end":{"line":9,"column":57}},"8":{"start":{"line":10,"column":0},"end":{"line":10,"column":63}},"9":{"start":{"line":11,"column":0},"end":{"line":11,"column":48}},"10":{"start":{"line":12,"column":0},"end":{"line":12,"column":37}},"11":{"start":{"line":13,"column":0},"end":{"line":13,"column":null}},"12":{"start":{"line":24,"column":0},"end":{"line":24,"column":35}},"13":{"start":{"line":34,"column":19},"end":{"line":248,"column":1}},"14":{"start":{"line":41,"column":56},"end":{"line":41,"column":80}},"15":{"start":{"line":42,"column":50},"end":{"line":42,"column":74}},"16":{"start":{"line":43,"column":24},"end":{"line":45,"column":5}},"17":{"start":{"line":44,"column":8},"end":{"line":44,"column":null}},"18":{"start":{"line":46,"column":19},"end":{"line":48,"column":5}},"19":{"start":{"line":47,"column":8},"end":{"line":47,"column":null}},"20":{"start":{"line":49,"column":4},"end":{"line":247,"column":null}},"21":{"start":{"line":230,"column":36},"end":{"line":230,"column":null}},"22":{"start":{"line":250,"column":0},"end":{"line":250,"column":null}}},"fnMap":{"0":{"name":"(anonymous_7)","decl":{"start":{"line":34,"column":19},"end":{"line":34,"column":20}},"loc":{"start":{"line":40,"column":12},"end":{"line":248,"column":1}}},"1":{"name":"(anonymous_8)","decl":{"start":{"line":43,"column":24},"end":{"line":43,"column":27}},"loc":{"start":{"line":43,"column":29},"end":{"line":45,"column":5}}},"2":{"name":"(anonymous_9)","decl":{"start":{"line":46,"column":19},"end":{"line":46,"column":22}},"loc":{"start":{"line":46,"column":24},"end":{"line":48,"column":5}}},"3":{"name":"(anonymous_10)","decl":{"start":{"line":229,"column":41},"end":{"line":229,"column":44}},"loc":{"start":{"line":229,"column":46},"end":{"line":231,"column":33}}}},"branchMap":{"0":{"loc":{"start":{"line":126,"column":53},"end":{"line":128,"column":62}},"type":"cond-expr","locations":[{"start":{"line":127,"column":58},"end":{"line":127,"column":66}},{"start":{"line":128,"column":58},"end":{"line":128,"column":62}}]},"1":{"loc":{"start":{"line":148,"column":21},"end":{"line":205,"column":null}},"type":"cond-expr","locations":[{"start":{"line":149,"column":24},"end":{"line":202,"column":null}},{"start":{"line":205,"column":24},"end":{"line":205,"column":58}}]},"2":{"loc":{"start":{"line":209,"column":13},"end":{"line":244,"column":null}},"type":"binary-expr","locations":[{"start":{"line":209,"column":13},"end":{"line":209,"column":40}},{"start":{"line":210,"column":16},"end":{"line":243,"column":null}}]}},"s":{"0":1,"1":1,"2":1,"3":1,"4":1,"5":1,"6":1,"7":1,"8":1,"9":1,"10":1,"11":1,"12":1,"13":1,"14":5,"15":5,"16":5,"17":1,"18":5,"19":0,"20":5,"21":1,"22":1},"f":{"0":5,"1":1,"2":0,"3":1},"b":{"0":[1,4],"1":[4,1],"2":[5,4]}}
,"/home/sowmga/Desktop/dummy/final_testcases_boot/src/components/organisms/filter/index.tsx": {"path":"/home/sowmga/Desktop/dummy/final_testcases_boot/src/components/organisms/filter/index.tsx","statementMap":{"0":{"start":{"line":1,"column":0},"end":{"line":1,"column":30}},"1":{"start":{"line":2,"column":0},"end":{"line":2,"column":41}},"2":{"start":{"line":3,"column":0},"end":{"line":3,"column":39}},"3":{"start":{"line":5,"column":0},"end":{"line":5,"column":62}},"4":{"start":{"line":6,"column":0},"end":{"line":6,"column":45}},"5":{"start":{"line":7,"column":0},"end":{"line":7,"column":39}},"6":{"start":{"line":8,"column":0},"end":{"line":8,"column":51}},"7":{"start":{"line":9,"column":0},"end":{"line":9,"column":48}},"8":{"start":{"line":10,"column":0},"end":{"line":10,"column":null}},"9":{"start":{"line":26,"column":0},"end":{"line":26,"column":45}},"10":{"start":{"line":27,"column":0},"end":{"line":27,"column":46}},"11":{"start":{"line":28,"column":0},"end":{"line":28,"column":35}},"12":{"start":{"line":30,"column":14},"end":{"line":41,"column":null}},"13":{"start":{"line":42,"column":19},"end":{"line":42,"column":33}},"14":{"start":{"line":44,"column":15},"end":{"line":577,"column":1}},"15":{"start":{"line":45,"column":28},"end":{"line":45,"column":49}},"16":{"start":{"line":46,"column":23},"end":{"line":46,"column":42}},"17":{"start":{"line":46,"column":29},"end":{"line":46,"column":42}},"18":{"start":{"line":47,"column":24},"end":{"line":47,"column":44}},"19":{"start":{"line":47,"column":30},"end":{"line":47,"column":44}},"20":{"start":{"line":49,"column":46},"end":{"line":49,"column":67}},"21":{"start":{"line":51,"column":25},"end":{"line":66,"column":5}},"22":{"start":{"line":52,"column":8},"end":{"line":52,"column":null}},"23":{"start":{"line":53,"column":35},"end":{"line":53,"column":47}},"24":{"start":{"line":55,"column":8},"end":{"line":65,"column":null}},"25":{"start":{"line":56,"column":12},"end":{"line":62,"column":null}},"26":{"start":{"line":57,"column":30},"end":{"line":57,"column":57}},"27":{"start":{"line":58,"column":16},"end":{"line":58,"column":null}},"28":{"start":{"line":59,"column":19},"end":{"line":62,"column":null}},"29":{"start":{"line":60,"column":30},"end":{"line":60,"column":56}},"30":{"start":{"line":61,"column":16},"end":{"line":61,"column":null}},"31":{"start":{"line":63,"column":12},"end":{"line":63,"column":null}},"32":{"start":{"line":68,"column":27},"end":{"line":91,"column":null}},"33":{"start":{"line":93,"column":44},"end":{"line":93,"column":74}},"34":{"start":{"line":94,"column":50},"end":{"line":94,"column":75}},"35":{"start":{"line":96,"column":21},"end":{"line":102,"column":5}},"36":{"start":{"line":97,"column":8},"end":{"line":97,"column":null}},"37":{"start":{"line":98,"column":8},"end":{"line":98,"column":null}},"38":{"start":{"line":99,"column":8},"end":{"line":99,"column":null}},"39":{"start":{"line":100,"column":8},"end":{"line":100,"column":null}},"40":{"start":{"line":101,"column":8},"end":{"line":101,"column":null}},"41":{"start":{"line":104,"column":18},"end":{"line":108,"column":5}},"42":{"start":{"line":105,"column":8},"end":{"line":105,"column":null}},"43":{"start":{"line":106,"column":8},"end":{"line":106,"column":null}},"44":{"start":{"line":107,"column":8},"end":{"line":107,"column":null}},"45":{"start":{"line":110,"column":27},"end":{"line":128,"column":5}},"46":{"start":{"line":114,"column":36},"end":{"line":115,"column":null}},"47":{"start":{"line":115,"column":12},"end":{"line":115,"column":45}},"48":{"start":{"line":117,"column":8},"end":{"line":117,"column":null}},"49":{"start":{"line":118,"column":35},"end":{"line":118,"column":47}},"50":{"start":{"line":119,"column":8},"end":{"line":127,"column":null}},"51":{"start":{"line":120,"column":12},"end":{"line":120,"column":null}},"52":{"start":{"line":123,"column":26},"end":{"line":123,"column":53}},"53":{"start":{"line":125,"column":12},"end":{"line":125,"column":null}},"54":{"start":{"line":130,"column":4},"end":{"line":576,"column":null}},"55":{"start":{"line":170,"column":53},"end":{"line":170,"column":77}},"56":{"start":{"line":184,"column":53},"end":{"line":184,"column":77}},"57":{"start":{"line":198,"column":53},"end":{"line":198,"column":77}},"58":{"start":{"line":212,"column":53},"end":{"line":212,"column":77}},"59":{"start":{"line":231,"column":53},"end":{"line":231,"column":77}},"60":{"start":{"line":245,"column":53},"end":{"line":245,"column":77}},"61":{"start":{"line":259,"column":53},"end":{"line":259,"column":77}},"62":{"start":{"line":273,"column":53},"end":{"line":273,"column":77}},"63":{"start":{"line":288,"column":57},"end":{"line":288,"column":76}},"64":{"start":{"line":303,"column":57},"end":{"line":303,"column":76}},"65":{"start":{"line":331,"column":53},"end":{"line":331,"column":77}},"66":{"start":{"line":345,"column":53},"end":{"line":345,"column":77}},"67":{"start":{"line":359,"column":53},"end":{"line":359,"column":78}},"68":{"start":{"line":373,"column":53},"end":{"line":373,"column":78}},"69":{"start":{"line":392,"column":53},"end":{"line":392,"column":78}},"70":{"start":{"line":406,"column":53},"end":{"line":406,"column":78}},"71":{"start":{"line":420,"column":53},"end":{"line":420,"column":78}},"72":{"start":{"line":434,"column":53},"end":{"line":434,"column":78}},"73":{"start":{"line":453,"column":53},"end":{"line":453,"column":78}},"74":{"start":{"line":467,"column":53},"end":{"line":467,"column":78}},"75":{"start":{"line":481,"column":53},"end":{"line":481,"column":78}},"76":{"start":{"line":495,"column":53},"end":{"line":495,"column":78}},"77":{"start":{"line":533,"column":24},"end":{"line":559,"column":null}},"78":{"start":{"line":547,"column":51},"end":{"line":547,"column":53}},"79":{"start":{"line":548,"column":32},"end":{"line":556,"column":null}},"80":{"start":{"line":549,"column":44},"end":{"line":549,"column":45}},"81":{"start":{"line":553,"column":36},"end":{"line":555,"column":null}},"82":{"start":{"line":554,"column":40},"end":{"line":554,"column":null}},"83":{"start":{"line":557,"column":32},"end":{"line":557,"column":null}},"84":{"start":{"line":558,"column":32},"end":{"line":558,"column":null}},"85":{"start":{"line":579,"column":0},"end":{"line":579,"column":null}}},"fnMap":{"0":{"name":"(anonymous_7)","decl":{"start":{"line":44,"column":15},"end":{"line":44,"column":18}},"loc":{"start":{"line":44,"column":20},"end":{"line":577,"column":1}}},"1":{"name":"(anonymous_8)","decl":{"start":{"line":46,"column":23},"end":{"line":46,"column":26}},"loc":{"start":{"line":46,"column":29},"end":{"line":46,"column":42}}},"2":{"name":"(anonymous_9)","decl":{"start":{"line":47,"column":24},"end":{"line":47,"column":27}},"loc":{"start":{"line":47,"column":30},"end":{"line":47,"column":44}}},"3":{"name":"(anonymous_10)","decl":{"start":{"line":51,"column":25},"end":{"line":51,"column":26}},"loc":{"start":{"line":51,"column":72},"end":{"line":66,"column":5}}},"4":{"name":"(anonymous_11)","decl":{"start":{"line":96,"column":21},"end":{"line":96,"column":24}},"loc":{"start":{"line":96,"column":26},"end":{"line":102,"column":5}}},"5":{"name":"(anonymous_12)","decl":{"start":{"line":104,"column":18},"end":{"line":104,"column":21}},"loc":{"start":{"line":104,"column":23},"end":{"line":108,"column":5}}},"6":{"name":"(anonymous_13)","decl":{"start":{"line":110,"column":27},"end":{"line":110,"column":null}},"loc":{"start":{"line":113,"column":8},"end":{"line":128,"column":5}}},"7":{"name":"(anonymous_14)","decl":{"start":{"line":114,"column":53},"end":{"line":114,"column":54}},"loc":{"start":{"line":115,"column":12},"end":{"line":115,"column":45}}},"8":{"name":"(anonymous_15)","decl":{"start":{"line":170,"column":42},"end":{"line":170,"column":43}},"loc":{"start":{"line":170,"column":53},"end":{"line":170,"column":77}}},"9":{"name":"(anonymous_16)","decl":{"start":{"line":184,"column":42},"end":{"line":184,"column":43}},"loc":{"start":{"line":184,"column":53},"end":{"line":184,"column":77}}},"10":{"name":"(anonymous_17)","decl":{"start":{"line":198,"column":42},"end":{"line":198,"column":43}},"loc":{"start":{"line":198,"column":53},"end":{"line":198,"column":77}}},"11":{"name":"(anonymous_18)","decl":{"start":{"line":212,"column":42},"end":{"line":212,"column":43}},"loc":{"start":{"line":212,"column":53},"end":{"line":212,"column":77}}},"12":{"name":"(anonymous_19)","decl":{"start":{"line":231,"column":42},"end":{"line":231,"column":43}},"loc":{"start":{"line":231,"column":53},"end":{"line":231,"column":77}}},"13":{"name":"(anonymous_20)","decl":{"start":{"line":245,"column":42},"end":{"line":245,"column":43}},"loc":{"start":{"line":245,"column":53},"end":{"line":245,"column":77}}},"14":{"name":"(anonymous_21)","decl":{"start":{"line":259,"column":42},"end":{"line":259,"column":43}},"loc":{"start":{"line":259,"column":53},"end":{"line":259,"column":77}}},"15":{"name":"(anonymous_22)","decl":{"start":{"line":273,"column":42},"end":{"line":273,"column":43}},"loc":{"start":{"line":273,"column":53},"end":{"line":273,"column":77}}},"16":{"name":"(anonymous_23)","decl":{"start":{"line":288,"column":46},"end":{"line":288,"column":47}},"loc":{"start":{"line":288,"column":57},"end":{"line":288,"column":76}}},"17":{"name":"(anonymous_24)","decl":{"start":{"line":303,"column":46},"end":{"line":303,"column":47}},"loc":{"start":{"line":303,"column":57},"end":{"line":303,"column":76}}},"18":{"name":"(anonymous_25)","decl":{"start":{"line":331,"column":42},"end":{"line":331,"column":43}},"loc":{"start":{"line":331,"column":53},"end":{"line":331,"column":77}}},"19":{"name":"(anonymous_26)","decl":{"start":{"line":345,"column":42},"end":{"line":345,"column":43}},"loc":{"start":{"line":345,"column":53},"end":{"line":345,"column":77}}},"20":{"name":"(anonymous_27)","decl":{"start":{"line":359,"column":42},"end":{"line":359,"column":43}},"loc":{"start":{"line":359,"column":53},"end":{"line":359,"column":78}}},"21":{"name":"(anonymous_28)","decl":{"start":{"line":373,"column":42},"end":{"line":373,"column":43}},"loc":{"start":{"line":373,"column":53},"end":{"line":373,"column":78}}},"22":{"name":"(anonymous_29)","decl":{"start":{"line":392,"column":42},"end":{"line":392,"column":43}},"loc":{"start":{"line":392,"column":53},"end":{"line":392,"column":78}}},"23":{"name":"(anonymous_30)","decl":{"start":{"line":406,"column":42},"end":{"line":406,"column":43}},"loc":{"start":{"line":406,"column":53},"end":{"line":406,"column":78}}},"24":{"name":"(anonymous_31)","decl":{"start":{"line":420,"column":42},"end":{"line":420,"column":43}},"loc":{"start":{"line":420,"column":53},"end":{"line":420,"column":78}}},"25":{"name":"(anonymous_32)","decl":{"start":{"line":434,"column":42},"end":{"line":434,"column":43}},"loc":{"start":{"line":434,"column":53},"end":{"line":434,"column":78}}},"26":{"name":"(anonymous_33)","decl":{"start":{"line":453,"column":42},"end":{"line":453,"column":43}},"loc":{"start":{"line":453,"column":53},"end":{"line":453,"column":78}}},"27":{"name":"(anonymous_34)","decl":{"start":{"line":467,"column":42},"end":{"line":467,"column":43}},"loc":{"start":{"line":467,"column":53},"end":{"line":467,"column":78}}},"28":{"name":"(anonymous_35)","decl":{"start":{"line":481,"column":42},"end":{"line":481,"column":43}},"loc":{"start":{"line":481,"column":53},"end":{"line":481,"column":78}}},"29":{"name":"(anonymous_36)","decl":{"start":{"line":495,"column":42},"end":{"line":495,"column":43}},"loc":{"start":{"line":495,"column":53},"end":{"line":495,"column":78}}},"30":{"name":"(anonymous_37)","decl":{"start":{"line":532,"column":40},"end":{"line":532,"column":41}},"loc":{"start":{"line":533,"column":24},"end":{"line":559,"column":null}}},"31":{"name":"(anonymous_38)","decl":{"start":{"line":546,"column":38},"end":{"line":546,"column":41}},"loc":{"start":{"line":546,"column":43},"end":{"line":559,"column":29}}}},"branchMap":{"0":{"loc":{"start":{"line":55,"column":8},"end":{"line":65,"column":null}},"type":"if","locations":[{"start":{"line":55,"column":8},"end":{"line":65,"column":null}}]},"1":{"loc":{"start":{"line":56,"column":12},"end":{"line":62,"column":null}},"type":"if","locations":[{"start":{"line":56,"column":12},"end":{"line":62,"column":null}},{"start":{"line":59,"column":19},"end":{"line":62,"column":null}}]},"2":{"loc":{"start":{"line":56,"column":16},"end":{"line":56,"column":61}},"type":"binary-expr","locations":[{"start":{"line":56,"column":16},"end":{"line":56,"column":44}},{"start":{"line":56,"column":48},"end":{"line":56,"column":61}}]},"3":{"loc":{"start":{"line":59,"column":19},"end":{"line":62,"column":null}},"type":"if","locations":[{"start":{"line":59,"column":19},"end":{"line":62,"column":null}}]},"4":{"loc":{"start":{"line":59,"column":23},"end":{"line":59,"column":68}},"type":"binary-expr","locations":[{"start":{"line":59,"column":23},"end":{"line":59,"column":50}},{"start":{"line":59,"column":54},"end":{"line":59,"column":68}}]},"5":{"loc":{"start":{"line":115,"column":12},"end":{"line":115,"column":45}},"type":"cond-expr","locations":[{"start":{"line":115,"column":33},"end":{"line":115,"column":38}},{"start":{"line":115,"column":41},"end":{"line":115,"column":45}}]},"6":{"loc":{"start":{"line":119,"column":8},"end":{"line":127,"column":null}},"type":"if","locations":[{"start":{"line":119,"column":8},"end":{"line":127,"column":null}},{"start":{"line":122,"column":15},"end":{"line":127,"column":null}}]},"7":{"loc":{"start":{"line":531,"column":17},"end":{"line":561,"column":22}},"type":"binary-expr","locations":[{"start":{"line":531,"column":17},"end":{"line":531,"column":32}},{"start":{"line":532,"column":20},"end":{"line":561,"column":22}}]},"8":{"loc":{"start":{"line":553,"column":36},"end":{"line":555,"column":null}},"type":"if","locations":[{"start":{"line":553,"column":36},"end":{"line":555,"column":null}}]},"9":{"loc":{"start":{"line":562,"column":17},"end":{"line":572,"column":null}},"type":"binary-expr","locations":[{"start":{"line":562,"column":17},"end":{"line":562,"column":44}},{"start":{"line":563,"column":20},"end":{"line":571,"column":null}}]}},"s":{"0":1,"1":1,"2":1,"3":1,"4":1,"5":1,"6":1,"7":1,"8":1,"9":1,"10":1,"11":1,"12":1,"13":1,"14":1,"15":1,"16":1,"17":0,"18":1,"19":0,"20":1,"21":1,"22":0,"23":0,"24":0,"25":0,"26":0,"27":0,"28":0,"29":0,"30":0,"31":0,"32":1,"33":1,"34":1,"35":1,"36":0,"37":0,"38":0,"39":0,"40":0,"41":1,"42":0,"43":0,"44":0,"45":1,"46":0,"47":0,"48":0,"49":0,"50":0,"51":0,"52":0,"53":0,"54":1,"55":0,"56":0,"57":0,"58":0,"59":0,"60":0,"61":0,"62":0,"63":0,"64":0,"65":0,"66":0,"67":0,"68":0,"69":0,"70":0,"71":0,"72":0,"73":0,"74":0,"75":0,"76":0,"77":0,"78":0,"79":0,"80":0,"81":0,"82":0,"83":0,"84":0,"85":1},"f":{"0":1,"1":0,"2":0,"3":0,"4":0,"5":0,"6":0,"7":0,"8":0,"9":0,"10":0,"11":0,"12":0,"13":0,"14":0,"15":0,"16":0,"17":0,"18":0,"19":0,"20":0,"21":0,"22":0,"23":0,"24":0,"25":0,"26":0,"27":0,"28":0,"29":0,"30":0,"31":0},"b":{"0":[0],"1":[0,0],"2":[0,0],"3":[0],"4":[0,0],"5":[0,0],"6":[0,0],"7":[1,1],"8":[0],"9":[1,0]}}
,"/home/sowmga/Desktop/dummy/final_testcases_boot/src/components/organisms/header/index.tsx": {"path":"/home/sowmga/Desktop/dummy/final_testcases_boot/src/components/organisms/header/index.tsx","statementMap":{"0":{"start":{"line":1,"column":0},"end":{"line":1,"column":74}},"1":{"start":{"line":4,"column":0},"end":{"line":4,"column":44}},"2":{"start":{"line":5,"column":0},"end":{"line":5,"column":26}},"3":{"start":{"line":6,"column":0},"end":{"line":6,"column":47}},"4":{"start":{"line":7,"column":0},"end":{"line":7,"column":54}},"5":{"start":{"line":9,"column":0},"end":{"line":9,"column":76}},"6":{"start":{"line":11,"column":0},"end":{"line":11,"column":36}},"7":{"start":{"line":12,"column":0},"end":{"line":12,"column":36}},"8":{"start":{"line":25,"column":2},"end":{"line":68,"column":4}},"9":{"start":{"line":22,"column":0},"end":{"line":22,"column":24}}},"fnMap":{"0":{"name":"TopNavbar","decl":{"start":{"line":22,"column":24},"end":{"line":22,"column":33}},"loc":{"start":{"line":24,"column":18},"end":{"line":69,"column":1}}}},"branchMap":{"0":{"loc":{"start":{"line":23,"column":2},"end":{"line":23,"column":17}},"type":"default-arg","locations":[{"start":{"line":23,"column":11},"end":{"line":23,"column":17}}]},"1":{"loc":{"start":{"line":23,"column":26},"end":{"line":23,"column":76}},"type":"default-arg","locations":[{"start":{"line":23,"column":44},"end":{"line":23,"column":76}}]}},"s":{"0":1,"1":1,"2":1,"3":1,"4":1,"5":1,"6":1,"7":1,"8":2,"9":1},"f":{"0":2},"b":{"0":[1],"1":[2]}}
,"/home/sowmga/Desktop/dummy/final_testcases_boot/src/components/organisms/inputChip/index.tsx": {"path":"/home/sowmga/Desktop/dummy/final_testcases_boot/src/components/organisms/inputChip/index.tsx","statementMap":{"0":{"start":{"line":2,"column":0},"end":{"line":2,"column":53}},"1":{"start":{"line":3,"column":0},"end":{"line":3,"column":25}},"2":{"start":{"line":4,"column":0},"end":{"line":4,"column":53}},"3":{"start":{"line":5,"column":0},"end":{"line":5,"column":45}},"4":{"start":{"line":7,"column":14},"end":{"line":15,"column":null}},"5":{"start":{"line":24,"column":25},"end":{"line":86,"column":1}},"6":{"start":{"line":31,"column":4},"end":{"line":85,"column":null}},"7":{"start":{"line":41,"column":20},"end":{"line":41,"column":null}},"8":{"start":{"line":42,"column":20},"end":{"line":42,"column":null}},"9":{"start":{"line":45,"column":20},"end":{"line":71,"column":null}},"10":{"start":{"line":46,"column":24},"end":{"line":60,"column":null}},"11":{"start":{"line":47,"column":28},"end":{"line":58,"column":null}},"12":{"start":{"line":62,"column":24},"end":{"line":70,"column":null}},"13":{"start":{"line":63,"column":28},"end":{"line":68,"column":null}},"14":{"start":{"line":74,"column":20},"end":{"line":80,"column":null}},"15":{"start":{"line":24,"column":13},"end":{"line":24,"column":25}}},"fnMap":{"0":{"name":"(anonymous_1)","decl":{"start":{"line":24,"column":25},"end":{"line":24,"column":26}},"loc":{"start":{"line":30,"column":21},"end":{"line":86,"column":1}}},"1":{"name":"(anonymous_2)","decl":{"start":{"line":40,"column":26},"end":{"line":40,"column":27}},"loc":{"start":{"line":40,"column":43},"end":{"line":43,"column":17}}},"2":{"name":"(anonymous_3)","decl":{"start":{"line":44,"column":28},"end":{"line":44,"column":29}},"loc":{"start":{"line":44,"column":70},"end":{"line":72,"column":17}}},"3":{"name":"(anonymous_4)","decl":{"start":{"line":46,"column":41},"end":{"line":46,"column":42}},"loc":{"start":{"line":47,"column":28},"end":{"line":58,"column":null}}},"4":{"name":"(anonymous_5)","decl":{"start":{"line":62,"column":41},"end":{"line":62,"column":42}},"loc":{"start":{"line":63,"column":28},"end":{"line":68,"column":null}}},"5":{"name":"(anonymous_6)","decl":{"start":{"line":73,"column":29},"end":{"line":73,"column":30}},"loc":{"start":{"line":74,"column":20},"end":{"line":80,"column":null}}}},"branchMap":{"0":{"loc":{"start":{"line":45,"column":20},"end":{"line":71,"column":null}},"type":"if","locations":[{"start":{"line":45,"column":20},"end":{"line":71,"column":null}},{"start":{"line":61,"column":27},"end":{"line":71,"column":null}}]},"1":{"loc":{"start":{"line":78,"column":28},"end":{"line":78,"column":72}},"type":"cond-expr","locations":[{"start":{"line":78,"column":56},"end":{"line":78,"column":67}},{"start":{"line":78,"column":70},"end":{"line":78,"column":72}}]}},"s":{"0":2,"1":2,"2":2,"3":2,"4":2,"5":2,"6":5,"7":0,"8":0,"9":0,"10":0,"11":0,"12":0,"13":0,"14":10,"15":2},"f":{"0":5,"1":0,"2":0,"3":0,"4":0,"5":10},"b":{"0":[0,0],"1":[10,0]}}
,"/home/sowmga/Desktop/dummy/final_testcases_boot/src/components/organisms/searchbar/index.tsx": {"path":"/home/sowmga/Desktop/dummy/final_testcases_boot/src/components/organisms/searchbar/index.tsx","statementMap":{"0":{"start":{"line":1,"column":0},"end":{"line":1,"column":94}},"1":{"start":{"line":2,"column":0},"end":{"line":2,"column":40}},"2":{"start":{"line":5,"column":0},"end":{"line":5,"column":68}},"3":{"start":{"line":6,"column":0},"end":{"line":6,"column":36}},"4":{"start":{"line":8,"column":16},"end":{"line":15,"column":null}},"5":{"start":{"line":20,"column":17},"end":{"line":20,"column":52}},"6":{"start":{"line":22,"column":19},"end":{"line":22,"column":42}},"7":{"start":{"line":24,"column":18},"end":{"line":78,"column":1}},"8":{"start":{"line":25,"column":30},"end":{"line":25,"column":50}},"9":{"start":{"line":26,"column":34},"end":{"line":26,"column":54}},"10":{"start":{"line":27,"column":37},"end":{"line":27,"column":68}},"11":{"start":{"line":29,"column":22},"end":{"line":38,"column":3}},"12":{"start":{"line":30,"column":12},"end":{"line":30,"column":19}},"13":{"start":{"line":31,"column":4},"end":{"line":33,"column":null}},"14":{"start":{"line":32,"column":7},"end":{"line":32,"column":45}},"15":{"start":{"line":32,"column":25},"end":{"line":32,"column":43}},"16":{"start":{"line":34,"column":4},"end":{"line":36,"column":null}},"17":{"start":{"line":35,"column":6},"end":{"line":35,"column":49}},"18":{"start":{"line":35,"column":24},"end":{"line":35,"column":47}},"19":{"start":{"line":37,"column":4},"end":{"line":37,"column":18}},"20":{"start":{"line":39,"column":2},"end":{"line":77,"column":4}},"21":{"start":{"line":49,"column":38},"end":{"line":49,"column":67}},"22":{"start":{"line":53,"column":35},"end":{"line":53,"column":190}},"23":{"start":{"line":62,"column":38},"end":{"line":62,"column":69}},"24":{"start":{"line":69,"column":10},"end":{"line":69,"column":181}},"25":{"start":{"line":72,"column":68},"end":{"line":72,"column":81}},"26":{"start":{"line":80,"column":0},"end":{"line":80,"column":25}}},"fnMap":{"0":{"name":"(anonymous_7)","decl":{"start":{"line":24,"column":18},"end":{"line":24,"column":21}},"loc":{"start":{"line":24,"column":23},"end":{"line":78,"column":1}}},"1":{"name":"(anonymous_8)","decl":{"start":{"line":29,"column":22},"end":{"line":29,"column":25}},"loc":{"start":{"line":29,"column":27},"end":{"line":38,"column":3}}},"2":{"name":"(anonymous_9)","decl":{"start":{"line":32,"column":20},"end":{"line":32,"column":21}},"loc":{"start":{"line":32,"column":25},"end":{"line":32,"column":43}}},"3":{"name":"(anonymous_10)","decl":{"start":{"line":35,"column":19},"end":{"line":35,"column":20}},"loc":{"start":{"line":35,"column":24},"end":{"line":35,"column":47}}},"4":{"name":"(anonymous_11)","decl":{"start":{"line":49,"column":20},"end":{"line":49,"column":21}},"loc":{"start":{"line":49,"column":38},"end":{"line":49,"column":67}}},"5":{"name":"(anonymous_12)","decl":{"start":{"line":53,"column":23},"end":{"line":53,"column":24}},"loc":{"start":{"line":53,"column":35},"end":{"line":53,"column":190}}},"6":{"name":"(anonymous_13)","decl":{"start":{"line":62,"column":20},"end":{"line":62,"column":21}},"loc":{"start":{"line":62,"column":38},"end":{"line":62,"column":69}}},"7":{"name":"(anonymous_14)","decl":{"start":{"line":68,"column":23},"end":{"line":68,"column":24}},"loc":{"start":{"line":69,"column":10},"end":{"line":69,"column":181}}},"8":{"name":"(anonymous_15)","decl":{"start":{"line":72,"column":62},"end":{"line":72,"column":65}},"loc":{"start":{"line":72,"column":68},"end":{"line":72,"column":81}}}},"branchMap":{"0":{"loc":{"start":{"line":31,"column":4},"end":{"line":33,"column":null}},"type":"if","locations":[{"start":{"line":31,"column":4},"end":{"line":33,"column":null}}]},"1":{"loc":{"start":{"line":34,"column":4},"end":{"line":36,"column":null}},"type":"if","locations":[{"start":{"line":34,"column":4},"end":{"line":36,"column":null}}]},"2":{"loc":{"start":{"line":49,"column":48},"end":{"line":49,"column":66}},"type":"cond-expr","locations":[{"start":{"line":49,"column":56},"end":{"line":49,"column":61}},{"start":{"line":49,"column":64},"end":{"line":49,"column":66}}]},"3":{"loc":{"start":{"line":62,"column":50},"end":{"line":62,"column":68}},"type":"cond-expr","locations":[{"start":{"line":62,"column":58},"end":{"line":62,"column":63}},{"start":{"line":62,"column":66},"end":{"line":62,"column":68}}]}},"s":{"0":1,"1":1,"2":1,"3":1,"4":1,"5":1,"6":1,"7":1,"8":4,"9":3,"10":3,"11":3,"12":1,"13":1,"14":0,"15":0,"16":1,"17":0,"18":0,"19":1,"20":3,"21":0,"22":6,"23":0,"24":6,"25":1,"26":1},"f":{"0":4,"1":1,"2":0,"3":0,"4":0,"5":6,"6":0,"7":6,"8":1},"b":{"0":[0],"1":[0],"2":[0,0],"3":[0,0]}}
,"/home/sowmga/Desktop/dummy/final_testcases_boot/src/components/organisms/sidebar/index.tsx": {"path":"/home/sowmga/Desktop/dummy/final_testcases_boot/src/components/organisms/sidebar/index.tsx","statementMap":{"0":{"start":{"line":1,"column":0},"end":{"line":1,"column":30}},"1":{"start":{"line":2,"column":0},"end":{"line":2,"column":37}},"2":{"start":{"line":3,"column":0},"end":{"line":3,"column":35}},"3":{"start":{"line":4,"column":0},"end":{"line":4,"column":49}},"4":{"start":{"line":5,"column":0},"end":{"line":5,"column":35}},"5":{"start":{"line":6,"column":0},"end":{"line":6,"column":39}},"6":{"start":{"line":7,"column":0},"end":{"line":7,"column":56}},"7":{"start":{"line":8,"column":0},"end":{"line":8,"column":35}},"8":{"start":{"line":9,"column":0},"end":{"line":9,"column":46}},"9":{"start":{"line":22,"column":49},"end":{"line":22,"column":54}},"10":{"start":{"line":22,"column":44},"end":{"line":22,"column":49}},"11":{"start":{"line":24,"column":4},"end":{"line":45,"column":null}},"12":{"start":{"line":49,"column":4},"end":{"line":52,"column":null}},"13":{"start":{"line":56,"column":30},"end":{"line":56,"column":47}},"14":{"start":{"line":58,"column":25},"end":{"line":60,"column":5}},"15":{"start":{"line":59,"column":8},"end":{"line":59,"column":null}},"16":{"start":{"line":62,"column":4},"end":{"line":292,"column":null}},"17":{"start":{"line":55,"column":0},"end":{"line":55,"column":24}}},"fnMap":{"0":{"name":"TabPanel","decl":{"start":{"line":21,"column":9},"end":{"line":21,"column":17}},"loc":{"start":{"line":21,"column":38},"end":{"line":46,"column":1}}},"1":{"name":"a11yProps","decl":{"start":{"line":48,"column":9},"end":{"line":48,"column":18}},"loc":{"start":{"line":48,"column":32},"end":{"line":53,"column":1}}},"2":{"name":"SideNav","decl":{"start":{"line":55,"column":24},"end":{"line":55,"column":31}},"loc":{"start":{"line":55,"column":55},"end":{"line":293,"column":1}}},"3":{"name":"(anonymous_11)","decl":{"start":{"line":58,"column":25},"end":{"line":58,"column":26}},"loc":{"start":{"line":58,"column":75},"end":{"line":60,"column":5}}}},"branchMap":{"0":{"loc":{"start":{"line":39,"column":13},"end":{"line":42,"column":null}},"type":"binary-expr","locations":[{"start":{"line":39,"column":13},"end":{"line":39,"column":28}},{"start":{"line":40,"column":16},"end":{"line":41,"column":null}}]}},"s":{"0":1,"1":1,"2":1,"3":1,"4":1,"5":1,"6":1,"7":1,"8":1,"9":18,"10":18,"11":18,"12":16,"13":2,"14":2,"15":0,"16":2,"17":1},"f":{"0":18,"1":16,"2":2,"3":0},"b":{"0":[18,2]}}
,"/home/sowmga/Desktop/dummy/final_testcases_boot/src/constants/constants.tsx": {"path":"/home/sowmga/Desktop/dummy/final_testcases_boot/src/constants/constants.tsx","statementMap":{"0":{"start":{"line":1,"column":0},"end":{"line":1,"column":25}},"1":{"start":{"line":2,"column":0},"end":{"line":2,"column":53}},"2":{"start":{"line":3,"column":0},"end":{"line":3,"column":53}},"3":{"start":{"line":4,"column":0},"end":{"line":4,"column":51}},"4":{"start":{"line":5,"column":0},"end":{"line":5,"column":51}},"5":{"start":{"line":6,"column":0},"end":{"line":6,"column":55}},"6":{"start":{"line":7,"column":0},"end":{"line":7,"column":59}},"7":{"start":{"line":8,"column":0},"end":{"line":8,"column":59}},"8":{"start":{"line":9,"column":0},"end":{"line":9,"column":63}},"9":{"start":{"line":10,"column":0},"end":{"line":10,"column":53}},"10":{"start":{"line":11,"column":0},"end":{"line":11,"column":57}},"11":{"start":{"line":12,"column":0},"end":{"line":12,"column":57}},"12":{"start":{"line":13,"column":0},"end":{"line":13,"column":53}},"13":{"start":{"line":14,"column":0},"end":{"line":14,"column":53}},"14":{"start":{"line":15,"column":0},"end":{"line":15,"column":61}},"15":{"start":{"line":16,"column":0},"end":{"line":16,"column":63}},"16":{"start":{"line":17,"column":0},"end":{"line":17,"column":59}},"17":{"start":{"line":18,"column":0},"end":{"line":18,"column":53}},"18":{"start":{"line":19,"column":0},"end":{"line":19,"column":53}},"19":{"start":{"line":20,"column":0},"end":{"line":20,"column":71}},"20":{"start":{"line":21,"column":0},"end":{"line":21,"column":55}},"21":{"start":{"line":22,"column":0},"end":{"line":22,"column":53}},"22":{"start":{"line":23,"column":0},"end":{"line":23,"column":57}},"23":{"start":{"line":24,"column":0},"end":{"line":24,"column":61}},"24":{"start":{"line":25,"column":0},"end":{"line":25,"column":53}},"25":{"start":{"line":26,"column":0},"end":{"line":26,"column":53}},"26":{"start":{"line":27,"column":0},"end":{"line":27,"column":53}},"27":{"start":{"line":28,"column":0},"end":{"line":28,"column":55}},"28":{"start":{"line":29,"column":0},"end":{"line":29,"column":57}},"29":{"start":{"line":30,"column":0},"end":{"line":30,"column":53}},"30":{"start":{"line":31,"column":0},"end":{"line":31,"column":52}},"31":{"start":{"line":32,"column":0},"end":{"line":32,"column":52}},"32":{"start":{"line":33,"column":0},"end":{"line":33,"column":58}},"33":{"start":{"line":34,"column":0},"end":{"line":34,"column":50}},"34":{"start":{"line":35,"column":0},"end":{"line":35,"column":64}},"35":{"start":{"line":36,"column":0},"end":{"line":36,"column":58}},"36":{"start":{"line":37,"column":0},"end":{"line":37,"column":58}},"37":{"start":{"line":38,"column":0},"end":{"line":38,"column":52}},"38":{"start":{"line":39,"column":0},"end":{"line":39,"column":58}},"39":{"start":{"line":40,"column":0},"end":{"line":40,"column":54}},"40":{"start":{"line":41,"column":0},"end":{"line":41,"column":60}},"41":{"start":{"line":42,"column":0},"end":{"line":42,"column":54}},"42":{"start":{"line":43,"column":0},"end":{"line":43,"column":56}},"43":{"start":{"line":44,"column":0},"end":{"line":44,"column":58}},"44":{"start":{"line":45,"column":0},"end":{"line":45,"column":58}},"45":{"start":{"line":46,"column":0},"end":{"line":46,"column":64}},"46":{"start":{"line":47,"column":0},"end":{"line":47,"column":64}},"47":{"start":{"line":48,"column":0},"end":{"line":48,"column":65}},"48":{"start":{"line":49,"column":0},"end":{"line":49,"column":63}},"49":{"start":{"line":50,"column":0},"end":{"line":50,"column":54}},"50":{"start":{"line":51,"column":0},"end":{"line":51,"column":54}},"51":{"start":{"line":52,"column":0},"end":{"line":52,"column":67}},"52":{"start":{"line":53,"column":0},"end":{"line":53,"column":67}},"53":{"start":{"line":54,"column":0},"end":{"line":54,"column":56}},"54":{"start":{"line":55,"column":0},"end":{"line":55,"column":60}},"55":{"start":{"line":57,"column":13},"end":{"line":57,"column":null}},"56":{"start":{"line":58,"column":13},"end":{"line":58,"column":null}},"57":{"start":{"line":59,"column":13},"end":{"line":59,"column":null}},"58":{"start":{"line":60,"column":13},"end":{"line":60,"column":null}},"59":{"start":{"line":61,"column":13},"end":{"line":61,"column":null}},"60":{"start":{"line":62,"column":13},"end":{"line":62,"column":null}},"61":{"start":{"line":63,"column":13},"end":{"line":63,"column":null}},"62":{"start":{"line":69,"column":13},"end":{"line":106,"column":null}},"63":{"start":{"line":109,"column":13},"end":{"line":128,"column":null}},"64":{"start":{"line":129,"column":13},"end":{"line":130,"column":null}},"65":{"start":{"line":131,"column":13},"end":{"line":131,"column":null}},"66":{"start":{"line":132,"column":13},"end":{"line":133,"column":null}},"67":{"start":{"line":135,"column":13},"end":{"line":136,"column":null}},"68":{"start":{"line":138,"column":13},"end":{"line":138,"column":null}},"69":{"start":{"line":140,"column":13},"end":{"line":140,"column":null}},"70":{"start":{"line":142,"column":13},"end":{"line":142,"column":null}},"71":{"start":{"line":143,"column":13},"end":{"line":148,"column":null}},"72":{"start":{"line":149,"column":13},"end":{"line":149,"column":null}},"73":{"start":{"line":151,"column":13},"end":{"line":151,"column":null}},"74":{"start":{"line":152,"column":13},"end":{"line":157,"column":null}},"75":{"start":{"line":159,"column":13},"end":{"line":159,"column":null}},"76":{"start":{"line":160,"column":13},"end":{"line":160,"column":null}},"77":{"start":{"line":162,"column":13},"end":{"line":162,"column":null}},"78":{"start":{"line":163,"column":13},"end":{"line":168,"column":null}},"79":{"start":{"line":170,"column":13},"end":{"line":170,"column":null}},"80":{"start":{"line":171,"column":13},"end":{"line":176,"column":null}},"81":{"start":{"line":178,"column":13},"end":{"line":178,"column":null}},"82":{"start":{"line":179,"column":13},"end":{"line":179,"column":null}},"83":{"start":{"line":180,"column":13},"end":{"line":180,"column":null}},"84":{"start":{"line":182,"column":13},"end":{"line":182,"column":null}},"85":{"start":{"line":183,"column":13},"end":{"line":183,"column":null}},"86":{"start":{"line":185,"column":13},"end":{"line":185,"column":null}},"87":{"start":{"line":186,"column":13},"end":{"line":186,"column":null}},"88":{"start":{"line":187,"column":13},"end":{"line":187,"column":null}},"89":{"start":{"line":188,"column":13},"end":{"line":188,"column":null}},"90":{"start":{"line":189,"column":13},"end":{"line":189,"column":null}},"91":{"start":{"line":190,"column":13},"end":{"line":190,"column":null}},"92":{"start":{"line":191,"column":13},"end":{"line":191,"column":null}},"93":{"start":{"line":193,"column":13},"end":{"line":202,"column":null}},"94":{"start":{"line":204,"column":13},"end":{"line":204,"column":null}},"95":{"start":{"line":205,"column":13},"end":{"line":205,"column":null}},"96":{"start":{"line":206,"column":13},"end":{"line":206,"column":null}},"97":{"start":{"line":207,"column":13},"end":{"line":211,"column":null}},"98":{"start":{"line":213,"column":13},"end":{"line":213,"column":null}},"99":{"start":{"line":215,"column":13},"end":{"line":219,"column":null}},"100":{"start":{"line":220,"column":13},"end":{"line":220,"column":null}},"101":{"start":{"line":222,"column":13},"end":{"line":222,"column":null}},"102":{"start":{"line":223,"column":13},"end":{"line":227,"column":null}},"103":{"start":{"line":229,"column":13},"end":{"line":229,"column":null}},"104":{"start":{"line":230,"column":13},"end":{"line":230,"column":null}},"105":{"start":{"line":231,"column":13},"end":{"line":231,"column":null}},"106":{"start":{"line":232,"column":13},"end":{"line":232,"column":null}},"107":{"start":{"line":233,"column":13},"end":{"line":233,"column":null}}},"fnMap":{},"branchMap":{},"s":{"0":19,"1":19,"2":19,"3":19,"4":19,"5":19,"6":19,"7":19,"8":19,"9":19,"10":19,"11":19,"12":19,"13":19,"14":19,"15":19,"16":19,"17":19,"18":19,"19":19,"20":19,"21":19,"22":19,"23":19,"24":19,"25":19,"26":19,"27":19,"28":19,"29":19,"30":19,"31":19,"32":19,"33":19,"34":19,"35":19,"36":19,"37":19,"38":19,"39":19,"40":19,"41":19,"42":19,"43":19,"44":19,"45":19,"46":19,"47":19,"48":19,"49":19,"50":19,"51":19,"52":19,"53":19,"54":19,"55":19,"56":19,"57":19,"58":19,"59":19,"60":19,"61":19,"62":19,"63":19,"64":19,"65":19,"66":19,"67":19,"68":19,"69":19,"70":19,"71":19,"72":19,"73":19,"74":19,"75":19,"76":19,"77":19,"78":19,"79":19,"80":19,"81":19,"82":19,"83":19,"84":19,"85":19,"86":19,"87":19,"88":19,"89":19,"90":19,"91":19,"92":19,"93":19,"94":19,"95":19,"96":19,"97":19,"98":19,"99":19,"100":19,"101":19,"102":19,"103":19,"104":19,"105":19,"106":19,"107":19},"f":{},"b":{}}
,"/home/sowmga/Desktop/dummy/final_testcases_boot/src/theme/customTheme.tsx": {"path":"/home/sowmga/Desktop/dummy/final_testcases_boot/src/theme/customTheme.tsx","statementMap":{"0":{"start":{"line":1,"column":0},"end":{"line":1,"column":null}},"1":{"start":{"line":120,"column":14},"end":{"line":263,"column":2}},"2":{"start":{"line":384,"column":0},"end":{"line":384,"column":null}}},"fnMap":{},"branchMap":{},"s":{"0":19,"1":19,"2":19},"f":{},"b":{}}
}
