TN:
SF:public/assets/Avatar.jpg
FNF:0
FNH:0
DA:1,2
LF:1
LH:1
BRF:0
BRH:0
end_of_record
TN:
SF:public/assets/images/aqi.png
FNF:0
FNH:0
DA:1,21
LF:1
LH:1
BRF:0
BRH:0
end_of_record
TN:
SF:public/assets/images/avatar.png
FNF:0
FNH:0
DA:1,21
LF:1
LH:1
BRF:0
BRH:0
end_of_record
TN:
SF:public/assets/images/bmw.png
FNF:0
FNH:0
DA:1,21
LF:1
LH:1
BRF:0
BRH:0
end_of_record
TN:
SF:public/assets/images/hitech.png
FNF:0
FNH:0
DA:1,21
LF:1
LH:1
BRF:0
BRH:0
end_of_record
TN:
SF:public/assets/images/hp.png
FNF:0
FNH:0
DA:1,21
LF:1
LH:1
BRF:0
BRH:0
end_of_record
TN:
SF:public/assets/images/instagram.png
FNF:0
FNH:0
DA:1,21
LF:1
LH:1
BRF:0
BRH:0
end_of_record
TN:
SF:public/assets/images/jobs.png
FNF:0
FNH:0
DA:1,21
LF:1
LH:1
BRF:0
BRH:0
end_of_record
TN:
SF:public/assets/images/logo1.png
FNF:0
FNH:0
DA:1,21
LF:1
LH:1
BRF:0
BRH:0
end_of_record
TN:
SF:public/assets/images/logo2.png
FNF:0
FNH:0
DA:1,21
LF:1
LH:1
BRF:0
BRH:0
end_of_record
TN:
SF:public/assets/images/mapView.png
FNF:0
FNH:0
DA:1,21
LF:1
LH:1
BRF:0
BRH:0
end_of_record
TN:
SF:public/assets/images/myntra.png
FNF:0
FNH:0
DA:1,21
LF:1
LH:1
BRF:0
BRH:0
end_of_record
TN:
SF:public/assets/images/ola.png
FNF:0
FNH:0
DA:1,21
LF:1
LH:1
BRF:0
BRH:0
end_of_record
TN:
SF:public/assets/images/rapido.png
FNF:0
FNH:0
DA:1,21
LF:1
LH:1
BRF:0
BRH:0
end_of_record
TN:
SF:public/assets/images/stay.png
FNF:0
FNH:0
DA:1,21
LF:1
LH:1
BRF:0
BRH:0
end_of_record
TN:
SF:public/assets/images/success.png
FNF:0
FNH:0
DA:1,5
LF:1
LH:1
BRF:0
BRH:0
end_of_record
TN:
SF:public/assets/images/twitter.png
FNF:0
FNH:0
DA:1,21
LF:1
LH:1
BRF:0
BRH:0
end_of_record
TN:
SF:public/assets/images/uber.png
FNF:0
FNH:0
DA:1,21
LF:1
LH:1
BRF:0
BRH:0
end_of_record
TN:
SF:public/assets/images/vector.png
FNF:0
FNH:0
DA:1,4
LF:1
LH:1
BRF:0
BRH:0
end_of_record
TN:
SF:public/assets/images/wipro.png
FNF:0
FNH:0
DA:1,21
LF:1
LH:1
BRF:0
BRH:0
end_of_record
TN:
SF:public/assets/images/work.png
FNF:0
FNH:0
DA:1,21
LF:1
LH:1
BRF:0
BRH:0
end_of_record
TN:
SF:src/components/atoms/Avatar/index.tsx
FN:5,(anonymous_1)
FNF:1
FNH:1
FNDA:3,(anonymous_1)
DA:1,2
DA:2,2
DA:3,2
DA:5,2
DA:6,3
DA:13,2
LF:6
LH:6
BRF:0
BRH:0
end_of_record
TN:
SF:src/components/atoms/CheckBox/index.tsx
FN:8,(anonymous_7)
FN:11,(anonymous_8)
FN:15,(anonymous_9)
FNF:3
FNH:2
FNDA:1,(anonymous_7)
FNDA:1,(anonymous_8)
FNDA:0,(anonymous_9)
DA:1,1
DA:2,1
DA:8,1
DA:9,1
DA:11,1
DA:12,1
DA:15,1
DA:16,0
DA:19,1
DA:34,1
LF:10
LH:9
BRF:0
BRH:0
end_of_record
TN:
SF:src/components/atoms/CurrentIcon/index.tsx
FN:25,(anonymous_1)
FNF:1
FNH:1
FNDA:11,(anonymous_1)
DA:1,5
DA:2,5
DA:3,5
DA:5,5
DA:25,5
DA:26,11
DA:27,11
LF:7
LH:7
BRF:0
BRH:0
end_of_record
TN:
SF:src/components/atoms/Icon/index.tsx
FN:13,(anonymous_2)
FNF:1
FNH:1
FNDA:221,(anonymous_2)
DA:1,13
DA:2,13
DA:3,13
DA:13,221
DA:14,221
DA:29,13
LF:6
LH:6
BRF:0
BRH:0
end_of_record
TN:
SF:src/components/atoms/Image/index.tsx
FN:13,(anonymous_1)
FNF:1
FNH:1
FNDA:42,(anonymous_1)
DA:1,12
DA:2,12
DA:3,12
DA:13,12
DA:14,42
DA:24,12
LF:6
LH:6
BRF:0
BRH:0
end_of_record
TN:
SF:src/components/atoms/RadioButtons/index.tsx
FN:8,(anonymous_7)
FN:11,(anonymous_8)
FNF:2
FNH:2
FNDA:2,(anonymous_7)
FNDA:1,(anonymous_8)
DA:1,1
DA:2,1
DA:8,1
DA:9,2
DA:11,2
DA:12,1
DA:15,2
DA:33,1
LF:8
LH:8
BRF:0
BRH:0
end_of_record
TN:
SF:src/components/molecules/AQIIndicator/index.tsx
FN:27,(anonymous_7)
FN:31,(anonymous_8)
FNF:2
FNH:2
FNDA:12,(anonymous_7)
FNDA:6,(anonymous_8)
DA:1,2
DA:2,2
DA:3,2
DA:4,2
DA:5,2
DA:7,2
DA:27,2
DA:28,12
DA:29,12
DA:30,12
DA:31,12
DA:32,6
DA:33,3
DA:34,3
DA:36,3
DA:37,3
DA:40,12
DA:62,2
LF:18
LH:18
BRDA:32,0,0,3
BRDA:32,0,1,3
BRF:2
BRH:2
end_of_record
TN:
SF:src/components/molecules/Button/index.tsx
FN:16,(anonymous_1)
FNF:1
FNH:1
FNDA:46,(anonymous_1)
DA:1,10
DA:2,10
DA:16,10
DA:25,46
LF:4
LH:4
BRDA:38,0,0,18
BRDA:38,0,1,28
BRF:2
BRH:2
end_of_record
TN:
SF:src/components/molecules/CabDetail/index.tsx
FN:15,(anonymous_1)
FNF:1
FNH:1
FNDA:7,(anonymous_1)
DA:1,5
DA:2,5
DA:3,5
DA:4,5
DA:6,5
DA:7,5
DA:15,5
DA:16,7
DA:91,5
LF:9
LH:9
BRF:0
BRH:0
end_of_record
TN:
SF:src/components/molecules/Chips/index.tsx
FN:13,(anonymous_1)
FNF:1
FNH:1
FNDA:5,(anonymous_1)
DA:1,6
DA:2,6
DA:3,6
DA:13,6
DA:14,5
LF:5
LH:5
BRF:0
BRH:0
end_of_record
TN:
SF:src/components/molecules/CommonRoutes/index.tsx
FN:24,(anonymous_7)
FNF:1
FNH:1
FNDA:11,(anonymous_7)
DA:1,5
DA:2,5
DA:3,5
DA:4,5
DA:5,5
DA:6,5
DA:7,5
DA:8,5
DA:10,5
DA:24,5
DA:25,11
DA:26,11
LF:12
LH:12
BRF:0
BRH:0
end_of_record
TN:
SF:src/components/molecules/DisplayChips/index.tsx
FN:16,(anonymous_7)
FN:26,(anonymous_8)
FN:40,(anonymous_9)
FN:65,(anonymous_10)
FN:68,(anonymous_11)
FNF:5
FNH:4
FNDA:8,(anonymous_7)
FNDA:2,(anonymous_8)
FNDA:1,(anonymous_9)
FNDA:1,(anonymous_10)
FNDA:0,(anonymous_11)
DA:1,3
DA:2,3
DA:3,3
DA:4,3
DA:5,3
DA:6,3
DA:16,3
DA:23,8
DA:27,2
DA:41,1
DA:42,1
DA:43,1
DA:44,1
DA:45,0
DA:48,1
DA:49,1
DA:50,1
DA:53,1
DA:54,1
DA:66,1
DA:67,1
DA:68,1
DA:78,3
LF:23
LH:22
BRDA:25,0,0,8
BRDA:25,0,1,8
BRDA:44,1,0,0
BRDA:49,2,0,1
BRDA:58,3,0,8
BRDA:58,3,1,2
BRF:6
BRH:5
end_of_record
TN:
SF:src/components/molecules/FileUploader/index.tsx
FN:29,(anonymous_7)
FN:34,(anonymous_8)
FN:38,(anonymous_9)
FN:64,(anonymous_10)
FN:74,(anonymous_11)
FN:132,(anonymous_12)
FN:134,(anonymous_13)
FNF:7
FNH:6
FNDA:5,(anonymous_7)
FNDA:1,(anonymous_8)
FNDA:1,(anonymous_9)
FNDA:1,(anonymous_10)
FNDA:1,(anonymous_11)
FNDA:1,(anonymous_12)
FNDA:0,(anonymous_13)
DA:1,5
DA:2,5
DA:3,5
DA:4,5
DA:11,5
DA:12,5
DA:14,5
DA:29,5
DA:30,5
DA:31,5
DA:33,5
DA:34,5
DA:35,1
DA:38,5
DA:39,1
DA:40,1
DA:44,5
DA:65,1
DA:75,1
DA:133,1
DA:134,1
DA:136,0
DA:150,5
LF:23
LH:22
BRDA:30,0,0,5
BRDA:30,0,1,3
BRDA:35,1,0,1
BRDA:35,1,1,1
BRDA:46,2,0,4
BRDA:46,2,1,1
BRDA:81,3,0,4
BRDA:81,3,1,1
BRDA:136,4,0,0
BRDA:136,4,1,0
BRF:10
BRH:8
end_of_record
TN:
SF:src/components/molecules/InputField/index.tsx
FN:10,(anonymous_1)
FNF:1
FNH:1
FNDA:1,(anonymous_1)
DA:1,1
DA:2,1
DA:10,1
DA:11,1
LF:4
LH:4
BRF:0
BRH:0
end_of_record
TN:
SF:src/components/molecules/LocationBar/index.tsx
FN:10,(anonymous_1)
FNF:1
FNH:1
FNDA:3,(anonymous_1)
DA:1,2
DA:2,2
DA:3,2
DA:4,2
DA:10,2
DA:11,3
DA:41,2
LF:7
LH:7
BRF:0
BRH:0
end_of_record
TN:
SF:src/components/molecules/Popup/index.tsx
FN:26,(anonymous_7)
FN:29,(anonymous_8)
FN:30,(anonymous_9)
FNF:3
FNH:2
FNDA:8,(anonymous_7)
FNDA:1,(anonymous_8)
FNDA:0,(anonymous_9)
DA:1,4
DA:2,4
DA:4,4
DA:5,4
DA:6,4
DA:7,4
DA:9,4
DA:26,4
DA:27,8
DA:28,8
DA:29,8
DA:30,8
DA:32,8
DA:62,4
LF:14
LH:14
BRDA:41,0,0,0
BRDA:41,0,1,8
BRF:2
BRH:1
end_of_record
TN:
SF:src/components/molecules/Stepper/index.tsx
FN:16,(anonymous_7)
FN:19,(anonymous_8)
FN:20,(anonymous_9)
FN:23,(anonymous_10)
FN:24,(anonymous_11)
FN:30,(anonymous_12)
FNF:6
FNH:6
FNDA:8,(anonymous_7)
FNDA:3,(anonymous_8)
FNDA:3,(anonymous_9)
FNDA:1,(anonymous_10)
FNDA:1,(anonymous_11)
FNDA:24,(anonymous_12)
DA:1,1
DA:2,1
DA:3,1
DA:4,1
DA:5,1
DA:6,1
DA:7,1
DA:8,1
DA:10,1
DA:16,1
DA:17,8
DA:19,8
DA:20,3
DA:23,8
DA:24,1
DA:27,8
DA:31,24
DA:98,1
LF:18
LH:18
BRDA:70,0,0,8
BRDA:70,0,1,8
BRF:2
BRH:2
end_of_record
TN:
SF:src/components/organisms/AQI/index.tsx
FN:24,(anonymous_1)
FN:25,(anonymous_2)
FN:30,(anonymous_3)
FN:52,(anonymous_4)
FN:83,(anonymous_5)
FN:94,(anonymous_6)
FNF:6
FNH:6
FNDA:6,(anonymous_1)
FNDA:3,(anonymous_2)
FNDA:6,(anonymous_3)
FNDA:2,(anonymous_4)
FNDA:1,(anonymous_5)
FNDA:6,(anonymous_6)
DA:1,1
DA:2,1
DA:3,1
DA:4,1
DA:5,1
DA:11,1
DA:24,1
DA:25,6
DA:26,3
DA:27,2
DA:28,1
DA:30,6
DA:31,6
DA:36,1
DA:49,5
DA:50,1
DA:53,2
DA:77,4
DA:78,1
DA:80,3
DA:83,6
DA:84,1
DA:85,1
DA:86,1
DA:87,1
DA:88,1
DA:90,1
DA:91,1
DA:92,0
DA:94,6
DA:95,6
DA:96,2
DA:112,4
DA:113,2
DA:129,2
DA:130,2
DA:147,6
LF:37
LH:36
BRDA:26,0,0,1
BRDA:26,0,1,2
BRDA:27,1,0,1
BRDA:27,1,1,1
BRDA:31,2,0,1
BRDA:31,2,1,5
BRDA:32,3,0,6
BRDA:32,3,1,2
BRDA:32,3,2,1
BRDA:49,4,0,1
BRDA:49,4,1,4
BRDA:49,5,0,5
BRDA:49,5,1,2
BRDA:77,6,0,1
BRDA:77,6,1,3
BRDA:77,7,0,4
BRDA:77,7,1,2
BRDA:95,8,0,2
BRDA:106,9,0,1
BRDA:106,9,1,1
BRDA:106,10,0,2
BRDA:106,10,1,2
BRDA:112,11,0,2
BRDA:123,12,0,1
BRDA:123,12,1,1
BRDA:129,13,0,2
BRDA:140,14,0,1
BRDA:140,14,1,1
BRF:28
BRH:28
end_of_record
TN:
SF:src/components/organisms/DetailCard/index.tsx
FN:32,(anonymous_14)
FN:34,(anonymous_15)
FN:37,(anonymous_16)
FN:41,(anonymous_17)
FN:45,(anonymous_18)
FN:45,(anonymous_19)
FN:140,(anonymous_20)
FN:238,(anonymous_21)
FNF:8
FNH:6
FNDA:5,(anonymous_14)
FNDA:6,(anonymous_15)
FNDA:3,(anonymous_16)
FNDA:0,(anonymous_17)
FNDA:1,(anonymous_18)
FNDA:1,(anonymous_19)
FNDA:0,(anonymous_20)
FNDA:1,(anonymous_21)
DA:1,3
DA:2,3
DA:3,3
DA:4,3
DA:5,3
DA:6,3
DA:7,3
DA:8,3
DA:9,3
DA:10,3
DA:11,3
DA:12,3
DA:22,3
DA:24,3
DA:25,3
DA:32,3
DA:33,5
DA:34,6
DA:35,5
DA:37,5
DA:38,3
DA:41,5
DA:42,0
DA:45,5
DA:47,1
DA:49,0
DA:50,0
DA:54,5
DA:140,0
DA:239,1
DA:259,3
LF:31
LH:27
BRDA:49,0,0,0
BRDA:133,1,0,0
BRDA:133,1,1,5
BRDA:157,2,0,4
BRDA:157,2,1,1
BRDA:218,3,0,5
BRDA:218,3,1,4
BRF:7
BRH:5
end_of_record
TN:
SF:src/components/organisms/Filter/index.tsx
FN:47,(anonymous_7)
FN:49,(anonymous_8)
FN:50,(anonymous_9)
FN:54,(anonymous_10)
FN:99,(anonymous_11)
FN:106,(anonymous_12)
FN:116,(anonymous_13)
FN:123,(anonymous_14)
FN:127,(anonymous_15)
FN:189,(anonymous_16)
FN:212,(anonymous_17)
FN:230,(anonymous_18)
FN:253,(anonymous_19)
FN:282,(anonymous_20)
FN:306,(anonymous_21)
FN:325,(anonymous_22)
FN:348,(anonymous_23)
FN:390,(anonymous_24)
FN:417,(anonymous_25)
FN:448,(anonymous_26)
FN:476,(anonymous_27)
FNF:21
FNH:10
FNDA:15,(anonymous_7)
FNDA:3,(anonymous_8)
FNDA:0,(anonymous_9)
FNDA:0,(anonymous_10)
FNDA:5,(anonymous_11)
FNDA:4,(anonymous_12)
FNDA:1,(anonymous_13)
FNDA:0,(anonymous_14)
FNDA:0,(anonymous_15)
FNDA:60,(anonymous_16)
FNDA:0,(anonymous_17)
FNDA:60,(anonymous_18)
FNDA:0,(anonymous_19)
FNDA:60,(anonymous_20)
FNDA:0,(anonymous_21)
FNDA:60,(anonymous_22)
FNDA:0,(anonymous_23)
FNDA:0,(anonymous_24)
FNDA:0,(anonymous_25)
FNDA:60,(anonymous_26)
FNDA:0,(anonymous_27)
DA:1,3
DA:2,3
DA:3,3
DA:4,3
DA:5,3
DA:6,3
DA:7,3
DA:8,3
DA:9,3
DA:25,3
DA:27,3
DA:39,3
DA:47,3
DA:48,15
DA:49,15
DA:50,15
DA:52,15
DA:54,15
DA:55,0
DA:56,0
DA:58,0
DA:59,0
DA:60,0
DA:61,0
DA:62,0
DA:63,0
DA:64,0
DA:66,0
DA:70,15
DA:96,15
DA:97,15
DA:99,15
DA:100,5
DA:101,5
DA:102,5
DA:103,5
DA:104,5
DA:106,15
DA:107,4
DA:110,15
DA:111,15
DA:112,60
DA:113,0
DA:116,15
DA:117,1
DA:118,1
DA:119,1
DA:120,1
DA:123,15
DA:127,0
DA:128,0
DA:130,0
DA:131,0
DA:132,0
DA:133,0
DA:135,0
DA:137,0
DA:141,15
DA:190,60
DA:213,0
DA:231,60
DA:254,0
DA:283,60
DA:307,0
DA:326,60
DA:349,0
DA:391,0
DA:418,0
DA:449,60
DA:477,0
DA:528,3
LF:71
LH:45
BRDA:58,0,0,0
BRDA:59,1,0,0
BRDA:59,1,1,0
BRDA:59,2,0,0
BRDA:59,2,1,0
BRDA:62,3,0,0
BRDA:62,4,0,0
BRDA:62,4,1,0
BRDA:112,5,0,0
BRDA:128,6,0,0
BRDA:128,6,1,0
BRDA:132,7,0,0
BRDA:132,7,1,0
BRF:13
BRH:0
end_of_record
TN:
SF:src/components/organisms/FindJobs/index.tsx
FN:27,(anonymous_7)
FN:34,(anonymous_8)
FN:38,(anonymous_9)
FN:48,(anonymous_10)
FN:57,(anonymous_11)
FN:61,(anonymous_12)
FN:62,(anonymous_13)
FN:153,(anonymous_14)
FN:156,(anonymous_15)
FN:192,(anonymous_16)
FN:194,(anonymous_17)
FNF:11
FNH:6
FNDA:8,(anonymous_7)
FNDA:8,(anonymous_8)
FNDA:2,(anonymous_9)
FNDA:2,(anonymous_10)
FNDA:4,(anonymous_11)
FNDA:2,(anonymous_12)
FNDA:0,(anonymous_13)
FNDA:0,(anonymous_14)
FNDA:0,(anonymous_15)
FNDA:0,(anonymous_16)
FNDA:0,(anonymous_17)
DA:1,2
DA:2,2
DA:3,2
DA:4,2
DA:5,2
DA:6,2
DA:7,2
DA:8,2
DA:9,2
DA:10,2
DA:15,2
DA:23,2
DA:24,2
DA:27,2
DA:28,8
DA:29,6
DA:30,6
DA:31,6
DA:32,6
DA:33,6
DA:34,8
DA:35,6
DA:38,6
DA:39,2
DA:40,2
DA:41,0
DA:43,2
DA:48,6
DA:49,2
DA:57,6
DA:58,4
DA:61,6
DA:62,2
DA:63,0
DA:67,6
DA:154,0
DA:156,0
DA:193,0
DA:195,0
DA:230,2
LF:40
LH:34
BRDA:40,0,0,0
BRDA:40,0,1,2
BRDA:104,1,0,6
BRDA:104,1,1,0
BRDA:131,2,0,6
BRDA:131,2,1,6
BRDA:141,3,0,6
BRDA:141,3,1,0
BRDA:152,4,0,6
BRDA:152,4,1,6
BRDA:191,5,0,0
BRDA:191,5,1,0
BRDA:210,6,0,0
BRDA:210,6,1,0
BRDA:219,7,0,0
BRDA:219,7,1,0
BRDA:219,7,2,0
BRF:17
BRH:7
end_of_record
TN:
SF:src/components/organisms/Header/index.tsx
FN:18,Header
FNF:1
FNH:1
FNDA:2,Header
DA:1,1
DA:2,1
DA:3,1
DA:4,1
DA:5,1
DA:7,1
DA:8,1
DA:18,1
DA:24,2
LF:9
LH:9
BRDA:19,0,0,1
BRDA:20,1,0,2
BRF:2
BRH:2
end_of_record
TN:
SF:src/components/organisms/HomePageOrganism/index.tsx
FN:38,(anonymous_7)
FN:44,(anonymous_8)
FN:57,(anonymous_9)
FN:61,(anonymous_10)
FN:65,(anonymous_11)
FN:69,(anonymous_12)
FN:72,(anonymous_13)
FN:75,(anonymous_14)
FN:79,(anonymous_15)
FN:87,(anonymous_16)
FN:95,(anonymous_17)
FN:97,(anonymous_18)
FN:102,(anonymous_19)
FN:104,(anonymous_20)
FN:107,(anonymous_21)
FN:146,(anonymous_22)
FN:157,(anonymous_23)
FN:211,(anonymous_24)
FN:371,(anonymous_25)
FNF:19
FNH:12
FNDA:4,(anonymous_7)
FNDA:2,(anonymous_8)
FNDA:3,(anonymous_9)
FNDA:3,(anonymous_10)
FNDA:3,(anonymous_11)
FNDA:0,(anonymous_12)
FNDA:0,(anonymous_13)
FNDA:0,(anonymous_14)
FNDA:1,(anonymous_15)
FNDA:1,(anonymous_16)
FNDA:1,(anonymous_17)
FNDA:0,(anonymous_18)
FNDA:1,(anonymous_19)
FNDA:0,(anonymous_20)
FNDA:4,(anonymous_21)
FNDA:0,(anonymous_22)
FNDA:3,(anonymous_23)
FNDA:12,(anonymous_24)
FNDA:0,(anonymous_25)
DA:1,1
DA:2,1
DA:3,1
DA:4,1
DA:5,1
DA:6,1
DA:7,1
DA:8,1
DA:9,1
DA:10,1
DA:11,1
DA:23,1
DA:24,1
DA:38,1
DA:44,4
DA:45,2
DA:46,0
DA:48,2
DA:50,4
DA:52,4
DA:53,4
DA:54,4
DA:55,4
DA:57,4
DA:58,3
DA:61,4
DA:62,3
DA:65,4
DA:66,3
DA:69,4
DA:70,0
DA:72,4
DA:73,0
DA:75,4
DA:76,0
DA:79,4
DA:80,1
DA:81,1
DA:83,0
DA:87,4
DA:88,1
DA:89,0
DA:91,1
DA:95,4
DA:96,1
DA:97,1
DA:98,0
DA:102,4
DA:103,1
DA:104,1
DA:107,4
DA:108,4
DA:109,4
DA:111,4
DA:112,4
DA:114,4
DA:115,2
DA:116,2
DA:117,2
DA:120,4
DA:121,2
DA:122,2
DA:123,2
DA:124,2
DA:125,2
DA:127,4
DA:128,0
DA:129,0
DA:130,0
DA:131,0
DA:132,0
DA:134,4
DA:147,0
DA:158,3
DA:175,4
DA:212,12
DA:213,12
DA:372,0
LF:78
LH:64
BRDA:45,0,0,0
BRDA:80,1,0,1
BRDA:80,1,1,0
BRDA:88,2,0,0
BRDA:88,2,1,1
BRDA:98,3,0,0
BRDA:98,3,1,0
BRDA:104,4,0,0
BRDA:104,4,1,0
BRDA:114,5,0,2
BRDA:120,6,0,2
BRDA:127,7,0,0
BRDA:134,8,0,2
BRDA:134,8,1,2
BRDA:245,9,0,6
BRDA:245,9,1,6
BRDA:343,10,0,4
BRDA:343,10,1,2
BRDA:369,11,0,4
BRDA:369,11,1,0
BRF:20
BRH:11
end_of_record
TN:
SF:src/components/organisms/InputChip/index.tsx
FN:26,(anonymous_1)
FN:43,(anonymous_2)
FN:46,(anonymous_3)
FN:48,(anonymous_4)
FN:65,(anonymous_5)
FNF:5
FNH:4
FNDA:5,(anonymous_1)
FNDA:0,(anonymous_2)
FNDA:4,(anonymous_3)
FNDA:2,(anonymous_4)
FNDA:10,(anonymous_5)
DA:2,2
DA:3,2
DA:4,2
DA:5,2
DA:7,2
DA:17,2
DA:26,2
DA:33,5
DA:44,0
DA:47,4
DA:48,2
DA:49,2
DA:66,10
LF:13
LH:12
BRDA:47,0,0,2
BRDA:71,1,0,6
BRDA:71,1,1,4
BRF:3
BRH:3
end_of_record
TN:
SF:src/components/organisms/JobCard/index.tsx
FN:36,(anonymous_1)
FNF:1
FNH:1
FNDA:1,(anonymous_1)
DA:1,3
DA:2,3
DA:3,3
DA:4,3
DA:5,3
DA:6,3
DA:7,3
DA:9,3
DA:36,3
DA:43,1
DA:44,1
LF:11
LH:11
BRF:0
BRH:0
end_of_record
TN:
SF:src/components/organisms/JobRoutes/index.tsx
FN:41,(anonymous_7)
FN:72,(anonymous_8)
FN:90,(anonymous_9)
FN:107,(anonymous_10)
FN:126,(anonymous_11)
FN:143,(anonymous_12)
FN:152,(anonymous_13)
FNF:7
FNH:7
FNDA:11,(anonymous_7)
FNDA:1,(anonymous_8)
FNDA:1,(anonymous_9)
FNDA:1,(anonymous_10)
FNDA:1,(anonymous_11)
FNDA:2,(anonymous_12)
FNDA:1,(anonymous_13)
DA:1,4
DA:2,4
DA:3,4
DA:4,4
DA:5,4
DA:6,4
DA:7,4
DA:9,4
DA:11,4
DA:12,4
DA:14,4
DA:24,4
DA:25,4
DA:26,4
DA:28,4
DA:41,4
DA:42,11
DA:44,11
DA:45,11
DA:73,1
DA:91,1
DA:108,1
DA:127,1
DA:144,2
DA:153,1
LF:25
LH:25
BRDA:77,0,0,6
BRDA:77,0,1,5
BRDA:113,1,0,3
BRDA:113,1,1,8
BRDA:221,2,0,11
BRDA:221,2,1,6
BRDA:315,3,0,11
BRDA:315,3,1,3
BRF:8
BRH:8
end_of_record
TN:
SF:src/components/organisms/SavedJobCard/index.tsx
FN:32,(anonymous_1)
FNF:1
FNH:1
FNDA:1,(anonymous_1)
DA:1,3
DA:2,3
DA:10,3
DA:11,3
DA:12,3
DA:13,3
DA:15,3
DA:32,3
DA:40,1
DA:41,1
DA:161,3
LF:11
LH:11
BRDA:61,0,0,0
BRDA:61,0,1,1
BRF:2
BRH:1
end_of_record
TN:
SF:src/components/organisms/SavedJobs/index.tsx
FN:12,(anonymous_14)
FN:16,(anonymous_15)
FN:18,(anonymous_16)
FN:23,(anonymous_17)
FN:24,(anonymous_18)
FN:24,(anonymous_19)
FN:34,(anonymous_20)
FN:38,(anonymous_21)
FN:39,(anonymous_22)
FN:78,(anonymous_23)
FN:80,(anonymous_24)
FNF:11
FNH:0
FNDA:0,(anonymous_14)
FNDA:0,(anonymous_15)
FNDA:0,(anonymous_16)
FNDA:0,(anonymous_17)
FNDA:0,(anonymous_18)
FNDA:0,(anonymous_19)
FNDA:0,(anonymous_20)
FNDA:0,(anonymous_21)
FNDA:0,(anonymous_22)
FNDA:0,(anonymous_23)
FNDA:0,(anonymous_24)
DA:1,1
DA:2,1
DA:3,1
DA:4,1
DA:5,1
DA:7,1
DA:9,1
DA:10,1
DA:12,1
DA:13,0
DA:15,0
DA:16,0
DA:17,0
DA:18,0
DA:19,0
DA:23,0
DA:24,0
DA:25,0
DA:26,0
DA:28,0
DA:31,0
DA:34,0
DA:35,0
DA:38,0
DA:39,0
DA:40,0
DA:44,0
DA:79,0
DA:80,0
DA:115,1
LF:30
LH:10
BRDA:25,0,0,0
BRDA:25,0,1,0
BRDA:62,1,0,0
BRDA:62,1,1,0
BRDA:77,2,0,0
BRDA:77,2,1,0
BRDA:94,3,0,0
BRDA:94,3,1,0
BRDA:103,4,0,0
BRDA:103,4,1,0
BRDA:103,4,2,0
BRF:11
BRH:0
end_of_record
TN:
SF:src/components/organisms/SearchBar/index.tsx
FN:25,(anonymous_7)
FN:29,(anonymous_8)
FN:56,(anonymous_9)
FN:60,(anonymous_10)
FN:92,(anonymous_11)
FN:99,(anonymous_12)
FN:117,(anonymous_13)
FNF:7
FNH:5
FNDA:9,(anonymous_7)
FNDA:1,(anonymous_8)
FNDA:0,(anonymous_9)
FNDA:12,(anonymous_10)
FNDA:0,(anonymous_11)
FNDA:12,(anonymous_12)
FNDA:1,(anonymous_13)
DA:1,3
DA:10,3
DA:11,3
DA:13,3
DA:15,3
DA:17,3
DA:25,3
DA:26,9
DA:27,9
DA:29,9
DA:30,1
DA:31,1
DA:32,1
DA:34,9
DA:56,0
DA:61,12
DA:93,0
DA:100,12
DA:117,1
DA:139,3
LF:20
LH:18
BRDA:56,0,0,0
BRDA:56,0,1,0
BRDA:93,1,0,0
BRDA:93,1,1,0
BRF:4
BRH:0
end_of_record
TN:
SF:src/components/organisms/SideNavBar/index.tsx
FN:41,TabPanel
FN:74,a11yProps
FN:81,SideNav
FN:85,(anonymous_11)
FNF:4
FNH:3
FNDA:10,TabPanel
FNDA:8,a11yProps
FNDA:1,SideNav
FNDA:0,(anonymous_11)
DA:1,1
DA:2,1
DA:3,1
DA:4,1
DA:5,1
DA:6,1
DA:7,1
DA:8,1
DA:9,1
DA:10,1
DA:13,1
DA:25,1
DA:42,10
DA:44,9
DA:75,8
DA:81,1
DA:82,1
DA:85,1
DA:86,0
DA:89,1
LF:20
LH:19
BRDA:65,0,0,9
BRDA:65,0,1,1
BRF:2
BRH:2
end_of_record
TN:
SF:src/constants/constants.tsx
FNF:0
FNH:0
DA:1,21
DA:2,21
DA:3,21
DA:4,21
DA:5,21
DA:6,21
DA:7,21
DA:8,21
DA:9,21
DA:10,21
DA:11,21
DA:12,21
DA:13,21
DA:14,21
DA:15,21
DA:16,21
DA:17,21
DA:18,21
DA:19,21
DA:20,21
DA:21,21
DA:22,21
DA:23,21
DA:24,21
DA:25,21
DA:26,21
DA:27,21
DA:28,21
DA:29,21
DA:30,21
DA:31,21
DA:32,21
DA:33,21
DA:34,21
DA:35,21
DA:36,21
DA:37,21
DA:38,21
DA:39,21
DA:40,21
DA:41,21
DA:42,21
DA:43,21
DA:44,21
DA:45,21
DA:46,21
DA:47,21
DA:48,21
DA:49,21
DA:50,21
DA:51,21
DA:52,21
DA:53,21
DA:54,21
DA:55,21
DA:57,21
DA:58,21
DA:59,21
DA:60,21
DA:61,21
DA:62,21
DA:63,21
DA:69,21
DA:109,21
DA:129,21
DA:131,21
DA:132,21
DA:135,21
DA:138,21
DA:140,21
DA:142,21
DA:143,21
DA:149,21
DA:151,21
DA:152,21
DA:159,21
DA:160,21
DA:162,21
DA:163,21
DA:170,21
DA:171,21
DA:178,21
DA:179,21
DA:180,21
DA:182,21
DA:183,21
DA:185,21
DA:186,21
DA:187,21
DA:188,21
DA:189,21
DA:190,21
DA:191,21
DA:193,21
DA:204,21
DA:205,21
DA:206,21
DA:207,21
DA:213,21
DA:215,21
DA:220,21
DA:222,21
DA:223,21
DA:229,21
DA:230,21
DA:231,21
DA:232,21
DA:233,21
DA:234,21
DA:236,21
DA:251,21
DA:252,21
DA:253,21
DA:255,21
DA:256,21
DA:258,21
DA:260,21
DA:277,21
LF:118
LH:118
BRF:0
BRH:0
end_of_record
TN:
SF:src/features/JobSlice.tsx
FN:15,(anonymous_8)
FN:15,(anonymous_9)
FN:27,(anonymous_10)
FN:27,(anonymous_11)
FN:50,(anonymous_12)
FN:53,(anonymous_13)
FN:56,(anonymous_14)
FN:62,(anonymous_15)
FN:65,(anonymous_16)
FN:70,(anonymous_17)
FN:73,(anonymous_18)
FN:78,(anonymous_19)
FN:81,(anonymous_20)
FN:87,(anonymous_21)
FN:90,(anonymous_22)
FN:95,(anonymous_23)
FN:98,(anonymous_24)
FNF:17
FNH:13
FNDA:1,(anonymous_8)
FNDA:1,(anonymous_9)
FNDA:3,(anonymous_10)
FNDA:3,(anonymous_11)
FNDA:3,(anonymous_12)
FNDA:21,(anonymous_13)
FNDA:0,(anonymous_14)
FNDA:21,(anonymous_15)
FNDA:3,(anonymous_16)
FNDA:21,(anonymous_17)
FNDA:0,(anonymous_18)
FNDA:21,(anonymous_19)
FNDA:0,(anonymous_20)
FNDA:21,(anonymous_21)
FNDA:1,(anonymous_22)
FNDA:21,(anonymous_23)
FNDA:0,(anonymous_24)
DA:1,3
DA:2,3
DA:3,3
DA:13,3
DA:15,1
DA:17,1
DA:18,1
DA:21,0
DA:23,0
DA:27,3
DA:28,3
DA:29,3
DA:30,0
DA:32,0
DA:41,3
DA:46,3
DA:52,3
DA:54,21
DA:57,0
DA:58,0
DA:61,3
DA:63,21
DA:66,3
DA:69,3
DA:71,21
DA:74,0
DA:77,3
DA:79,21
DA:82,0
DA:83,0
DA:86,3
DA:88,21
DA:91,1
DA:94,3
DA:96,21
DA:99,0
DA:105,3
LF:37
LH:27
BRDA:54,0,0,21
BRDA:54,0,1,3
BRDA:63,1,0,21
BRDA:63,1,1,3
BRDA:71,2,0,21
BRDA:71,2,1,3
BRDA:79,3,0,21
BRDA:79,3,1,1
BRDA:88,4,0,21
BRDA:88,4,1,1
BRDA:96,5,0,21
BRDA:96,5,1,1
BRF:12
BRH:12
end_of_record
TN:
SF:src/features/JobsSlice.tsx
FN:6,(anonymous_8)
FN:6,(anonymous_9)
FN:22,(anonymous_10)
FN:22,(anonymous_11)
FN:28,(anonymous_12)
FN:30,(anonymous_13)
FN:41,(anonymous_14)
FN:41,(anonymous_15)
FN:46,(anonymous_16)
FN:53,(anonymous_17)
FN:53,(anonymous_18)
FN:58,(anonymous_19)
FN:83,(anonymous_20)
FN:84,(anonymous_21)
FN:84,(anonymous_22)
FN:89,(anonymous_23)
FN:92,(anonymous_24)
FN:97,(anonymous_25)
FN:100,(anonymous_26)
FN:105,(anonymous_27)
FN:108,(anonymous_28)
FN:114,(anonymous_29)
FN:117,(anonymous_30)
FN:122,(anonymous_31)
FN:125,(anonymous_32)
FN:130,(anonymous_33)
FN:133,(anonymous_34)
FN:139,(anonymous_35)
FN:142,(anonymous_36)
FN:147,(anonymous_37)
FN:150,(anonymous_38)
FN:155,(anonymous_39)
FN:158,(anonymous_40)
FN:164,(anonymous_41)
FN:167,(anonymous_42)
FN:172,(anonymous_43)
FN:175,(anonymous_44)
FN:42,(anonymous_14)
FN:47,(anonymous_16)
FN:54,(anonymous_17)
FN:59,(anonymous_19)
FN:84,(anonymous_20)
FN:85,(anonymous_21)
FN:85,(anonymous_22)
FN:91,(anonymous_23)
FN:93,(anonymous_24)
FN:99,(anonymous_25)
FN:101,(anonymous_26)
FN:107,(anonymous_27)
FN:109,(anonymous_28)
FN:116,(anonymous_29)
FN:118,(anonymous_30)
FN:124,(anonymous_31)
FN:126,(anonymous_32)
FN:132,(anonymous_33)
FN:134,(anonymous_34)
FN:141,(anonymous_35)
FN:143,(anonymous_36)
FN:149,(anonymous_37)
FN:151,(anonymous_38)
FN:157,(anonymous_39)
FN:159,(anonymous_40)
FN:166,(anonymous_41)
FN:168,(anonymous_42)
FN:174,(anonymous_43)
FN:176,(anonymous_44)
FN:44,(anonymous_16)
FN:49,(anonymous_17)
FN:57,(anonymous_19)
FN:79,(anonymous_20)
FN:82,(anonymous_21)
FN:86,(anonymous_23)
FN:87,(anonymous_24)
FN:93,(anonymous_25)
FN:95,(anonymous_26)
FN:101,(anonymous_27)
FN:103,(anonymous_28)
FN:110,(anonymous_29)
FN:112,(anonymous_30)
FN:118,(anonymous_31)
FN:120,(anonymous_32)
FN:126,(anonymous_33)
FN:128,(anonymous_34)
FN:135,(anonymous_35)
FN:137,(anonymous_36)
FN:143,(anonymous_37)
FN:145,(anonymous_38)
FN:151,(anonymous_39)
FN:153,(anonymous_40)
FN:160,(anonymous_41)
FN:162,(anonymous_42)
FN:168,(anonymous_43)
FN:170,(anonymous_44)
FNF:93
FNH:52
FNDA:2,(anonymous_8)
FNDA:2,(anonymous_9)
FNDA:2,(anonymous_10)
FNDA:2,(anonymous_11)
FNDA:0,(anonymous_12)
FNDA:0,(anonymous_13)
FNDA:0,(anonymous_14)
FNDA:0,(anonymous_15)
FNDA:0,(anonymous_16)
FNDA:2,(anonymous_17)
FNDA:2,(anonymous_18)
FNDA:0,(anonymous_19)
FNDA:1,(anonymous_20)
FNDA:7,(anonymous_21)
FNDA:0,(anonymous_22)
FNDA:7,(anonymous_23)
FNDA:1,(anonymous_24)
FNDA:7,(anonymous_25)
FNDA:0,(anonymous_26)
FNDA:7,(anonymous_27)
FNDA:0,(anonymous_28)
FNDA:7,(anonymous_29)
FNDA:1,(anonymous_30)
FNDA:7,(anonymous_31)
FNDA:0,(anonymous_32)
FNDA:7,(anonymous_33)
FNDA:0,(anonymous_34)
FNDA:7,(anonymous_35)
FNDA:2,(anonymous_36)
FNDA:7,(anonymous_37)
FNDA:0,(anonymous_38)
FNDA:7,(anonymous_39)
FNDA:0,(anonymous_40)
FNDA:7,(anonymous_41)
FNDA:0,(anonymous_42)
FNDA:7,(anonymous_43)
FNDA:0,(anonymous_44)
FNDA:0,(anonymous_14)
FNDA:0,(anonymous_16)
FNDA:4,(anonymous_17)
FNDA:0,(anonymous_19)
FNDA:1,(anonymous_20)
FNDA:7,(anonymous_21)
FNDA:0,(anonymous_22)
FNDA:7,(anonymous_23)
FNDA:1,(anonymous_24)
FNDA:7,(anonymous_25)
FNDA:0,(anonymous_26)
FNDA:7,(anonymous_27)
FNDA:0,(anonymous_28)
FNDA:7,(anonymous_29)
FNDA:1,(anonymous_30)
FNDA:7,(anonymous_31)
FNDA:0,(anonymous_32)
FNDA:7,(anonymous_33)
FNDA:0,(anonymous_34)
FNDA:7,(anonymous_35)
FNDA:2,(anonymous_36)
FNDA:7,(anonymous_37)
FNDA:0,(anonymous_38)
FNDA:7,(anonymous_39)
FNDA:0,(anonymous_40)
FNDA:7,(anonymous_41)
FNDA:0,(anonymous_42)
FNDA:7,(anonymous_43)
FNDA:0,(anonymous_44)
FNDA:0,(anonymous_16)
FNDA:0,(anonymous_17)
FNDA:0,(anonymous_19)
FNDA:1,(anonymous_20)
FNDA:7,(anonymous_21)
FNDA:7,(anonymous_23)
FNDA:0,(anonymous_24)
FNDA:7,(anonymous_25)
FNDA:0,(anonymous_26)
FNDA:7,(anonymous_27)
FNDA:0,(anonymous_28)
FNDA:7,(anonymous_29)
FNDA:0,(anonymous_30)
FNDA:7,(anonymous_31)
FNDA:0,(anonymous_32)
FNDA:7,(anonymous_33)
FNDA:0,(anonymous_34)
FNDA:7,(anonymous_35)
FNDA:0,(anonymous_36)
FNDA:7,(anonymous_37)
FNDA:0,(anonymous_38)
FNDA:7,(anonymous_39)
FNDA:0,(anonymous_40)
FNDA:7,(anonymous_41)
FNDA:0,(anonymous_42)
FNDA:7,(anonymous_43)
FNDA:0,(anonymous_44)
DA:1,3
DA:2,3
DA:3,3
DA:6,3
DA:7,2
DA:8,2
DA:9,2
DA:10,0
DA:11,0
DA:13,0
DA:22,2
DA:24,1
DA:25,2
DA:26,0
DA:27,0
DA:28,0
DA:29,0
DA:30,0
DA:31,0
DA:33,0
DA:34,0
DA:35,0
DA:36,0
DA:39,1
DA:41,0
DA:42,1
DA:43,0
DA:44,0
DA:45,0
DA:46,0
DA:47,0
DA:48,0
DA:49,1
DA:51,0
DA:53,2
DA:54,2
DA:55,2
DA:56,2
DA:57,2
DA:58,0
DA:59,0
DA:60,0
DA:61,1
DA:72,1
DA:73,1
DA:74,1
DA:77,1
DA:78,1
DA:80,1
DA:82,7
DA:83,0
DA:84,7
DA:85,7
DA:86,7
DA:87,0
DA:88,1
DA:90,7
DA:91,7
DA:93,7
DA:95,1
DA:96,1
DA:98,7
DA:99,7
DA:101,7
DA:103,0
DA:104,1
DA:106,7
DA:107,7
DA:109,0
DA:110,7
DA:112,0
DA:113,1
DA:115,7
DA:116,7
DA:118,7
DA:120,1
DA:121,1
DA:123,7
DA:124,7
DA:126,7
DA:128,0
DA:129,1
DA:131,7
DA:132,7
DA:134,0
DA:135,7
DA:137,0
DA:138,1
DA:140,7
DA:141,7
DA:143,7
DA:145,2
DA:146,1
DA:148,7
DA:149,7
DA:151,7
DA:153,0
DA:154,1
DA:156,7
DA:157,7
DA:159,0
DA:160,7
DA:162,0
DA:163,1
DA:165,7
DA:166,7
DA:168,7
DA:170,0
DA:171,1
DA:173,7
DA:174,7
DA:176,0
DA:178,0
DA:179,1
DA:182,1
LF:115
LH:77
BRDA:27,0,0,0
BRDA:27,1,0,0
BRDA:27,1,1,0
BRDA:27,1,2,0
BRDA:29,2,0,0
BRDA:29,3,0,0
BRDA:29,3,1,0
BRDA:29,3,2,0
BRDA:57,4,0,0
BRDA:84,5,0,7
BRDA:84,5,1,1
BRDA:90,6,0,7
BRDA:90,6,1,1
BRDA:98,7,0,7
BRDA:98,7,1,1
BRDA:106,8,0,7
BRDA:106,8,1,1
BRDA:115,9,0,7
BRDA:115,9,1,1
BRDA:123,10,0,7
BRDA:123,10,1,1
BRDA:131,11,0,7
BRDA:131,11,1,2
BRDA:140,12,0,7
BRDA:140,12,1,2
BRDA:148,13,0,7
BRDA:148,13,1,2
BRDA:156,14,0,7
BRDA:156,14,1,0
BRDA:165,15,0,7
BRDA:165,15,1,0
BRDA:173,16,0,7
BRDA:173,16,1,0
BRDA:57,17,0,0
BRDA:85,18,0,7
BRDA:85,18,1,1
BRDA:91,19,0,7
BRDA:91,19,1,1
BRDA:99,20,0,7
BRDA:99,20,1,1
BRDA:107,21,0,7
BRDA:107,21,1,1
BRDA:116,22,0,7
BRDA:116,22,1,1
BRDA:124,23,0,7
BRDA:124,23,1,1
BRDA:132,24,0,7
BRDA:132,24,1,2
BRDA:141,25,0,7
BRDA:141,25,1,2
BRDA:149,26,0,7
BRDA:149,26,1,2
BRDA:157,27,0,7
BRDA:157,27,1,0
BRDA:166,28,0,7
BRDA:166,28,1,0
BRDA:174,29,0,7
BRDA:174,29,1,0
BRDA:55,30,0,0
BRDA:82,31,0,7
BRDA:82,31,1,0
BRDA:86,32,0,7
BRDA:86,32,1,0
BRDA:93,33,0,7
BRDA:93,33,1,0
BRDA:101,34,0,7
BRDA:101,34,1,0
BRDA:110,35,0,7
BRDA:110,35,1,0
BRDA:118,36,0,7
BRDA:118,36,1,0
BRDA:126,37,0,7
BRDA:126,37,1,0
BRDA:135,38,0,7
BRDA:135,38,1,0
BRDA:143,39,0,7
BRDA:143,39,1,0
BRDA:151,40,0,7
BRDA:151,40,1,0
BRDA:160,41,0,7
BRDA:160,41,1,0
BRDA:168,42,0,7
BRDA:168,42,1,0
BRF:83
BRH:54
end_of_record
TN:
SF:src/store/store.tsx
FNF:0
FNH:0
DA:1,3
DA:2,3
DA:3,3
DA:5,3
DA:13,3
LF:5
LH:5
BRF:0
BRH:0
end_of_record
TN:
SF:src/theme/customTheme.tsx
FNF:0
FNH:0
DA:1,21
DA:124,21
DA:409,21
LF:3
LH:3
BRF:0
BRH:0
end_of_record
