TN:
SF:public/assets/Avatar.jpg
FNF:0
FNH:0
DA:1,2
LF:1
LH:1
BRF:0
BRH:0
end_of_record
TN:
SF:public/assets/images/aqi.png
FNF:0
FNH:0
DA:1,16
LF:1
LH:1
BRF:0
BRH:0
end_of_record
TN:
SF:public/assets/images/avatar.png
FNF:0
FNH:0
DA:1,16
LF:1
LH:1
BRF:0
BRH:0
end_of_record
TN:
SF:public/assets/images/bmw.png
FNF:0
FNH:0
DA:1,16
LF:1
LH:1
BRF:0
BRH:0
end_of_record
TN:
SF:public/assets/images/hitech.png
FNF:0
FNH:0
DA:1,16
LF:1
LH:1
BRF:0
BRH:0
end_of_record
TN:
SF:public/assets/images/hp.png
FNF:0
FNH:0
DA:1,16
LF:1
LH:1
BRF:0
BRH:0
end_of_record
TN:
SF:public/assets/images/instagram.png
FNF:0
FNH:0
DA:1,16
LF:1
LH:1
BRF:0
BRH:0
end_of_record
TN:
SF:public/assets/images/jobs.png
FNF:0
FNH:0
DA:1,16
LF:1
LH:1
BRF:0
BRH:0
end_of_record
TN:
SF:public/assets/images/logo1.png
FNF:0
FNH:0
DA:1,16
LF:1
LH:1
BRF:0
BRH:0
end_of_record
TN:
SF:public/assets/images/logo2.png
FNF:0
FNH:0
DA:1,16
LF:1
LH:1
BRF:0
BRH:0
end_of_record
TN:
SF:public/assets/images/mapView.png
FNF:0
FNH:0
DA:1,16
LF:1
LH:1
BRF:0
BRH:0
end_of_record
TN:
SF:public/assets/images/myntra.png
FNF:0
FNH:0
DA:1,16
LF:1
LH:1
BRF:0
BRH:0
end_of_record
TN:
SF:public/assets/images/ola.png
FNF:0
FNH:0
DA:1,16
LF:1
LH:1
BRF:0
BRH:0
end_of_record
TN:
SF:public/assets/images/rapido.png
FNF:0
FNH:0
DA:1,16
LF:1
LH:1
BRF:0
BRH:0
end_of_record
TN:
SF:public/assets/images/stay.png
FNF:0
FNH:0
DA:1,16
LF:1
LH:1
BRF:0
BRH:0
end_of_record
TN:
SF:public/assets/images/success.png
FNF:0
FNH:0
DA:1,3
LF:1
LH:1
BRF:0
BRH:0
end_of_record
TN:
SF:public/assets/images/twitter.png
FNF:0
FNH:0
DA:1,16
LF:1
LH:1
BRF:0
BRH:0
end_of_record
TN:
SF:public/assets/images/uber.png
FNF:0
FNH:0
DA:1,16
LF:1
LH:1
BRF:0
BRH:0
end_of_record
TN:
SF:public/assets/images/vector.png
FNF:0
FNH:0
DA:1,2
LF:1
LH:1
BRF:0
BRH:0
end_of_record
TN:
SF:public/assets/images/wipro.png
FNF:0
FNH:0
DA:1,16
LF:1
LH:1
BRF:0
BRH:0
end_of_record
TN:
SF:public/assets/images/work.png
FNF:0
FNH:0
DA:1,16
LF:1
LH:1
BRF:0
BRH:0
end_of_record
TN:
SF:src/components/atoms/CurrentIcon/index.tsx
FN:25,(anonymous_1)
FNF:1
FNH:1
FNDA:11,(anonymous_1)
DA:1,3
DA:2,3
DA:3,3
DA:5,3
DA:25,3
DA:26,11
DA:27,11
LF:7
LH:7
BRF:0
BRH:0
end_of_record
TN:
SF:src/components/atoms/avatar/index.tsx
FN:5,(anonymous_1)
FNF:1
FNH:1
FNDA:3,(anonymous_1)
DA:1,2
DA:2,2
DA:3,2
DA:5,2
DA:6,3
DA:13,2
LF:6
LH:6
BRF:0
BRH:0
end_of_record
TN:
SF:src/components/atoms/icon/index.tsx
FN:13,(anonymous_2)
FNF:1
FNH:1
FNDA:207,(anonymous_2)
DA:1,11
DA:2,11
DA:3,11
DA:13,207
DA:14,207
DA:29,11
LF:6
LH:6
BRF:0
BRH:0
end_of_record
TN:
SF:src/components/atoms/image/index.tsx
FN:13,(anonymous_1)
FNF:1
FNH:1
FNDA:27,(anonymous_1)
DA:1,8
DA:2,8
DA:3,8
DA:13,8
DA:14,27
DA:24,8
LF:6
LH:6
BRF:0
BRH:0
end_of_record
TN:
SF:src/components/molecules/AQIIndicator/index.tsx
FN:29,(anonymous_7)
FN:33,(anonymous_8)
FNF:2
FNH:2
FNDA:4,(anonymous_7)
FNDA:2,(anonymous_8)
DA:2,1
DA:3,1
DA:4,1
DA:5,1
DA:7,1
DA:9,1
DA:29,1
DA:30,4
DA:31,4
DA:32,4
DA:33,4
DA:34,2
DA:35,1
DA:36,1
DA:38,1
DA:39,1
DA:42,4
DA:64,1
LF:18
LH:18
BRDA:34,0,0,1
BRDA:34,0,1,1
BRF:2
BRH:2
end_of_record
TN:
SF:src/components/molecules/CabDetail/index.tsx
FN:15,(anonymous_1)
FNF:1
FNH:1
FNDA:7,(anonymous_1)
DA:1,3
DA:2,3
DA:3,3
DA:4,3
DA:6,3
DA:7,3
DA:15,3
DA:16,7
DA:91,3
LF:9
LH:9
BRF:0
BRH:0
end_of_record
TN:
SF:src/components/molecules/CommonRoutes/index.tsx
FN:24,(anonymous_7)
FNF:1
FNH:1
FNDA:11,(anonymous_7)
DA:1,3
DA:2,3
DA:3,3
DA:4,3
DA:5,3
DA:6,3
DA:7,3
DA:8,3
DA:10,3
DA:24,3
DA:25,11
DA:26,11
LF:12
LH:12
BRF:0
BRH:0
end_of_record
TN:
SF:src/components/molecules/InputField/index.tsx
FN:10,(anonymous_1)
FNF:1
FNH:1
FNDA:1,(anonymous_1)
DA:1,1
DA:2,1
DA:10,1
DA:11,1
LF:4
LH:4
BRF:0
BRH:0
end_of_record
TN:
SF:src/components/molecules/LocationBar/index.tsx
FN:11,(anonymous_1)
FNF:1
FNH:1
FNDA:3,(anonymous_1)
DA:1,2
DA:2,2
DA:3,2
DA:5,2
DA:11,2
DA:12,3
DA:42,2
LF:7
LH:7
BRF:0
BRH:0
end_of_record
TN:
SF:src/components/molecules/button/index.tsx
FN:16,(anonymous_1)
FNF:1
FNH:1
FNDA:34,(anonymous_1)
DA:1,5
DA:2,5
DA:3,5
DA:16,5
DA:25,34
LF:5
LH:5
BRDA:37,0,0,15
BRDA:37,0,1,19
BRF:2
BRH:2
end_of_record
TN:
SF:src/components/molecules/chips/index.tsx
FN:14,(anonymous_1)
FNF:1
FNH:1
FNDA:1,(anonymous_1)
DA:1,1
DA:2,1
DA:3,1
DA:4,1
DA:14,1
DA:15,1
LF:6
LH:6
BRF:0
BRH:0
end_of_record
TN:
SF:src/components/molecules/fileUploader/index.tsx
FN:28,(anonymous_7)
FN:33,(anonymous_8)
FN:37,(anonymous_9)
FN:63,(anonymous_10)
FN:73,(anonymous_11)
FN:131,(anonymous_12)
FNF:6
FNH:6
FNDA:5,(anonymous_7)
FNDA:1,(anonymous_8)
FNDA:1,(anonymous_9)
FNDA:1,(anonymous_10)
FNDA:1,(anonymous_11)
FNDA:1,(anonymous_12)
DA:1,3
DA:2,3
DA:3,3
DA:4,3
DA:11,3
DA:12,3
DA:14,3
DA:28,3
DA:29,5
DA:30,5
DA:32,5
DA:33,5
DA:34,1
DA:37,5
DA:38,1
DA:39,1
DA:40,1
DA:43,5
DA:64,1
DA:74,1
DA:132,1
DA:145,3
LF:22
LH:22
BRDA:29,0,0,5
BRDA:29,0,1,3
BRDA:34,1,0,1
BRDA:34,1,1,1
BRDA:45,2,0,4
BRDA:45,2,1,1
BRDA:80,3,0,4
BRDA:80,3,1,1
BRF:8
BRH:8
end_of_record
TN:
SF:src/components/molecules/popup/index.tsx
FN:22,(anonymous_7)
FN:24,(anonymous_8)
FN:25,(anonymous_9)
FNF:3
FNH:2
FNDA:9,(anonymous_7)
FNDA:1,(anonymous_8)
FNDA:0,(anonymous_9)
DA:1,2
DA:2,2
DA:4,2
DA:5,2
DA:6,2
DA:7,2
DA:9,2
DA:22,2
DA:23,9
DA:24,8
DA:25,8
DA:27,8
DA:56,2
LF:13
LH:13
BRF:0
BRH:0
end_of_record
TN:
SF:src/components/molecules/stepper/index.tsx
FN:16,(anonymous_7)
FN:19,(anonymous_8)
FN:20,(anonymous_9)
FN:23,(anonymous_10)
FN:24,(anonymous_11)
FN:30,(anonymous_12)
FNF:6
FNH:6
FNDA:8,(anonymous_7)
FNDA:3,(anonymous_8)
FNDA:3,(anonymous_9)
FNDA:1,(anonymous_10)
FNDA:1,(anonymous_11)
FNDA:24,(anonymous_12)
DA:1,1
DA:2,1
DA:3,1
DA:4,1
DA:5,1
DA:6,1
DA:7,1
DA:8,1
DA:10,1
DA:16,1
DA:17,8
DA:19,8
DA:20,3
DA:23,8
DA:24,1
DA:27,8
DA:31,24
DA:98,1
LF:18
LH:18
BRDA:70,0,0,8
BRDA:70,0,1,8
BRF:2
BRH:2
end_of_record
TN:
SF:src/components/organisms/JobCard/index.tsx
FN:36,(anonymous_1)
FNF:1
FNH:1
FNDA:1,(anonymous_1)
DA:1,1
DA:2,1
DA:3,1
DA:4,1
DA:5,1
DA:6,1
DA:7,1
DA:9,1
DA:36,1
DA:43,1
DA:44,1
LF:11
LH:11
BRF:0
BRH:0
end_of_record
TN:
SF:src/components/organisms/JobRoutes/index.tsx
FN:41,(anonymous_7)
FN:73,(anonymous_8)
FN:91,(anonymous_9)
FN:108,(anonymous_10)
FN:127,(anonymous_11)
FN:144,(anonymous_12)
FN:153,(anonymous_13)
FNF:7
FNH:7
FNDA:11,(anonymous_7)
FNDA:1,(anonymous_8)
FNDA:1,(anonymous_9)
FNDA:1,(anonymous_10)
FNDA:1,(anonymous_11)
FNDA:2,(anonymous_12)
FNDA:1,(anonymous_13)
DA:1,2
DA:2,2
DA:3,2
DA:4,2
DA:5,2
DA:6,2
DA:7,2
DA:9,2
DA:11,2
DA:12,2
DA:14,2
DA:24,2
DA:25,2
DA:26,2
DA:28,2
DA:41,2
DA:42,11
DA:44,11
DA:45,11
DA:74,1
DA:92,1
DA:109,1
DA:128,1
DA:145,2
DA:154,1
LF:25
LH:25
BRDA:78,0,0,6
BRDA:78,0,1,5
BRDA:114,1,0,3
BRDA:114,1,1,8
BRDA:222,2,0,11
BRDA:222,2,1,6
BRDA:316,3,0,11
BRDA:316,3,1,3
BRF:8
BRH:8
end_of_record
TN:
SF:src/components/organisms/SavedJobCard/index.tsx
FN:26,(anonymous_1)
FNF:1
FNH:1
FNDA:1,(anonymous_1)
DA:1,1
DA:2,1
DA:13,1
DA:14,1
DA:15,1
DA:26,1
DA:34,1
DA:145,1
LF:8
LH:8
BRF:0
BRH:0
end_of_record
TN:
SF:src/components/organisms/detailCard/index.tsx
FN:34,(anonymous_7)
FN:43,(anonymous_8)
FN:46,(anonymous_9)
FN:229,(anonymous_10)
FNF:4
FNH:3
FNDA:5,(anonymous_7)
FNDA:1,(anonymous_8)
FNDA:0,(anonymous_9)
FNDA:1,(anonymous_10)
DA:1,1
DA:2,1
DA:3,1
DA:4,1
DA:5,1
DA:6,1
DA:8,1
DA:9,1
DA:10,1
DA:11,1
DA:12,1
DA:13,1
DA:24,1
DA:34,1
DA:41,5
DA:42,5
DA:43,5
DA:44,1
DA:46,5
DA:47,0
DA:49,5
DA:230,1
DA:250,1
LF:23
LH:22
BRDA:126,0,0,1
BRDA:126,0,1,4
BRDA:148,1,0,4
BRDA:148,1,1,1
BRDA:209,2,0,5
BRDA:209,2,1,4
BRF:6
BRH:6
end_of_record
TN:
SF:src/components/organisms/header/index.tsx
FN:22,TopNavbar
FNF:1
FNH:1
FNDA:2,TopNavbar
DA:1,1
DA:4,1
DA:5,1
DA:6,1
DA:7,1
DA:9,1
DA:11,1
DA:12,1
DA:22,1
DA:25,2
LF:10
LH:10
BRDA:23,0,0,1
BRDA:23,1,0,2
BRF:2
BRH:2
end_of_record
TN:
SF:src/components/organisms/searchbar/index.tsx
FN:24,(anonymous_7)
FN:29,(anonymous_8)
FN:32,(anonymous_9)
FN:35,(anonymous_10)
FN:49,(anonymous_11)
FN:53,(anonymous_12)
FN:62,(anonymous_13)
FN:68,(anonymous_14)
FN:72,(anonymous_15)
FNF:9
FNH:3
FNDA:2,(anonymous_7)
FNDA:0,(anonymous_8)
FNDA:0,(anonymous_9)
FNDA:0,(anonymous_10)
FNDA:0,(anonymous_11)
FNDA:2,(anonymous_12)
FNDA:0,(anonymous_13)
FNDA:2,(anonymous_14)
FNDA:0,(anonymous_15)
DA:1,1
DA:2,1
DA:5,1
DA:6,1
DA:8,1
DA:20,1
DA:22,1
DA:24,1
DA:25,2
DA:26,1
DA:27,1
DA:29,1
DA:30,0
DA:31,0
DA:32,0
DA:34,0
DA:35,0
DA:37,0
DA:39,1
DA:49,0
DA:53,2
DA:62,0
DA:69,2
DA:72,0
DA:80,1
LF:25
LH:16
BRDA:31,0,0,0
BRDA:34,1,0,0
BRDA:49,2,0,0
BRDA:49,2,1,0
BRDA:62,3,0,0
BRDA:62,3,1,0
BRF:6
BRH:0
end_of_record
TN:
SF:src/components/organisms/sidebar/index.tsx
FN:21,TabPanel
FN:48,a11yProps
FN:55,SideNav
FN:58,(anonymous_11)
FNF:4
FNH:3
FNDA:18,TabPanel
FNDA:16,a11yProps
FNDA:2,SideNav
FNDA:0,(anonymous_11)
DA:1,1
DA:2,1
DA:3,1
DA:4,1
DA:5,1
DA:6,1
DA:7,1
DA:8,1
DA:9,1
DA:22,18
DA:24,18
DA:49,16
DA:55,1
DA:56,2
DA:58,2
DA:59,0
DA:62,2
LF:17
LH:16
BRDA:39,0,0,18
BRDA:39,0,1,2
BRF:2
BRH:2
end_of_record
TN:
SF:src/constants/constants.tsx
FNF:0
FNH:0
DA:1,16
DA:2,16
DA:3,16
DA:4,16
DA:5,16
DA:6,16
DA:7,16
DA:8,16
DA:9,16
DA:10,16
DA:11,16
DA:12,16
DA:13,16
DA:14,16
DA:15,16
DA:16,16
DA:17,16
DA:18,16
DA:19,16
DA:20,16
DA:21,16
DA:22,16
DA:23,16
DA:24,16
DA:25,16
DA:26,16
DA:27,16
DA:28,16
DA:29,16
DA:30,16
DA:31,16
DA:32,16
DA:33,16
DA:34,16
DA:35,16
DA:36,16
DA:37,16
DA:38,16
DA:39,16
DA:40,16
DA:41,16
DA:42,16
DA:43,16
DA:44,16
DA:45,16
DA:46,16
DA:47,16
DA:48,16
DA:49,16
DA:50,16
DA:51,16
DA:52,16
DA:53,16
DA:54,16
DA:55,16
DA:57,16
DA:58,16
DA:59,16
DA:60,16
DA:61,16
DA:62,16
DA:63,16
DA:69,16
DA:109,16
DA:129,16
DA:131,16
DA:132,16
DA:135,16
DA:138,16
DA:140,16
DA:142,16
DA:143,16
DA:149,16
DA:151,16
DA:152,16
DA:159,16
DA:160,16
DA:162,16
DA:163,16
DA:170,16
DA:171,16
DA:178,16
DA:179,16
DA:180,16
DA:182,16
DA:183,16
DA:185,16
DA:186,16
DA:187,16
DA:188,16
DA:189,16
DA:190,16
DA:191,16
DA:193,16
DA:204,16
DA:205,16
DA:206,16
DA:207,16
DA:213,16
DA:215,16
DA:220,16
DA:222,16
DA:223,16
DA:229,16
DA:230,16
DA:231,16
DA:232,16
DA:233,16
LF:108
LH:108
BRF:0
BRH:0
end_of_record
TN:
SF:src/theme/customTheme.tsx
FNF:0
FNH:0
DA:1,15
DA:120,15
DA:384,15
LF:3
LH:3
BRF:0
BRH:0
end_of_record
